[  1%] Built target tamp_interfaces__cpp
[ 12%] Built target tamp_interfaces__rosidl_generator_c
[ 12%] Built target ament_cmake_python_copy_tamp_interfaces
[ 23%] Built target tamp_interfaces__rosidl_typesupport_introspection_cpp
[ 34%] Built target tamp_interfaces__rosidl_typesupport_fastrtps_cpp
[ 45%] Built target tamp_interfaces__rosidl_typesupport_introspection_c
[ 56%] Built target tamp_interfaces__rosidl_typesupport_cpp
[ 67%] Built target tamp_interfaces__rosidl_typesupport_c
[ 78%] Built target tamp_interfaces__rosidl_typesupport_fastrtps_c
[ 78%] Built target tamp_interfaces
[ 80%] Built target tamp_interfaces__py
[ 89%] Built target tamp_interfaces__rosidl_generator_py
[ 92%] Built target tamp_interfaces__rosidl_typesupport_fastrtps_c__pyext
[ 98%] Built target tamp_interfaces__rosidl_typesupport_introspection_c__pyext
[100%] Built target tamp_interfaces__rosidl_typesupport_c__pyext
running egg_info
writing tamp_interfaces.egg-info/PKG-INFO
writing dependency_links to tamp_interfaces.egg-info/dependency_links.txt
writing top-level names to tamp_interfaces.egg-info/top_level.txt
reading manifest file 'tamp_interfaces.egg-info/SOURCES.txt'
writing manifest file 'tamp_interfaces.egg-info/SOURCES.txt'
[100%] Built target ament_cmake_python_build_tamp_interfaces_egg
