[0.005s] Invoking command in '/home/home/sdl_cutamp_ws/build/tamp': CMAKE_PREFIX_PATH=${CMAKE_PREFIX_PATH}:/opt/ros/humble /usr/bin/cmake /home/home/sdl_cutamp_ws/src/tamp -DCMAKE_INSTALL_PREFIX=/home/home/sdl_cutamp_ws/install/tamp
[0.026s] -- The C compiler identification is GNU 11.4.0
[0.047s] -- The CXX compiler identification is GNU 11.4.0
[0.050s] -- Detecting C compiler ABI info
[0.074s] -- Detecting C compiler ABI info - done
[0.077s] -- Check for working C compiler: /usr/bin/cc - skipped
[0.078s] -- Detecting C compile features
[0.078s] -- Detecting C compile features - done
[0.079s] -- Detecting CXX compiler ABI info
[0.107s] -- Detecting CXX compiler ABI info - done
[0.110s] -- Check for working CXX compiler: /usr/bin/c++ - skipped
[0.110s] -- Detecting CXX compile features
[0.110s] -- Detecting CXX compile features - done
[0.111s] -- Found ament_cmake: 1.3.12 (/opt/ros/humble/share/ament_cmake/cmake)
[0.172s] -- Found Python3: /usr/bin/python3 (found version "3.10.12") found components: Interpreter 
[0.207s] -- Found rclpy: 3.3.17 (/opt/ros/humble/share/rclpy/cmake)
[0.233s] -- Configuring done
[0.234s] -- Generating done
[0.234s] -- Build files have been written to: /home/home/sdl_cutamp_ws/build/tamp
[0.237s] Invoked command in '/home/home/sdl_cutamp_ws/build/tamp' returned '0': CMAKE_PREFIX_PATH=${CMAKE_PREFIX_PATH}:/opt/ros/humble /usr/bin/cmake /home/home/sdl_cutamp_ws/src/tamp -DCMAKE_INSTALL_PREFIX=/home/home/sdl_cutamp_ws/install/tamp
[0.238s] Invoking command in '/home/home/sdl_cutamp_ws/build/tamp': CMAKE_PREFIX_PATH=${CMAKE_PREFIX_PATH}:/opt/ros/humble /usr/bin/cmake --build /home/home/sdl_cutamp_ws/build/tamp -- -j16 -l16
[0.255s] Invoked command in '/home/home/sdl_cutamp_ws/build/tamp' returned '0': CMAKE_PREFIX_PATH=${CMAKE_PREFIX_PATH}:/opt/ros/humble /usr/bin/cmake --build /home/home/sdl_cutamp_ws/build/tamp -- -j16 -l16
[0.256s] Invoking command in '/home/home/sdl_cutamp_ws/build/tamp': CMAKE_PREFIX_PATH=${CMAKE_PREFIX_PATH}:/opt/ros/humble /usr/bin/cmake --install /home/home/sdl_cutamp_ws/build/tamp
[0.258s] -- Install configuration: ""
[0.258s] -- Installing: /home/home/sdl_cutamp_ws/install/tamp/share/tamp/scripts
[0.258s] -- Installing: /home/home/sdl_cutamp_ws/install/tamp/share/tamp/scripts/client
[0.258s] -- Installing: /home/home/sdl_cutamp_ws/install/tamp/share/tamp/scripts/client/tamp_client.py
[0.258s] -- Installing: /home/home/sdl_cutamp_ws/install/tamp/share/tamp/scripts/server
[0.258s] -- Installing: /home/home/sdl_cutamp_ws/install/tamp/share/tamp/scripts/server/tamp_server.py
[0.258s] -- Installing: /home/home/sdl_cutamp_ws/install/tamp/share/tamp/src
[0.258s] -- Installing: /home/home/sdl_cutamp_ws/install/tamp/share/tamp/src/envs
[0.258s] -- Installing: /home/home/sdl_cutamp_ws/install/tamp/share/tamp/src/envs/pouring.py
[0.258s] -- Installing: /home/home/sdl_cutamp_ws/install/tamp/share/tamp/src/envs/utils.py
[0.258s] -- Installing: /home/home/sdl_cutamp_ws/install/tamp/share/tamp/src/envs/stirring.py
[0.258s] -- Installing: /home/home/sdl_cutamp_ws/install/tamp/lib/tamp/tamp_server.py
[0.258s] -- Installing: /home/home/sdl_cutamp_ws/install/tamp/lib/tamp/tamp_client.py
[0.258s] -- Installing: /home/home/sdl_cutamp_ws/install/tamp/share/ament_index/resource_index/package_run_dependencies/tamp
[0.258s] -- Installing: /home/home/sdl_cutamp_ws/install/tamp/share/ament_index/resource_index/parent_prefix_path/tamp
[0.259s] -- Installing: /home/home/sdl_cutamp_ws/install/tamp/share/tamp/environment/ament_prefix_path.sh
[0.259s] -- Installing: /home/home/sdl_cutamp_ws/install/tamp/share/tamp/environment/ament_prefix_path.dsv
[0.259s] -- Installing: /home/home/sdl_cutamp_ws/install/tamp/share/tamp/environment/path.sh
[0.259s] -- Installing: /home/home/sdl_cutamp_ws/install/tamp/share/tamp/environment/path.dsv
[0.259s] -- Installing: /home/home/sdl_cutamp_ws/install/tamp/share/tamp/local_setup.bash
[0.259s] -- Installing: /home/home/sdl_cutamp_ws/install/tamp/share/tamp/local_setup.sh
[0.259s] -- Installing: /home/home/sdl_cutamp_ws/install/tamp/share/tamp/local_setup.zsh
[0.259s] -- Installing: /home/home/sdl_cutamp_ws/install/tamp/share/tamp/local_setup.dsv
[0.259s] -- Installing: /home/home/sdl_cutamp_ws/install/tamp/share/tamp/package.dsv
[0.259s] -- Installing: /home/home/sdl_cutamp_ws/install/tamp/share/ament_index/resource_index/packages/tamp
[0.259s] -- Installing: /home/home/sdl_cutamp_ws/install/tamp/share/tamp/cmake/tampConfig.cmake
[0.259s] -- Installing: /home/home/sdl_cutamp_ws/install/tamp/share/tamp/cmake/tampConfig-version.cmake
[0.259s] -- Installing: /home/home/sdl_cutamp_ws/install/tamp/share/tamp/package.xml
[0.266s] Invoked command in '/home/home/sdl_cutamp_ws/build/tamp' returned '0': CMAKE_PREFIX_PATH=${CMAKE_PREFIX_PATH}:/opt/ros/humble /usr/bin/cmake --install /home/home/sdl_cutamp_ws/build/tamp
