[0.006s] Invoking command in '/home/home/sdl_cutamp_ws/build/isaacsim': CMAKE_PREFIX_PATH=${CMAKE_PREFIX_PATH}:/opt/ros/humble CONDA_PROMPT_MODIFIER=(cutamp) /usr/bin/cmake --build /home/home/sdl_cutamp_ws/build/isaacsim -- -j16 -l16
[0.021s] Invoked command in '/home/home/sdl_cutamp_ws/build/isaacsim' returned '0': CMAKE_PREFIX_PATH=${CMAKE_PREFIX_PATH}:/opt/ros/humble CONDA_PROMPT_MODIFIER=(cutamp) /usr/bin/cmake --build /home/home/sdl_cutamp_ws/build/isaacsim -- -j16 -l16
[0.024s] Invoking command in '/home/home/sdl_cutamp_ws/build/isaacsim': CMAKE_PREFIX_PATH=${CMAKE_PREFIX_PATH}:/opt/ros/humble CONDA_PROMPT_MODIFIER=(cutamp) /usr/bin/cmake --install /home/home/sdl_cutamp_ws/build/isaacsim
[0.027s] -- Install configuration: ""
[0.027s] -- Up-to-date: /home/home/sdl_cutamp_ws/install/isaacsim/share/isaacsim/scripts
[0.027s] -- Up-to-date: /home/home/sdl_cutamp_ws/install/isaacsim/share/isaacsim/scripts/open_isaacsim_stage.py
[0.027s] -- Up-to-date: /home/home/sdl_cutamp_ws/install/isaacsim/share/isaacsim/scripts/run_isaacsim.py
[0.027s] -- Up-to-date: /home/home/sdl_cutamp_ws/install/isaacsim/share/isaacsim/launch
[0.027s] -- Up-to-date: /home/home/sdl_cutamp_ws/install/isaacsim/share/isaacsim/launch/run_isaacsim.launch.py
[0.027s] -- Up-to-date: /home/home/sdl_cutamp_ws/install/isaacsim/lib/isaacsim/run_isaacsim.py
[0.027s] -- Up-to-date: /home/home/sdl_cutamp_ws/install/isaacsim/lib/isaacsim/open_isaacsim_stage.py
[0.027s] -- Up-to-date: /home/home/sdl_cutamp_ws/install/isaacsim/share/ament_index/resource_index/package_run_dependencies/isaacsim
[0.027s] -- Up-to-date: /home/home/sdl_cutamp_ws/install/isaacsim/share/ament_index/resource_index/parent_prefix_path/isaacsim
[0.027s] -- Up-to-date: /home/home/sdl_cutamp_ws/install/isaacsim/share/isaacsim/environment/ament_prefix_path.sh
[0.027s] -- Up-to-date: /home/home/sdl_cutamp_ws/install/isaacsim/share/isaacsim/environment/ament_prefix_path.dsv
[0.027s] -- Up-to-date: /home/home/sdl_cutamp_ws/install/isaacsim/share/isaacsim/environment/path.sh
[0.027s] -- Up-to-date: /home/home/sdl_cutamp_ws/install/isaacsim/share/isaacsim/environment/path.dsv
[0.027s] -- Up-to-date: /home/home/sdl_cutamp_ws/install/isaacsim/share/isaacsim/local_setup.bash
[0.027s] -- Up-to-date: /home/home/sdl_cutamp_ws/install/isaacsim/share/isaacsim/local_setup.sh
[0.027s] -- Up-to-date: /home/home/sdl_cutamp_ws/install/isaacsim/share/isaacsim/local_setup.zsh
[0.027s] -- Up-to-date: /home/home/sdl_cutamp_ws/install/isaacsim/share/isaacsim/local_setup.dsv
[0.027s] -- Installing: /home/home/sdl_cutamp_ws/install/isaacsim/share/isaacsim/package.dsv
[0.027s] -- Up-to-date: /home/home/sdl_cutamp_ws/install/isaacsim/share/ament_index/resource_index/packages/isaacsim
[0.027s] -- Up-to-date: /home/home/sdl_cutamp_ws/install/isaacsim/share/isaacsim/cmake/isaacsimConfig.cmake
[0.027s] -- Up-to-date: /home/home/sdl_cutamp_ws/install/isaacsim/share/isaacsim/cmake/isaacsimConfig-version.cmake
[0.027s] -- Up-to-date: /home/home/sdl_cutamp_ws/install/isaacsim/share/isaacsim/package.xml
[0.028s] Invoked command in '/home/home/sdl_cutamp_ws/build/isaacsim' returned '0': CMAKE_PREFIX_PATH=${CMAKE_PREFIX_PATH}:/opt/ros/humble CONDA_PROMPT_MODIFIER=(cutamp) /usr/bin/cmake --install /home/home/sdl_cutamp_ws/build/isaacsim
