[0.041s] DEBUG:colcon:Command line arguments: ['/usr/bin/colcon', 'build']
[0.041s] DEBUG:colcon:Parsed command line arguments: Namespace(log_base=None, log_level=None, verb_name='build', build_base='build', install_base='install', merge_install=False, symlink_install=False, test_result_base=None, continue_on_error=False, executor='parallel', parallel_workers=16, event_handlers=None, ignore_user_meta=False, metas=['./colcon.meta'], base_paths=['.'], packages_ignore=None, packages_ignore_regex=None, paths=None, packages_up_to=None, packages_up_to_regex=None, packages_above=None, packages_above_and_dependencies=None, packages_above_depth=None, packages_select_by_dep=None, packages_skip_by_dep=None, packages_skip_up_to=None, packages_select_build_failed=False, packages_skip_build_finished=False, packages_select_test_failures=False, packages_skip_test_passed=False, packages_select=None, packages_skip=None, packages_select_regex=None, packages_skip_regex=None, packages_start=None, packages_end=None, allow_overriding=[], cmake_args=None, cmake_target=None, cmake_target_skip_unavailable=False, cmake_clean_cache=False, cmake_clean_first=False, cmake_force_configure=False, ament_cmake_args=None, catkin_cmake_args=None, catkin_skip_building_tests=False, mixin_files=None, mixin=None, verb_parser=<colcon_mixin.mixin.mixin_argument.MixinArgumentDecorator object at 0x71739e955e40>, verb_extension=<colcon_core.verb.build.BuildVerb object at 0x71739eaca470>, main=<bound method BuildVerb.main of <colcon_core.verb.build.BuildVerb object at 0x71739eaca470>>, mixin_verb=('build',))
[0.103s] Level 1:colcon.colcon_core.package_discovery:discover_packages(colcon_meta) check parameters
[0.103s] Level 1:colcon.colcon_core.package_discovery:discover_packages(recursive) check parameters
[0.103s] Level 1:colcon.colcon_core.package_discovery:discover_packages(ignore) check parameters
[0.103s] Level 1:colcon.colcon_core.package_discovery:discover_packages(path) check parameters
[0.103s] Level 1:colcon.colcon_core.package_discovery:discover_packages(colcon_meta) discover
[0.104s] Level 1:colcon.colcon_core.package_discovery:discover_packages(recursive) discover
[0.104s] INFO:colcon.colcon_core.package_discovery:Crawling recursively for packages in '/home/home/sdl_cutamp_ws'
[0.104s] Level 1:colcon.colcon_core.package_identification:_identify(.) by extensions ['ignore', 'ignore_ament_install']
[0.104s] Level 1:colcon.colcon_core.package_identification:_identify(.) by extension 'ignore'
[0.104s] Level 1:colcon.colcon_core.package_identification:_identify(.) by extension 'ignore_ament_install'
[0.104s] Level 1:colcon.colcon_core.package_identification:_identify(.) by extensions ['colcon_pkg']
[0.104s] Level 1:colcon.colcon_core.package_identification:_identify(.) by extension 'colcon_pkg'
[0.104s] Level 1:colcon.colcon_core.package_identification:_identify(.) by extensions ['colcon_meta']
[0.104s] Level 1:colcon.colcon_core.package_identification:_identify(.) by extension 'colcon_meta'
[0.104s] Level 1:colcon.colcon_core.package_identification:_identify(.) by extensions ['ros']
[0.104s] Level 1:colcon.colcon_core.package_identification:_identify(.) by extension 'ros'
[0.108s] Level 1:colcon.colcon_core.package_identification:_identify(.) by extensions ['cmake', 'python']
[0.108s] Level 1:colcon.colcon_core.package_identification:_identify(.) by extension 'cmake'
[0.108s] Level 1:colcon.colcon_core.package_identification:_identify(.) by extension 'python'
[0.108s] Level 1:colcon.colcon_core.package_identification:_identify(.) by extensions ['python_setup_py']
[0.108s] Level 1:colcon.colcon_core.package_identification:_identify(.) by extension 'python_setup_py'
[0.109s] Level 1:colcon.colcon_core.package_identification:_identify(build) by extensions ['ignore', 'ignore_ament_install']
[0.109s] Level 1:colcon.colcon_core.package_identification:_identify(build) by extension 'ignore'
[0.109s] Level 1:colcon.colcon_core.package_identification:_identify(build) ignored
[0.109s] Level 1:colcon.colcon_core.package_identification:_identify(install) by extensions ['ignore', 'ignore_ament_install']
[0.109s] Level 1:colcon.colcon_core.package_identification:_identify(install) by extension 'ignore'
[0.109s] Level 1:colcon.colcon_core.package_identification:_identify(install) ignored
[0.109s] Level 1:colcon.colcon_core.package_identification:_identify(log) by extensions ['ignore', 'ignore_ament_install']
[0.109s] Level 1:colcon.colcon_core.package_identification:_identify(log) by extension 'ignore'
[0.109s] Level 1:colcon.colcon_core.package_identification:_identify(log) ignored
[0.109s] Level 1:colcon.colcon_core.package_identification:_identify(scripts) by extensions ['ignore', 'ignore_ament_install']
[0.109s] Level 1:colcon.colcon_core.package_identification:_identify(scripts) by extension 'ignore'
[0.109s] Level 1:colcon.colcon_core.package_identification:_identify(scripts) by extension 'ignore_ament_install'
[0.109s] Level 1:colcon.colcon_core.package_identification:_identify(scripts) by extensions ['colcon_pkg']
[0.109s] Level 1:colcon.colcon_core.package_identification:_identify(scripts) by extension 'colcon_pkg'
[0.109s] Level 1:colcon.colcon_core.package_identification:_identify(scripts) by extensions ['colcon_meta']
[0.109s] Level 1:colcon.colcon_core.package_identification:_identify(scripts) by extension 'colcon_meta'
[0.109s] Level 1:colcon.colcon_core.package_identification:_identify(scripts) by extensions ['ros']
[0.109s] Level 1:colcon.colcon_core.package_identification:_identify(scripts) by extension 'ros'
[0.109s] Level 1:colcon.colcon_core.package_identification:_identify(scripts) by extensions ['cmake', 'python']
[0.109s] Level 1:colcon.colcon_core.package_identification:_identify(scripts) by extension 'cmake'
[0.109s] Level 1:colcon.colcon_core.package_identification:_identify(scripts) by extension 'python'
[0.109s] Level 1:colcon.colcon_core.package_identification:_identify(scripts) by extensions ['python_setup_py']
[0.109s] Level 1:colcon.colcon_core.package_identification:_identify(scripts) by extension 'python_setup_py'
[0.109s] Level 1:colcon.colcon_core.package_identification:_identify(scripts/standalone) by extensions ['ignore', 'ignore_ament_install']
[0.109s] Level 1:colcon.colcon_core.package_identification:_identify(scripts/standalone) by extension 'ignore'
[0.109s] Level 1:colcon.colcon_core.package_identification:_identify(scripts/standalone) by extension 'ignore_ament_install'
[0.109s] Level 1:colcon.colcon_core.package_identification:_identify(scripts/standalone) by extensions ['colcon_pkg']
[0.109s] Level 1:colcon.colcon_core.package_identification:_identify(scripts/standalone) by extension 'colcon_pkg'
[0.109s] Level 1:colcon.colcon_core.package_identification:_identify(scripts/standalone) by extensions ['colcon_meta']
[0.109s] Level 1:colcon.colcon_core.package_identification:_identify(scripts/standalone) by extension 'colcon_meta'
[0.109s] Level 1:colcon.colcon_core.package_identification:_identify(scripts/standalone) by extensions ['ros']
[0.109s] Level 1:colcon.colcon_core.package_identification:_identify(scripts/standalone) by extension 'ros'
[0.109s] Level 1:colcon.colcon_core.package_identification:_identify(scripts/standalone) by extensions ['cmake', 'python']
[0.109s] Level 1:colcon.colcon_core.package_identification:_identify(scripts/standalone) by extension 'cmake'
[0.109s] Level 1:colcon.colcon_core.package_identification:_identify(scripts/standalone) by extension 'python'
[0.109s] Level 1:colcon.colcon_core.package_identification:_identify(scripts/standalone) by extensions ['python_setup_py']
[0.109s] Level 1:colcon.colcon_core.package_identification:_identify(scripts/standalone) by extension 'python_setup_py'
[0.109s] Level 1:colcon.colcon_core.package_identification:_identify(scripts/standalone/__pycache__) by extensions ['ignore', 'ignore_ament_install']
[0.109s] Level 1:colcon.colcon_core.package_identification:_identify(scripts/standalone/__pycache__) by extension 'ignore'
[0.109s] Level 1:colcon.colcon_core.package_identification:_identify(scripts/standalone/__pycache__) by extension 'ignore_ament_install'
[0.109s] Level 1:colcon.colcon_core.package_identification:_identify(scripts/standalone/__pycache__) by extensions ['colcon_pkg']
[0.109s] Level 1:colcon.colcon_core.package_identification:_identify(scripts/standalone/__pycache__) by extension 'colcon_pkg'
[0.109s] Level 1:colcon.colcon_core.package_identification:_identify(scripts/standalone/__pycache__) by extensions ['colcon_meta']
[0.109s] Level 1:colcon.colcon_core.package_identification:_identify(scripts/standalone/__pycache__) by extension 'colcon_meta'
[0.109s] Level 1:colcon.colcon_core.package_identification:_identify(scripts/standalone/__pycache__) by extensions ['ros']
[0.109s] Level 1:colcon.colcon_core.package_identification:_identify(scripts/standalone/__pycache__) by extension 'ros'
[0.109s] Level 1:colcon.colcon_core.package_identification:_identify(scripts/standalone/__pycache__) by extensions ['cmake', 'python']
[0.109s] Level 1:colcon.colcon_core.package_identification:_identify(scripts/standalone/__pycache__) by extension 'cmake'
[0.109s] Level 1:colcon.colcon_core.package_identification:_identify(scripts/standalone/__pycache__) by extension 'python'
[0.109s] Level 1:colcon.colcon_core.package_identification:_identify(scripts/standalone/__pycache__) by extensions ['python_setup_py']
[0.109s] Level 1:colcon.colcon_core.package_identification:_identify(scripts/standalone/__pycache__) by extension 'python_setup_py'
[0.109s] Level 1:colcon.colcon_core.package_identification:_identify(src) by extensions ['ignore', 'ignore_ament_install']
[0.109s] Level 1:colcon.colcon_core.package_identification:_identify(src) by extension 'ignore'
[0.109s] Level 1:colcon.colcon_core.package_identification:_identify(src) by extension 'ignore_ament_install'
[0.109s] Level 1:colcon.colcon_core.package_identification:_identify(src) by extensions ['colcon_pkg']
[0.109s] Level 1:colcon.colcon_core.package_identification:_identify(src) by extension 'colcon_pkg'
[0.109s] Level 1:colcon.colcon_core.package_identification:_identify(src) by extensions ['colcon_meta']
[0.109s] Level 1:colcon.colcon_core.package_identification:_identify(src) by extension 'colcon_meta'
[0.109s] Level 1:colcon.colcon_core.package_identification:_identify(src) by extensions ['ros']
[0.109s] Level 1:colcon.colcon_core.package_identification:_identify(src) by extension 'ros'
[0.109s] Level 1:colcon.colcon_core.package_identification:_identify(src) by extensions ['cmake', 'python']
[0.110s] Level 1:colcon.colcon_core.package_identification:_identify(src) by extension 'cmake'
[0.110s] Level 1:colcon.colcon_core.package_identification:_identify(src) by extension 'python'
[0.110s] Level 1:colcon.colcon_core.package_identification:_identify(src) by extensions ['python_setup_py']
[0.110s] Level 1:colcon.colcon_core.package_identification:_identify(src) by extension 'python_setup_py'
[0.110s] Level 1:colcon.colcon_core.package_identification:_identify(src/cuTAMP) by extensions ['ignore', 'ignore_ament_install']
[0.110s] Level 1:colcon.colcon_core.package_identification:_identify(src/cuTAMP) by extension 'ignore'
[0.110s] Level 1:colcon.colcon_core.package_identification:_identify(src/cuTAMP) by extension 'ignore_ament_install'
[0.110s] Level 1:colcon.colcon_core.package_identification:_identify(src/cuTAMP) by extensions ['colcon_pkg']
[0.110s] Level 1:colcon.colcon_core.package_identification:_identify(src/cuTAMP) by extension 'colcon_pkg'
[0.110s] Level 1:colcon.colcon_core.package_identification:_identify(src/cuTAMP) by extensions ['colcon_meta']
[0.110s] Level 1:colcon.colcon_core.package_identification:_identify(src/cuTAMP) by extension 'colcon_meta'
[0.110s] Level 1:colcon.colcon_core.package_identification:_identify(src/cuTAMP) by extensions ['ros']
[0.110s] Level 1:colcon.colcon_core.package_identification:_identify(src/cuTAMP) by extension 'ros'
[0.110s] Level 1:colcon.colcon_core.package_identification:_identify(src/cuTAMP) ignored
[0.110s] Level 1:colcon.colcon_core.package_identification:_identify(src/isaacsim) by extensions ['ignore', 'ignore_ament_install']
[0.110s] Level 1:colcon.colcon_core.package_identification:_identify(src/isaacsim) by extension 'ignore'
[0.110s] Level 1:colcon.colcon_core.package_identification:_identify(src/isaacsim) by extension 'ignore_ament_install'
[0.110s] Level 1:colcon.colcon_core.package_identification:_identify(src/isaacsim) by extensions ['colcon_pkg']
[0.110s] Level 1:colcon.colcon_core.package_identification:_identify(src/isaacsim) by extension 'colcon_pkg'
[0.110s] Level 1:colcon.colcon_core.package_identification:_identify(src/isaacsim) by extensions ['colcon_meta']
[0.110s] Level 1:colcon.colcon_core.package_identification:_identify(src/isaacsim) by extension 'colcon_meta'
[0.110s] Level 1:colcon.colcon_core.package_identification:_identify(src/isaacsim) by extensions ['ros']
[0.110s] Level 1:colcon.colcon_core.package_identification:_identify(src/isaacsim) by extension 'ros'
[0.111s] DEBUG:colcon.colcon_core.package_identification:Package 'src/isaacsim' with type 'ros.ament_cmake' and name 'isaacsim'
[0.111s] Level 1:colcon.colcon_core.package_identification:_identify(src/tamp) by extensions ['ignore', 'ignore_ament_install']
[0.111s] Level 1:colcon.colcon_core.package_identification:_identify(src/tamp) by extension 'ignore'
[0.111s] Level 1:colcon.colcon_core.package_identification:_identify(src/tamp) by extension 'ignore_ament_install'
[0.111s] Level 1:colcon.colcon_core.package_identification:_identify(src/tamp) by extensions ['colcon_pkg']
[0.111s] Level 1:colcon.colcon_core.package_identification:_identify(src/tamp) by extension 'colcon_pkg'
[0.111s] Level 1:colcon.colcon_core.package_identification:_identify(src/tamp) by extensions ['colcon_meta']
[0.111s] Level 1:colcon.colcon_core.package_identification:_identify(src/tamp) by extension 'colcon_meta'
[0.111s] Level 1:colcon.colcon_core.package_identification:_identify(src/tamp) by extensions ['ros']
[0.111s] Level 1:colcon.colcon_core.package_identification:_identify(src/tamp) by extension 'ros'
[0.111s] DEBUG:colcon.colcon_core.package_identification:Package 'src/tamp' with type 'ros.ament_cmake' and name 'tamp'
[0.111s] Level 1:colcon.colcon_core.package_identification:_identify(src/tamp_interfaces) by extensions ['ignore', 'ignore_ament_install']
[0.111s] Level 1:colcon.colcon_core.package_identification:_identify(src/tamp_interfaces) by extension 'ignore'
[0.111s] Level 1:colcon.colcon_core.package_identification:_identify(src/tamp_interfaces) by extension 'ignore_ament_install'
[0.111s] Level 1:colcon.colcon_core.package_identification:_identify(src/tamp_interfaces) by extensions ['colcon_pkg']
[0.111s] Level 1:colcon.colcon_core.package_identification:_identify(src/tamp_interfaces) by extension 'colcon_pkg'
[0.111s] Level 1:colcon.colcon_core.package_identification:_identify(src/tamp_interfaces) by extensions ['colcon_meta']
[0.111s] Level 1:colcon.colcon_core.package_identification:_identify(src/tamp_interfaces) by extension 'colcon_meta'
[0.111s] Level 1:colcon.colcon_core.package_identification:_identify(src/tamp_interfaces) by extensions ['ros']
[0.112s] Level 1:colcon.colcon_core.package_identification:_identify(src/tamp_interfaces) by extension 'ros'
[0.112s] DEBUG:colcon.colcon_core.package_identification:Package 'src/tamp_interfaces' with type 'ros.ament_cmake' and name 'tamp_interfaces'
[0.112s] Level 1:colcon.colcon_core.package_discovery:discover_packages(recursive) using defaults
[0.112s] Level 1:colcon.colcon_core.package_discovery:discover_packages(ignore) discover
[0.112s] Level 1:colcon.colcon_core.package_discovery:discover_packages(ignore) using defaults
[0.112s] Level 1:colcon.colcon_core.package_discovery:discover_packages(path) discover
[0.112s] Level 1:colcon.colcon_core.package_discovery:discover_packages(path) using defaults
[0.125s] Level 1:colcon.colcon_core.package_discovery:discover_packages(prefix_path) check parameters
[0.125s] Level 1:colcon.colcon_core.package_discovery:discover_packages(prefix_path) discover
[0.125s] WARNING:colcon.colcon_ros.prefix_path.ament:The path '/home/home/sdl_cutamp_ws/install/tamp_interfaces' in the environment variable AMENT_PREFIX_PATH doesn't exist
[0.125s] WARNING:colcon.colcon_ros.prefix_path.ament:The path '/home/home/sdl_cutamp_ws/install/tamp' in the environment variable AMENT_PREFIX_PATH doesn't exist
[0.125s] WARNING:colcon.colcon_ros.prefix_path.ament:The path '/home/home/sdl_cutamp_ws/install/isaacsim' in the environment variable AMENT_PREFIX_PATH doesn't exist
[0.125s] WARNING:colcon.colcon_ros.prefix_path.catkin:The path '/home/home/sdl_cutamp_ws/install/tamp_interfaces' in the environment variable CMAKE_PREFIX_PATH doesn't exist
[0.125s] WARNING:colcon.colcon_ros.prefix_path.catkin:The path '/home/home/sdl_cutamp_ws/install/tamp' in the environment variable CMAKE_PREFIX_PATH doesn't exist
[0.125s] WARNING:colcon.colcon_ros.prefix_path.catkin:The path '/home/home/sdl_cutamp_ws/install/isaacsim' in the environment variable CMAKE_PREFIX_PATH doesn't exist
[0.126s] DEBUG:colcon.colcon_installed_package_information.package_discovery:Found 0 installed packages in /home/home/sdl_cutamp_ws/install
[0.126s] DEBUG:colcon.colcon_installed_package_information.package_discovery:Found 362 installed packages in /opt/ros/humble
[0.127s] Level 1:colcon.colcon_core.package_discovery:discover_packages(prefix_path) using defaults
[0.143s] Level 5:colcon.colcon_core.verb:set package 'isaacsim' build argument 'cmake_args' from command line to 'None'
[0.143s] Level 5:colcon.colcon_core.verb:set package 'isaacsim' build argument 'cmake_target' from command line to 'None'
[0.143s] Level 5:colcon.colcon_core.verb:set package 'isaacsim' build argument 'cmake_target_skip_unavailable' from command line to 'False'
[0.143s] Level 5:colcon.colcon_core.verb:set package 'isaacsim' build argument 'cmake_clean_cache' from command line to 'False'
[0.143s] Level 5:colcon.colcon_core.verb:set package 'isaacsim' build argument 'cmake_clean_first' from command line to 'False'
[0.143s] Level 5:colcon.colcon_core.verb:set package 'isaacsim' build argument 'cmake_force_configure' from command line to 'False'
[0.143s] Level 5:colcon.colcon_core.verb:set package 'isaacsim' build argument 'ament_cmake_args' from command line to 'None'
[0.143s] Level 5:colcon.colcon_core.verb:set package 'isaacsim' build argument 'catkin_cmake_args' from command line to 'None'
[0.143s] Level 5:colcon.colcon_core.verb:set package 'isaacsim' build argument 'catkin_skip_building_tests' from command line to 'False'
[0.143s] DEBUG:colcon.colcon_core.verb:Building package 'isaacsim' with the following arguments: {'ament_cmake_args': None, 'build_base': '/home/home/sdl_cutamp_ws/build/isaacsim', 'catkin_cmake_args': None, 'catkin_skip_building_tests': False, 'cmake_args': None, 'cmake_clean_cache': False, 'cmake_clean_first': False, 'cmake_force_configure': False, 'cmake_target': None, 'cmake_target_skip_unavailable': False, 'install_base': '/home/home/sdl_cutamp_ws/install/isaacsim', 'merge_install': False, 'path': '/home/home/sdl_cutamp_ws/src/isaacsim', 'symlink_install': False, 'test_result_base': None}
[0.143s] Level 5:colcon.colcon_core.verb:set package 'tamp' build argument 'cmake_args' from command line to 'None'
[0.143s] Level 5:colcon.colcon_core.verb:set package 'tamp' build argument 'cmake_target' from command line to 'None'
[0.143s] Level 5:colcon.colcon_core.verb:set package 'tamp' build argument 'cmake_target_skip_unavailable' from command line to 'False'
[0.143s] Level 5:colcon.colcon_core.verb:set package 'tamp' build argument 'cmake_clean_cache' from command line to 'False'
[0.143s] Level 5:colcon.colcon_core.verb:set package 'tamp' build argument 'cmake_clean_first' from command line to 'False'
[0.143s] Level 5:colcon.colcon_core.verb:set package 'tamp' build argument 'cmake_force_configure' from command line to 'False'
[0.143s] Level 5:colcon.colcon_core.verb:set package 'tamp' build argument 'ament_cmake_args' from command line to 'None'
[0.143s] Level 5:colcon.colcon_core.verb:set package 'tamp' build argument 'catkin_cmake_args' from command line to 'None'
[0.143s] Level 5:colcon.colcon_core.verb:set package 'tamp' build argument 'catkin_skip_building_tests' from command line to 'False'
[0.143s] DEBUG:colcon.colcon_core.verb:Building package 'tamp' with the following arguments: {'ament_cmake_args': None, 'build_base': '/home/home/sdl_cutamp_ws/build/tamp', 'catkin_cmake_args': None, 'catkin_skip_building_tests': False, 'cmake_args': None, 'cmake_clean_cache': False, 'cmake_clean_first': False, 'cmake_force_configure': False, 'cmake_target': None, 'cmake_target_skip_unavailable': False, 'install_base': '/home/home/sdl_cutamp_ws/install/tamp', 'merge_install': False, 'path': '/home/home/sdl_cutamp_ws/src/tamp', 'symlink_install': False, 'test_result_base': None}
[0.144s] Level 5:colcon.colcon_core.verb:set package 'tamp_interfaces' build argument 'cmake_args' from command line to 'None'
[0.144s] Level 5:colcon.colcon_core.verb:set package 'tamp_interfaces' build argument 'cmake_target' from command line to 'None'
[0.144s] Level 5:colcon.colcon_core.verb:set package 'tamp_interfaces' build argument 'cmake_target_skip_unavailable' from command line to 'False'
[0.144s] Level 5:colcon.colcon_core.verb:set package 'tamp_interfaces' build argument 'cmake_clean_cache' from command line to 'False'
[0.144s] Level 5:colcon.colcon_core.verb:set package 'tamp_interfaces' build argument 'cmake_clean_first' from command line to 'False'
[0.144s] Level 5:colcon.colcon_core.verb:set package 'tamp_interfaces' build argument 'cmake_force_configure' from command line to 'False'
[0.144s] Level 5:colcon.colcon_core.verb:set package 'tamp_interfaces' build argument 'ament_cmake_args' from command line to 'None'
[0.144s] Level 5:colcon.colcon_core.verb:set package 'tamp_interfaces' build argument 'catkin_cmake_args' from command line to 'None'
[0.144s] Level 5:colcon.colcon_core.verb:set package 'tamp_interfaces' build argument 'catkin_skip_building_tests' from command line to 'False'
[0.144s] DEBUG:colcon.colcon_core.verb:Building package 'tamp_interfaces' with the following arguments: {'ament_cmake_args': None, 'build_base': '/home/home/sdl_cutamp_ws/build/tamp_interfaces', 'catkin_cmake_args': None, 'catkin_skip_building_tests': False, 'cmake_args': None, 'cmake_clean_cache': False, 'cmake_clean_first': False, 'cmake_force_configure': False, 'cmake_target': None, 'cmake_target_skip_unavailable': False, 'install_base': '/home/home/sdl_cutamp_ws/install/tamp_interfaces', 'merge_install': False, 'path': '/home/home/sdl_cutamp_ws/src/tamp_interfaces', 'symlink_install': False, 'test_result_base': None}
[0.144s] INFO:colcon.colcon_core.executor:Executing jobs using 'parallel' executor
[0.144s] DEBUG:colcon.colcon_parallel_executor.executor.parallel:run_until_complete
[0.144s] INFO:colcon.colcon_ros.task.ament_cmake.build:Building ROS package in '/home/home/sdl_cutamp_ws/src/isaacsim' with build type 'ament_cmake'
[0.144s] INFO:colcon.colcon_cmake.task.cmake.build:Building CMake package in '/home/home/sdl_cutamp_ws/src/isaacsim'
[0.145s] INFO:colcon.colcon_core.plugin_system:Skipping extension 'colcon_core.shell.bat': Not used on non-Windows systems
[0.145s] INFO:colcon.colcon_core.shell:Skip shell extension 'powershell' for command environment: Not usable outside of PowerShell
[0.145s] DEBUG:colcon.colcon_core.shell:Skip shell extension 'dsv' for command environment
[0.147s] INFO:colcon.colcon_ros.task.ament_cmake.build:Building ROS package in '/home/home/sdl_cutamp_ws/src/tamp' with build type 'ament_cmake'
[0.147s] INFO:colcon.colcon_cmake.task.cmake.build:Building CMake package in '/home/home/sdl_cutamp_ws/src/tamp'
[0.147s] INFO:colcon.colcon_core.shell:Skip shell extension 'powershell' for command environment: Not usable outside of PowerShell
[0.147s] DEBUG:colcon.colcon_core.shell:Skip shell extension 'dsv' for command environment
[0.148s] INFO:colcon.colcon_ros.task.ament_cmake.build:Building ROS package in '/home/home/sdl_cutamp_ws/src/tamp_interfaces' with build type 'ament_cmake'
[0.148s] INFO:colcon.colcon_cmake.task.cmake.build:Building CMake package in '/home/home/sdl_cutamp_ws/src/tamp_interfaces'
[0.148s] INFO:colcon.colcon_core.shell:Skip shell extension 'powershell' for command environment: Not usable outside of PowerShell
[0.148s] DEBUG:colcon.colcon_core.shell:Skip shell extension 'dsv' for command environment
[0.150s] DEBUG:colcon.colcon_core.event_handler.log_command:Invoking command in '/home/home/sdl_cutamp_ws/build/isaacsim': CMAKE_PREFIX_PATH=${CMAKE_PREFIX_PATH}:/opt/ros/humble /usr/bin/cmake /home/home/sdl_cutamp_ws/src/isaacsim -DCMAKE_INSTALL_PREFIX=/home/home/sdl_cutamp_ws/install/isaacsim
[0.151s] DEBUG:colcon.colcon_core.event_handler.log_command:Invoking command in '/home/home/sdl_cutamp_ws/build/tamp': CMAKE_PREFIX_PATH=${CMAKE_PREFIX_PATH}:/opt/ros/humble /usr/bin/cmake /home/home/sdl_cutamp_ws/src/tamp -DCMAKE_INSTALL_PREFIX=/home/home/sdl_cutamp_ws/install/tamp
[0.153s] DEBUG:colcon.colcon_core.event_handler.log_command:Invoking command in '/home/home/sdl_cutamp_ws/build/tamp_interfaces': CMAKE_PREFIX_PATH=${CMAKE_PREFIX_PATH}:/opt/ros/humble /usr/bin/cmake /home/home/sdl_cutamp_ws/src/tamp_interfaces -DCMAKE_INSTALL_PREFIX=/home/home/sdl_cutamp_ws/install/tamp_interfaces
[0.383s] DEBUG:colcon.colcon_core.event_handler.log_command:Invoked command in '/home/home/sdl_cutamp_ws/build/tamp' returned '0': CMAKE_PREFIX_PATH=${CMAKE_PREFIX_PATH}:/opt/ros/humble /usr/bin/cmake /home/home/sdl_cutamp_ws/src/tamp -DCMAKE_INSTALL_PREFIX=/home/home/sdl_cutamp_ws/install/tamp
[0.384s] DEBUG:colcon.colcon_core.event_handler.log_command:Invoking command in '/home/home/sdl_cutamp_ws/build/tamp': CMAKE_PREFIX_PATH=${CMAKE_PREFIX_PATH}:/opt/ros/humble /usr/bin/cmake --build /home/home/sdl_cutamp_ws/build/tamp -- -j16 -l16
[0.385s] DEBUG:colcon.colcon_core.event_handler.log_command:Invoked command in '/home/home/sdl_cutamp_ws/build/isaacsim' returned '0': CMAKE_PREFIX_PATH=${CMAKE_PREFIX_PATH}:/opt/ros/humble /usr/bin/cmake /home/home/sdl_cutamp_ws/src/isaacsim -DCMAKE_INSTALL_PREFIX=/home/home/sdl_cutamp_ws/install/isaacsim
[0.385s] DEBUG:colcon.colcon_core.event_handler.log_command:Invoking command in '/home/home/sdl_cutamp_ws/build/isaacsim': CMAKE_PREFIX_PATH=${CMAKE_PREFIX_PATH}:/opt/ros/humble /usr/bin/cmake --build /home/home/sdl_cutamp_ws/build/isaacsim -- -j16 -l16
[0.398s] DEBUG:colcon.colcon_core.event_handler.log_command:Invoked command in '/home/home/sdl_cutamp_ws/build/isaacsim' returned '0': CMAKE_PREFIX_PATH=${CMAKE_PREFIX_PATH}:/opt/ros/humble /usr/bin/cmake --build /home/home/sdl_cutamp_ws/build/isaacsim -- -j16 -l16
[0.401s] DEBUG:colcon.colcon_core.event_handler.log_command:Invoking command in '/home/home/sdl_cutamp_ws/build/isaacsim': CMAKE_PREFIX_PATH=${CMAKE_PREFIX_PATH}:/opt/ros/humble /usr/bin/cmake --install /home/home/sdl_cutamp_ws/build/isaacsim
[0.402s] DEBUG:colcon.colcon_core.event_handler.log_command:Invoked command in '/home/home/sdl_cutamp_ws/build/tamp' returned '0': CMAKE_PREFIX_PATH=${CMAKE_PREFIX_PATH}:/opt/ros/humble /usr/bin/cmake --build /home/home/sdl_cutamp_ws/build/tamp -- -j16 -l16
[0.402s] DEBUG:colcon.colcon_core.event_handler.log_command:Invoking command in '/home/home/sdl_cutamp_ws/build/tamp': CMAKE_PREFIX_PATH=${CMAKE_PREFIX_PATH}:/opt/ros/humble /usr/bin/cmake --install /home/home/sdl_cutamp_ws/build/tamp
[0.405s] Level 1:colcon.colcon_core.environment:create_environment_scripts_only(isaacsim)
[0.406s] DEBUG:colcon.colcon_core.event_handler.log_command:Invoked command in '/home/home/sdl_cutamp_ws/build/isaacsim' returned '0': CMAKE_PREFIX_PATH=${CMAKE_PREFIX_PATH}:/opt/ros/humble /usr/bin/cmake --install /home/home/sdl_cutamp_ws/build/isaacsim
[0.407s] Level 1:colcon.colcon_core.environment:checking '/home/home/sdl_cutamp_ws/install/isaacsim' for CMake module files
[0.407s] Level 1:colcon.colcon_core.environment:checking '/home/home/sdl_cutamp_ws/install/isaacsim' for CMake config files
[0.407s] Level 1:colcon.colcon_core.shell:create_environment_hook('isaacsim', 'cmake_prefix_path')
[0.407s] INFO:colcon.colcon_core.shell:Creating environment hook '/home/home/sdl_cutamp_ws/install/isaacsim/share/isaacsim/hook/cmake_prefix_path.ps1'
[0.407s] INFO:colcon.colcon_core.shell:Creating environment descriptor '/home/home/sdl_cutamp_ws/install/isaacsim/share/isaacsim/hook/cmake_prefix_path.dsv'
[0.408s] INFO:colcon.colcon_core.shell:Creating environment hook '/home/home/sdl_cutamp_ws/install/isaacsim/share/isaacsim/hook/cmake_prefix_path.sh'
[0.408s] Level 1:colcon.colcon_core.environment:checking '/home/home/sdl_cutamp_ws/install/isaacsim/lib'
[0.408s] Level 1:colcon.colcon_core.environment:checking '/home/home/sdl_cutamp_ws/install/isaacsim/bin'
[0.408s] Level 1:colcon.colcon_core.environment:checking '/home/home/sdl_cutamp_ws/install/isaacsim/lib/pkgconfig/isaacsim.pc'
[0.408s] Level 1:colcon.colcon_core.environment:checking '/home/home/sdl_cutamp_ws/install/isaacsim/lib/python3.10/site-packages'
[0.408s] Level 1:colcon.colcon_core.environment:checking '/home/home/sdl_cutamp_ws/install/isaacsim/bin'
[0.408s] INFO:colcon.colcon_core.shell:Creating package script '/home/home/sdl_cutamp_ws/install/isaacsim/share/isaacsim/package.ps1'
[0.409s] INFO:colcon.colcon_core.shell:Creating package descriptor '/home/home/sdl_cutamp_ws/install/isaacsim/share/isaacsim/package.dsv'
[0.409s] INFO:colcon.colcon_core.shell:Creating package script '/home/home/sdl_cutamp_ws/install/isaacsim/share/isaacsim/package.sh'
[0.409s] INFO:colcon.colcon_core.shell:Creating package script '/home/home/sdl_cutamp_ws/install/isaacsim/share/isaacsim/package.bash'
[0.409s] INFO:colcon.colcon_core.shell:Creating package script '/home/home/sdl_cutamp_ws/install/isaacsim/share/isaacsim/package.zsh'
[0.410s] Level 1:colcon.colcon_core.environment:create_file_with_runtime_dependencies(/home/home/sdl_cutamp_ws/install/isaacsim/share/colcon-core/packages/isaacsim)
[0.410s] Level 1:colcon.colcon_core.environment:create_environment_scripts_only(isaacsim)
[0.410s] Level 1:colcon.colcon_core.environment:checking '/home/home/sdl_cutamp_ws/install/isaacsim' for CMake module files
[0.410s] Level 1:colcon.colcon_core.environment:checking '/home/home/sdl_cutamp_ws/install/isaacsim' for CMake config files
[0.410s] Level 1:colcon.colcon_core.shell:create_environment_hook('isaacsim', 'cmake_prefix_path')
[0.410s] INFO:colcon.colcon_core.shell:Creating environment hook '/home/home/sdl_cutamp_ws/install/isaacsim/share/isaacsim/hook/cmake_prefix_path.ps1'
[0.410s] INFO:colcon.colcon_core.shell:Creating environment descriptor '/home/home/sdl_cutamp_ws/install/isaacsim/share/isaacsim/hook/cmake_prefix_path.dsv'
[0.411s] INFO:colcon.colcon_core.shell:Creating environment hook '/home/home/sdl_cutamp_ws/install/isaacsim/share/isaacsim/hook/cmake_prefix_path.sh'
[0.411s] Level 1:colcon.colcon_core.environment:checking '/home/home/sdl_cutamp_ws/install/isaacsim/lib'
[0.411s] Level 1:colcon.colcon_core.environment:checking '/home/home/sdl_cutamp_ws/install/isaacsim/bin'
[0.411s] Level 1:colcon.colcon_core.environment:checking '/home/home/sdl_cutamp_ws/install/isaacsim/lib/pkgconfig/isaacsim.pc'
[0.411s] Level 1:colcon.colcon_core.environment:checking '/home/home/sdl_cutamp_ws/install/isaacsim/lib/python3.10/site-packages'
[0.411s] Level 1:colcon.colcon_core.environment:checking '/home/home/sdl_cutamp_ws/install/isaacsim/bin'
[0.411s] INFO:colcon.colcon_core.shell:Creating package script '/home/home/sdl_cutamp_ws/install/isaacsim/share/isaacsim/package.ps1'
[0.411s] INFO:colcon.colcon_core.shell:Creating package descriptor '/home/home/sdl_cutamp_ws/install/isaacsim/share/isaacsim/package.dsv'
[0.411s] INFO:colcon.colcon_core.shell:Creating package script '/home/home/sdl_cutamp_ws/install/isaacsim/share/isaacsim/package.sh'
[0.412s] INFO:colcon.colcon_core.shell:Creating package script '/home/home/sdl_cutamp_ws/install/isaacsim/share/isaacsim/package.bash'
[0.412s] INFO:colcon.colcon_core.shell:Creating package script '/home/home/sdl_cutamp_ws/install/isaacsim/share/isaacsim/package.zsh'
[0.412s] Level 1:colcon.colcon_core.environment:create_file_with_runtime_dependencies(/home/home/sdl_cutamp_ws/install/isaacsim/share/colcon-core/packages/isaacsim)
[0.412s] Level 1:colcon.colcon_core.environment:create_environment_scripts_only(tamp)
[0.412s] Level 1:colcon.colcon_core.environment:checking '/home/home/sdl_cutamp_ws/install/tamp' for CMake module files
[0.413s] DEBUG:colcon.colcon_core.event_handler.log_command:Invoked command in '/home/home/sdl_cutamp_ws/build/tamp' returned '0': CMAKE_PREFIX_PATH=${CMAKE_PREFIX_PATH}:/opt/ros/humble /usr/bin/cmake --install /home/home/sdl_cutamp_ws/build/tamp
[0.413s] Level 1:colcon.colcon_core.environment:checking '/home/home/sdl_cutamp_ws/install/tamp' for CMake config files
[0.413s] Level 1:colcon.colcon_core.shell:create_environment_hook('tamp', 'cmake_prefix_path')
[0.413s] INFO:colcon.colcon_core.shell:Creating environment hook '/home/home/sdl_cutamp_ws/install/tamp/share/tamp/hook/cmake_prefix_path.ps1'
[0.413s] INFO:colcon.colcon_core.shell:Creating environment descriptor '/home/home/sdl_cutamp_ws/install/tamp/share/tamp/hook/cmake_prefix_path.dsv'
[0.413s] INFO:colcon.colcon_core.shell:Creating environment hook '/home/home/sdl_cutamp_ws/install/tamp/share/tamp/hook/cmake_prefix_path.sh'
[0.413s] Level 1:colcon.colcon_core.environment:checking '/home/home/sdl_cutamp_ws/install/tamp/lib'
[0.413s] Level 1:colcon.colcon_core.environment:checking '/home/home/sdl_cutamp_ws/install/tamp/bin'
[0.413s] Level 1:colcon.colcon_core.environment:checking '/home/home/sdl_cutamp_ws/install/tamp/lib/pkgconfig/tamp.pc'
[0.413s] Level 1:colcon.colcon_core.environment:checking '/home/home/sdl_cutamp_ws/install/tamp/lib/python3.10/site-packages'
[0.414s] Level 1:colcon.colcon_core.environment:checking '/home/home/sdl_cutamp_ws/install/tamp/bin'
[0.414s] INFO:colcon.colcon_core.shell:Creating package script '/home/home/sdl_cutamp_ws/install/tamp/share/tamp/package.ps1'
[0.414s] INFO:colcon.colcon_core.shell:Creating package descriptor '/home/home/sdl_cutamp_ws/install/tamp/share/tamp/package.dsv'
[0.414s] INFO:colcon.colcon_core.shell:Creating package script '/home/home/sdl_cutamp_ws/install/tamp/share/tamp/package.sh'
[0.414s] INFO:colcon.colcon_core.shell:Creating package script '/home/home/sdl_cutamp_ws/install/tamp/share/tamp/package.bash'
[0.414s] INFO:colcon.colcon_core.shell:Creating package script '/home/home/sdl_cutamp_ws/install/tamp/share/tamp/package.zsh'
[0.414s] Level 1:colcon.colcon_core.environment:create_file_with_runtime_dependencies(/home/home/sdl_cutamp_ws/install/tamp/share/colcon-core/packages/tamp)
[0.415s] Level 1:colcon.colcon_core.environment:create_environment_scripts_only(tamp)
[0.415s] Level 1:colcon.colcon_core.environment:checking '/home/home/sdl_cutamp_ws/install/tamp' for CMake module files
[0.415s] Level 1:colcon.colcon_core.environment:checking '/home/home/sdl_cutamp_ws/install/tamp' for CMake config files
[0.415s] Level 1:colcon.colcon_core.shell:create_environment_hook('tamp', 'cmake_prefix_path')
[0.415s] INFO:colcon.colcon_core.shell:Creating environment hook '/home/home/sdl_cutamp_ws/install/tamp/share/tamp/hook/cmake_prefix_path.ps1'
[0.415s] INFO:colcon.colcon_core.shell:Creating environment descriptor '/home/home/sdl_cutamp_ws/install/tamp/share/tamp/hook/cmake_prefix_path.dsv'
[0.415s] INFO:colcon.colcon_core.shell:Creating environment hook '/home/home/sdl_cutamp_ws/install/tamp/share/tamp/hook/cmake_prefix_path.sh'
[0.415s] Level 1:colcon.colcon_core.environment:checking '/home/home/sdl_cutamp_ws/install/tamp/lib'
[0.416s] Level 1:colcon.colcon_core.environment:checking '/home/home/sdl_cutamp_ws/install/tamp/bin'
[0.416s] Level 1:colcon.colcon_core.environment:checking '/home/home/sdl_cutamp_ws/install/tamp/lib/pkgconfig/tamp.pc'
[0.416s] Level 1:colcon.colcon_core.environment:checking '/home/home/sdl_cutamp_ws/install/tamp/lib/python3.10/site-packages'
[0.416s] Level 1:colcon.colcon_core.environment:checking '/home/home/sdl_cutamp_ws/install/tamp/bin'
[0.416s] INFO:colcon.colcon_core.shell:Creating package script '/home/home/sdl_cutamp_ws/install/tamp/share/tamp/package.ps1'
[0.416s] INFO:colcon.colcon_core.shell:Creating package descriptor '/home/home/sdl_cutamp_ws/install/tamp/share/tamp/package.dsv'
[0.416s] INFO:colcon.colcon_core.shell:Creating package script '/home/home/sdl_cutamp_ws/install/tamp/share/tamp/package.sh'
[0.416s] INFO:colcon.colcon_core.shell:Creating package script '/home/home/sdl_cutamp_ws/install/tamp/share/tamp/package.bash'
[0.416s] INFO:colcon.colcon_core.shell:Creating package script '/home/home/sdl_cutamp_ws/install/tamp/share/tamp/package.zsh'
[0.417s] Level 1:colcon.colcon_core.environment:create_file_with_runtime_dependencies(/home/home/sdl_cutamp_ws/install/tamp/share/colcon-core/packages/tamp)
[0.861s] DEBUG:colcon.colcon_core.event_handler.log_command:Invoked command in '/home/home/sdl_cutamp_ws/build/tamp_interfaces' returned '0': CMAKE_PREFIX_PATH=${CMAKE_PREFIX_PATH}:/opt/ros/humble /usr/bin/cmake /home/home/sdl_cutamp_ws/src/tamp_interfaces -DCMAKE_INSTALL_PREFIX=/home/home/sdl_cutamp_ws/install/tamp_interfaces
[0.862s] DEBUG:colcon.colcon_core.event_handler.log_command:Invoking command in '/home/home/sdl_cutamp_ws/build/tamp_interfaces': CMAKE_PREFIX_PATH=${CMAKE_PREFIX_PATH}:/opt/ros/humble /usr/bin/cmake --build /home/home/sdl_cutamp_ws/build/tamp_interfaces -- -j16 -l16
[2.079s] DEBUG:colcon.colcon_core.event_handler.log_command:Invoked command in '/home/home/sdl_cutamp_ws/build/tamp_interfaces' returned '0': CMAKE_PREFIX_PATH=${CMAKE_PREFIX_PATH}:/opt/ros/humble /usr/bin/cmake --build /home/home/sdl_cutamp_ws/build/tamp_interfaces -- -j16 -l16
[2.080s] DEBUG:colcon.colcon_core.event_handler.log_command:Invoking command in '/home/home/sdl_cutamp_ws/build/tamp_interfaces': CMAKE_PREFIX_PATH=${CMAKE_PREFIX_PATH}:/opt/ros/humble /usr/bin/cmake --install /home/home/sdl_cutamp_ws/build/tamp_interfaces
[2.109s] Level 1:colcon.colcon_core.environment:create_environment_scripts_only(tamp_interfaces)
[2.110s] DEBUG:colcon.colcon_core.event_handler.log_command:Invoked command in '/home/home/sdl_cutamp_ws/build/tamp_interfaces' returned '0': CMAKE_PREFIX_PATH=${CMAKE_PREFIX_PATH}:/opt/ros/humble /usr/bin/cmake --install /home/home/sdl_cutamp_ws/build/tamp_interfaces
[2.110s] Level 1:colcon.colcon_core.environment:checking '/home/home/sdl_cutamp_ws/install/tamp_interfaces' for CMake module files
[2.110s] Level 1:colcon.colcon_core.environment:checking '/home/home/sdl_cutamp_ws/install/tamp_interfaces' for CMake config files
[2.110s] Level 1:colcon.colcon_core.shell:create_environment_hook('tamp_interfaces', 'cmake_prefix_path')
[2.110s] INFO:colcon.colcon_core.shell:Creating environment hook '/home/home/sdl_cutamp_ws/install/tamp_interfaces/share/tamp_interfaces/hook/cmake_prefix_path.ps1'
[2.110s] INFO:colcon.colcon_core.shell:Creating environment descriptor '/home/home/sdl_cutamp_ws/install/tamp_interfaces/share/tamp_interfaces/hook/cmake_prefix_path.dsv'
[2.110s] INFO:colcon.colcon_core.shell:Creating environment hook '/home/home/sdl_cutamp_ws/install/tamp_interfaces/share/tamp_interfaces/hook/cmake_prefix_path.sh'
[2.111s] Level 1:colcon.colcon_core.environment:checking '/home/home/sdl_cutamp_ws/install/tamp_interfaces/lib'
[2.111s] Level 1:colcon.colcon_core.shell:create_environment_hook('tamp_interfaces', 'ld_library_path_lib')
[2.111s] INFO:colcon.colcon_core.shell:Creating environment hook '/home/home/sdl_cutamp_ws/install/tamp_interfaces/share/tamp_interfaces/hook/ld_library_path_lib.ps1'
[2.111s] INFO:colcon.colcon_core.shell:Creating environment descriptor '/home/home/sdl_cutamp_ws/install/tamp_interfaces/share/tamp_interfaces/hook/ld_library_path_lib.dsv'
[2.111s] INFO:colcon.colcon_core.shell:Creating environment hook '/home/home/sdl_cutamp_ws/install/tamp_interfaces/share/tamp_interfaces/hook/ld_library_path_lib.sh'
[2.111s] Level 1:colcon.colcon_core.environment:checking '/home/home/sdl_cutamp_ws/install/tamp_interfaces/bin'
[2.111s] Level 1:colcon.colcon_core.environment:checking '/home/home/sdl_cutamp_ws/install/tamp_interfaces/lib/pkgconfig/tamp_interfaces.pc'
[2.111s] Level 1:colcon.colcon_core.environment:checking '/home/home/sdl_cutamp_ws/install/tamp_interfaces/lib/python3.10/site-packages'
[2.111s] Level 1:colcon.colcon_core.environment:checking '/home/home/sdl_cutamp_ws/install/tamp_interfaces/bin'
[2.111s] INFO:colcon.colcon_core.shell:Creating package script '/home/home/sdl_cutamp_ws/install/tamp_interfaces/share/tamp_interfaces/package.ps1'
[2.112s] INFO:colcon.colcon_core.shell:Creating package descriptor '/home/home/sdl_cutamp_ws/install/tamp_interfaces/share/tamp_interfaces/package.dsv'
[2.112s] INFO:colcon.colcon_core.shell:Creating package script '/home/home/sdl_cutamp_ws/install/tamp_interfaces/share/tamp_interfaces/package.sh'
[2.112s] INFO:colcon.colcon_core.shell:Creating package script '/home/home/sdl_cutamp_ws/install/tamp_interfaces/share/tamp_interfaces/package.bash'
[2.112s] INFO:colcon.colcon_core.shell:Creating package script '/home/home/sdl_cutamp_ws/install/tamp_interfaces/share/tamp_interfaces/package.zsh'
[2.112s] Level 1:colcon.colcon_core.environment:create_file_with_runtime_dependencies(/home/home/sdl_cutamp_ws/install/tamp_interfaces/share/colcon-core/packages/tamp_interfaces)
[2.112s] Level 1:colcon.colcon_core.environment:create_environment_scripts_only(tamp_interfaces)
[2.112s] Level 1:colcon.colcon_core.environment:checking '/home/home/sdl_cutamp_ws/install/tamp_interfaces' for CMake module files
[2.113s] Level 1:colcon.colcon_core.environment:checking '/home/home/sdl_cutamp_ws/install/tamp_interfaces' for CMake config files
[2.113s] Level 1:colcon.colcon_core.shell:create_environment_hook('tamp_interfaces', 'cmake_prefix_path')
[2.113s] INFO:colcon.colcon_core.shell:Creating environment hook '/home/home/sdl_cutamp_ws/install/tamp_interfaces/share/tamp_interfaces/hook/cmake_prefix_path.ps1'
[2.113s] INFO:colcon.colcon_core.shell:Creating environment descriptor '/home/home/sdl_cutamp_ws/install/tamp_interfaces/share/tamp_interfaces/hook/cmake_prefix_path.dsv'
[2.113s] INFO:colcon.colcon_core.shell:Creating environment hook '/home/home/sdl_cutamp_ws/install/tamp_interfaces/share/tamp_interfaces/hook/cmake_prefix_path.sh'
[2.113s] Level 1:colcon.colcon_core.environment:checking '/home/home/sdl_cutamp_ws/install/tamp_interfaces/lib'
[2.113s] Level 1:colcon.colcon_core.shell:create_environment_hook('tamp_interfaces', 'ld_library_path_lib')
[2.113s] INFO:colcon.colcon_core.shell:Creating environment hook '/home/home/sdl_cutamp_ws/install/tamp_interfaces/share/tamp_interfaces/hook/ld_library_path_lib.ps1'
[2.113s] INFO:colcon.colcon_core.shell:Creating environment descriptor '/home/home/sdl_cutamp_ws/install/tamp_interfaces/share/tamp_interfaces/hook/ld_library_path_lib.dsv'
[2.113s] INFO:colcon.colcon_core.shell:Creating environment hook '/home/home/sdl_cutamp_ws/install/tamp_interfaces/share/tamp_interfaces/hook/ld_library_path_lib.sh'
[2.114s] Level 1:colcon.colcon_core.environment:checking '/home/home/sdl_cutamp_ws/install/tamp_interfaces/bin'
[2.114s] Level 1:colcon.colcon_core.environment:checking '/home/home/sdl_cutamp_ws/install/tamp_interfaces/lib/pkgconfig/tamp_interfaces.pc'
[2.114s] Level 1:colcon.colcon_core.environment:checking '/home/home/sdl_cutamp_ws/install/tamp_interfaces/lib/python3.10/site-packages'
[2.114s] Level 1:colcon.colcon_core.environment:checking '/home/home/sdl_cutamp_ws/install/tamp_interfaces/bin'
[2.114s] INFO:colcon.colcon_core.shell:Creating package script '/home/home/sdl_cutamp_ws/install/tamp_interfaces/share/tamp_interfaces/package.ps1'
[2.114s] INFO:colcon.colcon_core.shell:Creating package descriptor '/home/home/sdl_cutamp_ws/install/tamp_interfaces/share/tamp_interfaces/package.dsv'
[2.114s] INFO:colcon.colcon_core.shell:Creating package script '/home/home/sdl_cutamp_ws/install/tamp_interfaces/share/tamp_interfaces/package.sh'
[2.114s] INFO:colcon.colcon_core.shell:Creating package script '/home/home/sdl_cutamp_ws/install/tamp_interfaces/share/tamp_interfaces/package.bash'
[2.115s] INFO:colcon.colcon_core.shell:Creating package script '/home/home/sdl_cutamp_ws/install/tamp_interfaces/share/tamp_interfaces/package.zsh'
[2.115s] Level 1:colcon.colcon_core.environment:create_file_with_runtime_dependencies(/home/home/sdl_cutamp_ws/install/tamp_interfaces/share/colcon-core/packages/tamp_interfaces)
[2.115s] DEBUG:colcon.colcon_parallel_executor.executor.parallel:closing loop
[2.115s] DEBUG:colcon.colcon_parallel_executor.executor.parallel:loop closed
[2.115s] DEBUG:colcon.colcon_parallel_executor.executor.parallel:run_until_complete finished with '0'
[2.115s] DEBUG:colcon.colcon_core.event_reactor:joining thread
[2.117s] INFO:colcon.colcon_core.plugin_system:Skipping extension 'colcon_notification.desktop_notification.terminal_notifier': Not used on non-Darwin systems
[2.117s] INFO:colcon.colcon_core.plugin_system:Skipping extension 'colcon_notification.desktop_notification.win32': Not used on non-Windows systems
[2.117s] INFO:colcon.colcon_notification.desktop_notification:Sending desktop notification using 'notify2'
[2.122s] DEBUG:colcon.colcon_core.event_reactor:joined thread
[2.122s] INFO:colcon.colcon_core.shell:Creating prefix script '/home/home/sdl_cutamp_ws/install/local_setup.ps1'
[2.122s] INFO:colcon.colcon_core.shell:Creating prefix util module '/home/home/sdl_cutamp_ws/install/_local_setup_util_ps1.py'
[2.123s] INFO:colcon.colcon_core.shell:Creating prefix chain script '/home/home/sdl_cutamp_ws/install/setup.ps1'
[2.123s] INFO:colcon.colcon_core.shell:Creating prefix script '/home/home/sdl_cutamp_ws/install/local_setup.sh'
[2.124s] INFO:colcon.colcon_core.shell:Creating prefix util module '/home/home/sdl_cutamp_ws/install/_local_setup_util_sh.py'
[2.124s] INFO:colcon.colcon_core.shell:Creating prefix chain script '/home/home/sdl_cutamp_ws/install/setup.sh'
[2.124s] INFO:colcon.colcon_core.shell:Creating prefix script '/home/home/sdl_cutamp_ws/install/local_setup.bash'
[2.124s] INFO:colcon.colcon_core.shell:Creating prefix chain script '/home/home/sdl_cutamp_ws/install/setup.bash'
[2.125s] INFO:colcon.colcon_core.shell:Creating prefix script '/home/home/sdl_cutamp_ws/install/local_setup.zsh'
[2.125s] INFO:colcon.colcon_core.shell:Creating prefix chain script '/home/home/sdl_cutamp_ws/install/setup.zsh'
