[0.006s] Invoking command in '/home/home/sdl_cutamp_ws/build/tamp': CMAKE_PREFIX_PATH=${CMAKE_PREFIX_PATH}:/opt/ros/humble CONDA_PROMPT_MODIFIER=(cutamp) /usr/bin/cmake --build /home/home/sdl_cutamp_ws/build/tamp -- -j16 -l16
[0.016s] -- Found ament_cmake: 1.3.12 (/opt/ros/humble/share/ament_cmake/cmake)
[0.084s] -- Found rclpy: 3.3.17 (/opt/ros/humble/share/rclpy/cmake)
[0.111s] -- Configuring done
[0.112s] -- Generating done
[0.113s] -- Build files have been written to: /home/home/sdl_cutamp_ws/build/tamp
[0.121s] Invoked command in '/home/home/sdl_cutamp_ws/build/tamp' returned '0': CMAKE_PREFIX_PATH=${CMAKE_PREFIX_PATH}:/opt/ros/humble CONDA_PROMPT_MODIFIER=(cutamp) /usr/bin/cmake --build /home/home/sdl_cutamp_ws/build/tamp -- -j16 -l16
[0.121s] Invoking command in '/home/home/sdl_cutamp_ws/build/tamp': CMAKE_PREFIX_PATH=${CMAKE_PREFIX_PATH}:/opt/ros/humble CONDA_PROMPT_MODIFIER=(cutamp) /usr/bin/cmake --install /home/home/sdl_cutamp_ws/build/tamp
[0.124s] -- Install configuration: ""
[0.124s] -- Up-to-date: /home/home/sdl_cutamp_ws/install/tamp/share/tamp/scripts
[0.124s] -- Up-to-date: /home/home/sdl_cutamp_ws/install/tamp/share/tamp/scripts/client
[0.124s] -- Up-to-date: /home/home/sdl_cutamp_ws/install/tamp/share/tamp/scripts/client/tamp_client.py
[0.124s] -- Up-to-date: /home/home/sdl_cutamp_ws/install/tamp/share/tamp/scripts/server
[0.124s] -- Up-to-date: /home/home/sdl_cutamp_ws/install/tamp/share/tamp/scripts/server/tamp_server.py
[0.124s] -- Installing: /home/home/sdl_cutamp_ws/install/tamp/share/tamp/envs
[0.124s] -- Installing: /home/home/sdl_cutamp_ws/install/tamp/share/tamp/envs/pouring.py
[0.124s] -- Installing: /home/home/sdl_cutamp_ws/install/tamp/share/tamp/envs/utils.py
[0.124s] -- Installing: /home/home/sdl_cutamp_ws/install/tamp/share/tamp/envs/stirring.py
[0.124s] -- Up-to-date: /home/home/sdl_cutamp_ws/install/tamp/lib/tamp/tamp_server.py
[0.124s] -- Up-to-date: /home/home/sdl_cutamp_ws/install/tamp/lib/tamp/tamp_client.py
[0.124s] -- Up-to-date: /home/home/sdl_cutamp_ws/install/tamp/share/ament_index/resource_index/package_run_dependencies/tamp
[0.124s] -- Up-to-date: /home/home/sdl_cutamp_ws/install/tamp/share/ament_index/resource_index/parent_prefix_path/tamp
[0.124s] -- Up-to-date: /home/home/sdl_cutamp_ws/install/tamp/share/tamp/environment/ament_prefix_path.sh
[0.124s] -- Installing: /home/home/sdl_cutamp_ws/install/tamp/share/tamp/environment/ament_prefix_path.dsv
[0.124s] -- Up-to-date: /home/home/sdl_cutamp_ws/install/tamp/share/tamp/environment/path.sh
[0.124s] -- Installing: /home/home/sdl_cutamp_ws/install/tamp/share/tamp/environment/path.dsv
[0.124s] -- Up-to-date: /home/home/sdl_cutamp_ws/install/tamp/share/tamp/local_setup.bash
[0.124s] -- Up-to-date: /home/home/sdl_cutamp_ws/install/tamp/share/tamp/local_setup.sh
[0.124s] -- Up-to-date: /home/home/sdl_cutamp_ws/install/tamp/share/tamp/local_setup.zsh
[0.124s] -- Installing: /home/home/sdl_cutamp_ws/install/tamp/share/tamp/local_setup.dsv
[0.124s] -- Installing: /home/home/sdl_cutamp_ws/install/tamp/share/tamp/package.dsv
[0.124s] -- Up-to-date: /home/home/sdl_cutamp_ws/install/tamp/share/ament_index/resource_index/packages/tamp
[0.124s] -- Up-to-date: /home/home/sdl_cutamp_ws/install/tamp/share/tamp/cmake/tampConfig.cmake
[0.124s] -- Up-to-date: /home/home/sdl_cutamp_ws/install/tamp/share/tamp/cmake/tampConfig-version.cmake
[0.124s] -- Up-to-date: /home/home/sdl_cutamp_ws/install/tamp/share/tamp/package.xml
[0.125s] Invoked command in '/home/home/sdl_cutamp_ws/build/tamp' returned '0': CMAKE_PREFIX_PATH=${CMAKE_PREFIX_PATH}:/opt/ros/humble CONDA_PROMPT_MODIFIER=(cutamp) /usr/bin/cmake --install /home/home/sdl_cutamp_ws/build/tamp
