[0.005s] Invoking command in '/home/home/sdl_cutamp_ws/build/tamp_interfaces': CMAKE_PREFIX_PATH=${CMAKE_PREFIX_PATH}:/opt/ros/humble /usr/bin/cmake --build /home/home/sdl_cutamp_ws/build/tamp_interfaces -- -j16 -l16
[0.023s] [  1%] Built target tamp_interfaces__cpp
[0.023s] [ 12%] Built target tamp_interfaces__rosidl_generator_c
[0.026s] [ 12%] Built target ament_cmake_python_copy_tamp_interfaces
[0.031s] [ 23%] Built target tamp_interfaces__rosidl_typesupport_cpp
[0.031s] [ 40%] Built target tamp_interfaces__rosidl_typesupport_introspection_cpp
[0.031s] [ 45%] Built target tamp_interfaces__rosidl_typesupport_c
[0.032s] [ 56%] Built target tamp_interfaces__rosidl_typesupport_introspection_c
[0.032s] [ 67%] Built target tamp_interfaces__rosidl_typesupport_fastrtps_cpp
[0.033s] [ 78%] Built target tamp_interfaces__rosidl_typesupport_fastrtps_c
[0.040s] [ 78%] Built target tamp_interfaces
[0.046s] [ 80%] Built target tamp_interfaces__py
[0.054s] [ 89%] Built target tamp_interfaces__rosidl_generator_py
[0.061s] [ 92%] Built target tamp_interfaces__rosidl_typesupport_fastrtps_c__pyext
[0.061s] [ 96%] Built target tamp_interfaces__rosidl_typesupport_c__pyext
[0.062s] [100%] Built target tamp_interfaces__rosidl_typesupport_introspection_c__pyext
[0.113s] running egg_info
[0.113s] writing tamp_interfaces.egg-info/PKG-INFO
[0.113s] writing dependency_links to tamp_interfaces.egg-info/dependency_links.txt
[0.113s] writing top-level names to tamp_interfaces.egg-info/top_level.txt
[0.114s] reading manifest file 'tamp_interfaces.egg-info/SOURCES.txt'
[0.114s] writing manifest file 'tamp_interfaces.egg-info/SOURCES.txt'
[0.124s] [100%] Built target ament_cmake_python_build_tamp_interfaces_egg
[0.129s] Invoked command in '/home/home/sdl_cutamp_ws/build/tamp_interfaces' returned '0': CMAKE_PREFIX_PATH=${CMAKE_PREFIX_PATH}:/opt/ros/humble /usr/bin/cmake --build /home/home/sdl_cutamp_ws/build/tamp_interfaces -- -j16 -l16
[0.130s] Invoking command in '/home/home/sdl_cutamp_ws/build/tamp_interfaces': CMAKE_PREFIX_PATH=${CMAKE_PREFIX_PATH}:/opt/ros/humble /usr/bin/cmake --install /home/home/sdl_cutamp_ws/build/tamp_interfaces
[0.133s] -- Install configuration: ""
[0.133s] -- Up-to-date: /home/home/sdl_cutamp_ws/install/tamp_interfaces/share/ament_index/resource_index/rosidl_interfaces/tamp_interfaces
[0.133s] -- Up-to-date: /home/home/sdl_cutamp_ws/install/tamp_interfaces/include/tamp_interfaces/tamp_interfaces
[0.133s] -- Up-to-date: /home/home/sdl_cutamp_ws/install/tamp_interfaces/include/tamp_interfaces/tamp_interfaces/srv
[0.133s] -- Up-to-date: /home/home/sdl_cutamp_ws/install/tamp_interfaces/include/tamp_interfaces/tamp_interfaces/srv/execute.h
[0.133s] -- Up-to-date: /home/home/sdl_cutamp_ws/install/tamp_interfaces/include/tamp_interfaces/tamp_interfaces/srv/set_tamp_env.h
[0.133s] -- Up-to-date: /home/home/sdl_cutamp_ws/install/tamp_interfaces/include/tamp_interfaces/tamp_interfaces/srv/plan.h
[0.133s] -- Up-to-date: /home/home/sdl_cutamp_ws/install/tamp_interfaces/include/tamp_interfaces/tamp_interfaces/srv/detail
[0.133s] -- Up-to-date: /home/home/sdl_cutamp_ws/install/tamp_interfaces/include/tamp_interfaces/tamp_interfaces/srv/detail/set_tamp_env__struct.h
[0.133s] -- Up-to-date: /home/home/sdl_cutamp_ws/install/tamp_interfaces/include/tamp_interfaces/tamp_interfaces/srv/detail/execute__functions.c
[0.133s] -- Up-to-date: /home/home/sdl_cutamp_ws/install/tamp_interfaces/include/tamp_interfaces/tamp_interfaces/srv/detail/execute__type_support.h
[0.133s] -- Up-to-date: /home/home/sdl_cutamp_ws/install/tamp_interfaces/include/tamp_interfaces/tamp_interfaces/srv/detail/set_tamp_env__functions.h
[0.133s] -- Up-to-date: /home/home/sdl_cutamp_ws/install/tamp_interfaces/include/tamp_interfaces/tamp_interfaces/srv/detail/plan__functions.c
[0.133s] -- Up-to-date: /home/home/sdl_cutamp_ws/install/tamp_interfaces/include/tamp_interfaces/tamp_interfaces/srv/detail/set_tamp_env__functions.c
[0.133s] -- Up-to-date: /home/home/sdl_cutamp_ws/install/tamp_interfaces/include/tamp_interfaces/tamp_interfaces/srv/detail/execute__functions.h
[0.133s] -- Up-to-date: /home/home/sdl_cutamp_ws/install/tamp_interfaces/include/tamp_interfaces/tamp_interfaces/srv/detail/plan__type_support.h
[0.133s] -- Up-to-date: /home/home/sdl_cutamp_ws/install/tamp_interfaces/include/tamp_interfaces/tamp_interfaces/srv/detail/execute__struct.h
[0.133s] -- Up-to-date: /home/home/sdl_cutamp_ws/install/tamp_interfaces/include/tamp_interfaces/tamp_interfaces/srv/detail/plan__struct.h
[0.133s] -- Up-to-date: /home/home/sdl_cutamp_ws/install/tamp_interfaces/include/tamp_interfaces/tamp_interfaces/srv/detail/plan__functions.h
[0.133s] -- Up-to-date: /home/home/sdl_cutamp_ws/install/tamp_interfaces/include/tamp_interfaces/tamp_interfaces/srv/detail/set_tamp_env__type_support.h
[0.133s] -- Up-to-date: /home/home/sdl_cutamp_ws/install/tamp_interfaces/include/tamp_interfaces/tamp_interfaces/msg
[0.133s] -- Up-to-date: /home/home/sdl_cutamp_ws/install/tamp_interfaces/include/tamp_interfaces/tamp_interfaces/msg/rosidl_generator_c__visibility_control.h
[0.133s] -- Up-to-date: /home/home/sdl_cutamp_ws/install/tamp_interfaces/include/tamp_interfaces/tamp_interfaces/msg/plan_step.h
[0.133s] -- Up-to-date: /home/home/sdl_cutamp_ws/install/tamp_interfaces/include/tamp_interfaces/tamp_interfaces/msg/detail
[0.133s] -- Up-to-date: /home/home/sdl_cutamp_ws/install/tamp_interfaces/include/tamp_interfaces/tamp_interfaces/msg/detail/plan_step__functions.h
[0.133s] -- Up-to-date: /home/home/sdl_cutamp_ws/install/tamp_interfaces/include/tamp_interfaces/tamp_interfaces/msg/detail/plan_step__functions.c
[0.133s] -- Up-to-date: /home/home/sdl_cutamp_ws/install/tamp_interfaces/include/tamp_interfaces/tamp_interfaces/msg/detail/plan_step__struct.h
[0.133s] -- Up-to-date: /home/home/sdl_cutamp_ws/install/tamp_interfaces/include/tamp_interfaces/tamp_interfaces/msg/detail/plan_step__type_support.h
[0.133s] -- Up-to-date: /home/home/sdl_cutamp_ws/install/tamp_interfaces/share/tamp_interfaces/environment/library_path.sh
[0.133s] -- Up-to-date: /home/home/sdl_cutamp_ws/install/tamp_interfaces/share/tamp_interfaces/environment/library_path.dsv
[0.133s] -- Up-to-date: /home/home/sdl_cutamp_ws/install/tamp_interfaces/lib/libtamp_interfaces__rosidl_generator_c.so
[0.133s] -- Up-to-date: /home/home/sdl_cutamp_ws/install/tamp_interfaces/include/tamp_interfaces/tamp_interfaces
[0.133s] -- Up-to-date: /home/home/sdl_cutamp_ws/install/tamp_interfaces/include/tamp_interfaces/tamp_interfaces/srv
[0.133s] -- Up-to-date: /home/home/sdl_cutamp_ws/install/tamp_interfaces/include/tamp_interfaces/tamp_interfaces/srv/detail
[0.133s] -- Up-to-date: /home/home/sdl_cutamp_ws/install/tamp_interfaces/include/tamp_interfaces/tamp_interfaces/srv/detail/set_tamp_env__rosidl_typesupport_fastrtps_c.h
[0.134s] -- Up-to-date: /home/home/sdl_cutamp_ws/install/tamp_interfaces/include/tamp_interfaces/tamp_interfaces/srv/detail/execute__rosidl_typesupport_fastrtps_c.h
[0.134s] -- Up-to-date: /home/home/sdl_cutamp_ws/install/tamp_interfaces/include/tamp_interfaces/tamp_interfaces/srv/detail/plan__rosidl_typesupport_fastrtps_c.h
[0.134s] -- Up-to-date: /home/home/sdl_cutamp_ws/install/tamp_interfaces/include/tamp_interfaces/tamp_interfaces/msg
[0.134s] -- Up-to-date: /home/home/sdl_cutamp_ws/install/tamp_interfaces/include/tamp_interfaces/tamp_interfaces/msg/rosidl_typesupport_fastrtps_c__visibility_control.h
[0.134s] -- Up-to-date: /home/home/sdl_cutamp_ws/install/tamp_interfaces/include/tamp_interfaces/tamp_interfaces/msg/detail
[0.134s] -- Up-to-date: /home/home/sdl_cutamp_ws/install/tamp_interfaces/include/tamp_interfaces/tamp_interfaces/msg/detail/plan_step__rosidl_typesupport_fastrtps_c.h
[0.134s] -- Up-to-date: /home/home/sdl_cutamp_ws/install/tamp_interfaces/lib/libtamp_interfaces__rosidl_typesupport_fastrtps_c.so
[0.134s] -- Up-to-date: /home/home/sdl_cutamp_ws/install/tamp_interfaces/include/tamp_interfaces/tamp_interfaces
[0.134s] -- Up-to-date: /home/home/sdl_cutamp_ws/install/tamp_interfaces/include/tamp_interfaces/tamp_interfaces/srv
[0.134s] -- Up-to-date: /home/home/sdl_cutamp_ws/install/tamp_interfaces/include/tamp_interfaces/tamp_interfaces/srv/set_tamp_env.hpp
[0.134s] -- Up-to-date: /home/home/sdl_cutamp_ws/install/tamp_interfaces/include/tamp_interfaces/tamp_interfaces/srv/execute.hpp
[0.134s] -- Up-to-date: /home/home/sdl_cutamp_ws/install/tamp_interfaces/include/tamp_interfaces/tamp_interfaces/srv/plan.hpp
[0.134s] -- Up-to-date: /home/home/sdl_cutamp_ws/install/tamp_interfaces/include/tamp_interfaces/tamp_interfaces/srv/detail
[0.134s] -- Up-to-date: /home/home/sdl_cutamp_ws/install/tamp_interfaces/include/tamp_interfaces/tamp_interfaces/srv/detail/set_tamp_env__struct.hpp
[0.134s] -- Up-to-date: /home/home/sdl_cutamp_ws/install/tamp_interfaces/include/tamp_interfaces/tamp_interfaces/srv/detail/plan__builder.hpp
[0.134s] -- Up-to-date: /home/home/sdl_cutamp_ws/install/tamp_interfaces/include/tamp_interfaces/tamp_interfaces/srv/detail/execute__type_support.hpp
[0.134s] -- Up-to-date: /home/home/sdl_cutamp_ws/install/tamp_interfaces/include/tamp_interfaces/tamp_interfaces/srv/detail/execute__builder.hpp
[0.134s] -- Up-to-date: /home/home/sdl_cutamp_ws/install/tamp_interfaces/include/tamp_interfaces/tamp_interfaces/srv/detail/execute__traits.hpp
[0.134s] -- Up-to-date: /home/home/sdl_cutamp_ws/install/tamp_interfaces/include/tamp_interfaces/tamp_interfaces/srv/detail/plan__struct.hpp
[0.134s] -- Up-to-date: /home/home/sdl_cutamp_ws/install/tamp_interfaces/include/tamp_interfaces/tamp_interfaces/srv/detail/set_tamp_env__builder.hpp
[0.134s] -- Up-to-date: /home/home/sdl_cutamp_ws/install/tamp_interfaces/include/tamp_interfaces/tamp_interfaces/srv/detail/plan__type_support.hpp
[0.134s] -- Up-to-date: /home/home/sdl_cutamp_ws/install/tamp_interfaces/include/tamp_interfaces/tamp_interfaces/srv/detail/set_tamp_env__type_support.hpp
[0.134s] -- Up-to-date: /home/home/sdl_cutamp_ws/install/tamp_interfaces/include/tamp_interfaces/tamp_interfaces/srv/detail/set_tamp_env__traits.hpp
[0.134s] -- Up-to-date: /home/home/sdl_cutamp_ws/install/tamp_interfaces/include/tamp_interfaces/tamp_interfaces/srv/detail/execute__struct.hpp
[0.134s] -- Up-to-date: /home/home/sdl_cutamp_ws/install/tamp_interfaces/include/tamp_interfaces/tamp_interfaces/srv/detail/plan__traits.hpp
[0.134s] -- Up-to-date: /home/home/sdl_cutamp_ws/install/tamp_interfaces/include/tamp_interfaces/tamp_interfaces/msg
[0.134s] -- Up-to-date: /home/home/sdl_cutamp_ws/install/tamp_interfaces/include/tamp_interfaces/tamp_interfaces/msg/rosidl_generator_cpp__visibility_control.hpp
[0.134s] -- Up-to-date: /home/home/sdl_cutamp_ws/install/tamp_interfaces/include/tamp_interfaces/tamp_interfaces/msg/detail
[0.134s] -- Up-to-date: /home/home/sdl_cutamp_ws/install/tamp_interfaces/include/tamp_interfaces/tamp_interfaces/msg/detail/plan_step__traits.hpp
[0.134s] -- Up-to-date: /home/home/sdl_cutamp_ws/install/tamp_interfaces/include/tamp_interfaces/tamp_interfaces/msg/detail/plan_step__builder.hpp
[0.134s] -- Up-to-date: /home/home/sdl_cutamp_ws/install/tamp_interfaces/include/tamp_interfaces/tamp_interfaces/msg/detail/plan_step__type_support.hpp
[0.134s] -- Up-to-date: /home/home/sdl_cutamp_ws/install/tamp_interfaces/include/tamp_interfaces/tamp_interfaces/msg/detail/plan_step__struct.hpp
[0.134s] -- Up-to-date: /home/home/sdl_cutamp_ws/install/tamp_interfaces/include/tamp_interfaces/tamp_interfaces/msg/plan_step.hpp
[0.134s] -- Up-to-date: /home/home/sdl_cutamp_ws/install/tamp_interfaces/include/tamp_interfaces/tamp_interfaces
[0.134s] -- Up-to-date: /home/home/sdl_cutamp_ws/install/tamp_interfaces/include/tamp_interfaces/tamp_interfaces/srv
[0.134s] -- Up-to-date: /home/home/sdl_cutamp_ws/install/tamp_interfaces/include/tamp_interfaces/tamp_interfaces/srv/detail
[0.134s] -- Up-to-date: /home/home/sdl_cutamp_ws/install/tamp_interfaces/include/tamp_interfaces/tamp_interfaces/srv/detail/plan__rosidl_typesupport_fastrtps_cpp.hpp
[0.134s] -- Up-to-date: /home/home/sdl_cutamp_ws/install/tamp_interfaces/include/tamp_interfaces/tamp_interfaces/srv/detail/execute__rosidl_typesupport_fastrtps_cpp.hpp
[0.134s] -- Up-to-date: /home/home/sdl_cutamp_ws/install/tamp_interfaces/include/tamp_interfaces/tamp_interfaces/srv/detail/dds_fastrtps
[0.134s] -- Up-to-date: /home/home/sdl_cutamp_ws/install/tamp_interfaces/include/tamp_interfaces/tamp_interfaces/srv/detail/set_tamp_env__rosidl_typesupport_fastrtps_cpp.hpp
[0.134s] -- Up-to-date: /home/home/sdl_cutamp_ws/install/tamp_interfaces/include/tamp_interfaces/tamp_interfaces/msg
[0.134s] -- Up-to-date: /home/home/sdl_cutamp_ws/install/tamp_interfaces/include/tamp_interfaces/tamp_interfaces/msg/detail
[0.134s] -- Up-to-date: /home/home/sdl_cutamp_ws/install/tamp_interfaces/include/tamp_interfaces/tamp_interfaces/msg/detail/plan_step__rosidl_typesupport_fastrtps_cpp.hpp
[0.134s] -- Up-to-date: /home/home/sdl_cutamp_ws/install/tamp_interfaces/include/tamp_interfaces/tamp_interfaces/msg/detail/dds_fastrtps
[0.134s] -- Up-to-date: /home/home/sdl_cutamp_ws/install/tamp_interfaces/include/tamp_interfaces/tamp_interfaces/msg/rosidl_typesupport_fastrtps_cpp__visibility_control.h
[0.134s] -- Up-to-date: /home/home/sdl_cutamp_ws/install/tamp_interfaces/lib/libtamp_interfaces__rosidl_typesupport_fastrtps_cpp.so
[0.134s] -- Up-to-date: /home/home/sdl_cutamp_ws/install/tamp_interfaces/include/tamp_interfaces/tamp_interfaces
[0.134s] -- Up-to-date: /home/home/sdl_cutamp_ws/install/tamp_interfaces/include/tamp_interfaces/tamp_interfaces/srv
[0.134s] -- Up-to-date: /home/home/sdl_cutamp_ws/install/tamp_interfaces/include/tamp_interfaces/tamp_interfaces/srv/detail
[0.134s] -- Up-to-date: /home/home/sdl_cutamp_ws/install/tamp_interfaces/include/tamp_interfaces/tamp_interfaces/srv/detail/set_tamp_env__rosidl_typesupport_introspection_c.h
[0.135s] -- Up-to-date: /home/home/sdl_cutamp_ws/install/tamp_interfaces/include/tamp_interfaces/tamp_interfaces/srv/detail/plan__rosidl_typesupport_introspection_c.h
[0.135s] -- Up-to-date: /home/home/sdl_cutamp_ws/install/tamp_interfaces/include/tamp_interfaces/tamp_interfaces/srv/detail/plan__type_support.c
[0.135s] -- Up-to-date: /home/home/sdl_cutamp_ws/install/tamp_interfaces/include/tamp_interfaces/tamp_interfaces/srv/detail/set_tamp_env__type_support.c
[0.135s] -- Up-to-date: /home/home/sdl_cutamp_ws/install/tamp_interfaces/include/tamp_interfaces/tamp_interfaces/srv/detail/execute__type_support.c
[0.135s] -- Up-to-date: /home/home/sdl_cutamp_ws/install/tamp_interfaces/include/tamp_interfaces/tamp_interfaces/srv/detail/execute__rosidl_typesupport_introspection_c.h
[0.135s] -- Up-to-date: /home/home/sdl_cutamp_ws/install/tamp_interfaces/include/tamp_interfaces/tamp_interfaces/msg
[0.135s] -- Up-to-date: /home/home/sdl_cutamp_ws/install/tamp_interfaces/include/tamp_interfaces/tamp_interfaces/msg/rosidl_typesupport_introspection_c__visibility_control.h
[0.135s] -- Up-to-date: /home/home/sdl_cutamp_ws/install/tamp_interfaces/include/tamp_interfaces/tamp_interfaces/msg/detail
[0.135s] -- Up-to-date: /home/home/sdl_cutamp_ws/install/tamp_interfaces/include/tamp_interfaces/tamp_interfaces/msg/detail/plan_step__type_support.c
[0.135s] -- Up-to-date: /home/home/sdl_cutamp_ws/install/tamp_interfaces/include/tamp_interfaces/tamp_interfaces/msg/detail/plan_step__rosidl_typesupport_introspection_c.h
[0.135s] -- Up-to-date: /home/home/sdl_cutamp_ws/install/tamp_interfaces/lib/libtamp_interfaces__rosidl_typesupport_introspection_c.so
[0.135s] -- Up-to-date: /home/home/sdl_cutamp_ws/install/tamp_interfaces/lib/libtamp_interfaces__rosidl_typesupport_c.so
[0.135s] -- Up-to-date: /home/home/sdl_cutamp_ws/install/tamp_interfaces/include/tamp_interfaces/tamp_interfaces
[0.135s] -- Up-to-date: /home/home/sdl_cutamp_ws/install/tamp_interfaces/include/tamp_interfaces/tamp_interfaces/srv
[0.135s] -- Up-to-date: /home/home/sdl_cutamp_ws/install/tamp_interfaces/include/tamp_interfaces/tamp_interfaces/srv/detail
[0.135s] -- Up-to-date: /home/home/sdl_cutamp_ws/install/tamp_interfaces/include/tamp_interfaces/tamp_interfaces/srv/detail/execute__rosidl_typesupport_introspection_cpp.hpp
[0.135s] -- Up-to-date: /home/home/sdl_cutamp_ws/install/tamp_interfaces/include/tamp_interfaces/tamp_interfaces/srv/detail/plan__type_support.cpp
[0.135s] -- Up-to-date: /home/home/sdl_cutamp_ws/install/tamp_interfaces/include/tamp_interfaces/tamp_interfaces/srv/detail/plan__rosidl_typesupport_introspection_cpp.hpp
[0.135s] -- Up-to-date: /home/home/sdl_cutamp_ws/install/tamp_interfaces/include/tamp_interfaces/tamp_interfaces/srv/detail/execute__type_support.cpp
[0.135s] -- Up-to-date: /home/home/sdl_cutamp_ws/install/tamp_interfaces/include/tamp_interfaces/tamp_interfaces/srv/detail/set_tamp_env__type_support.cpp
[0.135s] -- Up-to-date: /home/home/sdl_cutamp_ws/install/tamp_interfaces/include/tamp_interfaces/tamp_interfaces/srv/detail/set_tamp_env__rosidl_typesupport_introspection_cpp.hpp
[0.135s] -- Up-to-date: /home/home/sdl_cutamp_ws/install/tamp_interfaces/include/tamp_interfaces/tamp_interfaces/msg
[0.135s] -- Up-to-date: /home/home/sdl_cutamp_ws/install/tamp_interfaces/include/tamp_interfaces/tamp_interfaces/msg/detail
[0.135s] -- Up-to-date: /home/home/sdl_cutamp_ws/install/tamp_interfaces/include/tamp_interfaces/tamp_interfaces/msg/detail/plan_step__type_support.cpp
[0.135s] -- Up-to-date: /home/home/sdl_cutamp_ws/install/tamp_interfaces/include/tamp_interfaces/tamp_interfaces/msg/detail/plan_step__rosidl_typesupport_introspection_cpp.hpp
[0.135s] -- Up-to-date: /home/home/sdl_cutamp_ws/install/tamp_interfaces/lib/libtamp_interfaces__rosidl_typesupport_introspection_cpp.so
[0.135s] -- Up-to-date: /home/home/sdl_cutamp_ws/install/tamp_interfaces/lib/libtamp_interfaces__rosidl_typesupport_cpp.so
[0.135s] -- Up-to-date: /home/home/sdl_cutamp_ws/install/tamp_interfaces/share/tamp_interfaces/environment/pythonpath.sh
[0.135s] -- Up-to-date: /home/home/sdl_cutamp_ws/install/tamp_interfaces/share/tamp_interfaces/environment/pythonpath.dsv
[0.135s] -- Up-to-date: /home/home/sdl_cutamp_ws/install/tamp_interfaces/local/lib/python3.10/dist-packages/tamp_interfaces-0.0.0-py3.10.egg-info
[0.135s] -- Installing: /home/home/sdl_cutamp_ws/install/tamp_interfaces/local/lib/python3.10/dist-packages/tamp_interfaces-0.0.0-py3.10.egg-info/top_level.txt
[0.135s] -- Installing: /home/home/sdl_cutamp_ws/install/tamp_interfaces/local/lib/python3.10/dist-packages/tamp_interfaces-0.0.0-py3.10.egg-info/SOURCES.txt
[0.135s] -- Installing: /home/home/sdl_cutamp_ws/install/tamp_interfaces/local/lib/python3.10/dist-packages/tamp_interfaces-0.0.0-py3.10.egg-info/PKG-INFO
[0.135s] -- Installing: /home/home/sdl_cutamp_ws/install/tamp_interfaces/local/lib/python3.10/dist-packages/tamp_interfaces-0.0.0-py3.10.egg-info/dependency_links.txt
[0.135s] -- Up-to-date: /home/home/sdl_cutamp_ws/install/tamp_interfaces/local/lib/python3.10/dist-packages/tamp_interfaces
[0.135s] -- Up-to-date: /home/home/sdl_cutamp_ws/install/tamp_interfaces/local/lib/python3.10/dist-packages/tamp_interfaces/tamp_interfaces_s__rosidl_typesupport_fastrtps_c.cpython-310-x86_64-linux-gnu.so
[0.135s] -- Up-to-date: /home/home/sdl_cutamp_ws/install/tamp_interfaces/local/lib/python3.10/dist-packages/tamp_interfaces/tamp_interfaces_s__rosidl_typesupport_introspection_c.cpython-310-x86_64-linux-gnu.so
[0.135s] -- Up-to-date: /home/home/sdl_cutamp_ws/install/tamp_interfaces/local/lib/python3.10/dist-packages/tamp_interfaces/_tamp_interfaces_s.ep.rosidl_typesupport_c.c
[0.135s] -- Up-to-date: /home/home/sdl_cutamp_ws/install/tamp_interfaces/local/lib/python3.10/dist-packages/tamp_interfaces/_tamp_interfaces_s.ep.rosidl_typesupport_introspection_c.c
[0.135s] -- Up-to-date: /home/home/sdl_cutamp_ws/install/tamp_interfaces/local/lib/python3.10/dist-packages/tamp_interfaces/__init__.py
[0.135s] -- Up-to-date: /home/home/sdl_cutamp_ws/install/tamp_interfaces/local/lib/python3.10/dist-packages/tamp_interfaces/_tamp_interfaces_s.ep.rosidl_typesupport_fastrtps_c.c
[0.135s] -- Up-to-date: /home/home/sdl_cutamp_ws/install/tamp_interfaces/local/lib/python3.10/dist-packages/tamp_interfaces/libtamp_interfaces__rosidl_generator_py.so
[0.135s] -- Up-to-date: /home/home/sdl_cutamp_ws/install/tamp_interfaces/local/lib/python3.10/dist-packages/tamp_interfaces/srv
[0.135s] -- Up-to-date: /home/home/sdl_cutamp_ws/install/tamp_interfaces/local/lib/python3.10/dist-packages/tamp_interfaces/srv/_plan.py
[0.135s] -- Up-to-date: /home/home/sdl_cutamp_ws/install/tamp_interfaces/local/lib/python3.10/dist-packages/tamp_interfaces/srv/_execute.py
[0.135s] -- Up-to-date: /home/home/sdl_cutamp_ws/install/tamp_interfaces/local/lib/python3.10/dist-packages/tamp_interfaces/srv/_set_tamp_env_s.c
[0.135s] -- Up-to-date: /home/home/sdl_cutamp_ws/install/tamp_interfaces/local/lib/python3.10/dist-packages/tamp_interfaces/srv/__init__.py
[0.135s] -- Up-to-date: /home/home/sdl_cutamp_ws/install/tamp_interfaces/local/lib/python3.10/dist-packages/tamp_interfaces/srv/_plan_s.c
[0.135s] -- Up-to-date: /home/home/sdl_cutamp_ws/install/tamp_interfaces/local/lib/python3.10/dist-packages/tamp_interfaces/srv/_execute_s.c
[0.135s] -- Up-to-date: /home/home/sdl_cutamp_ws/install/tamp_interfaces/local/lib/python3.10/dist-packages/tamp_interfaces/srv/_set_tamp_env.py
[0.135s] -- Up-to-date: /home/home/sdl_cutamp_ws/install/tamp_interfaces/local/lib/python3.10/dist-packages/tamp_interfaces/msg
[0.135s] -- Up-to-date: /home/home/sdl_cutamp_ws/install/tamp_interfaces/local/lib/python3.10/dist-packages/tamp_interfaces/msg/_plan_step_s.c
[0.135s] -- Up-to-date: /home/home/sdl_cutamp_ws/install/tamp_interfaces/local/lib/python3.10/dist-packages/tamp_interfaces/msg/__init__.py
[0.135s] -- Up-to-date: /home/home/sdl_cutamp_ws/install/tamp_interfaces/local/lib/python3.10/dist-packages/tamp_interfaces/msg/_plan_step.py
[0.135s] -- Up-to-date: /home/home/sdl_cutamp_ws/install/tamp_interfaces/local/lib/python3.10/dist-packages/tamp_interfaces/tamp_interfaces_s__rosidl_typesupport_c.cpython-310-x86_64-linux-gnu.so
[0.147s] Listing '/home/home/sdl_cutamp_ws/install/tamp_interfaces/local/lib/python3.10/dist-packages/tamp_interfaces'...
[0.148s] Listing '/home/home/sdl_cutamp_ws/install/tamp_interfaces/local/lib/python3.10/dist-packages/tamp_interfaces/msg'...
[0.148s] Listing '/home/home/sdl_cutamp_ws/install/tamp_interfaces/local/lib/python3.10/dist-packages/tamp_interfaces/srv'...
[0.149s] -- Up-to-date: /home/home/sdl_cutamp_ws/install/tamp_interfaces/local/lib/python3.10/dist-packages/tamp_interfaces/tamp_interfaces_s__rosidl_typesupport_fastrtps_c.cpython-310-x86_64-linux-gnu.so
[0.149s] -- Up-to-date: /home/home/sdl_cutamp_ws/install/tamp_interfaces/local/lib/python3.10/dist-packages/tamp_interfaces/tamp_interfaces_s__rosidl_typesupport_introspection_c.cpython-310-x86_64-linux-gnu.so
[0.150s] -- Up-to-date: /home/home/sdl_cutamp_ws/install/tamp_interfaces/local/lib/python3.10/dist-packages/tamp_interfaces/tamp_interfaces_s__rosidl_typesupport_c.cpython-310-x86_64-linux-gnu.so
[0.150s] -- Up-to-date: /home/home/sdl_cutamp_ws/install/tamp_interfaces/lib/libtamp_interfaces__rosidl_generator_py.so
[0.150s] -- Up-to-date: /home/home/sdl_cutamp_ws/install/tamp_interfaces/share/tamp_interfaces/msg/PlanStep.idl
[0.150s] -- Up-to-date: /home/home/sdl_cutamp_ws/install/tamp_interfaces/share/tamp_interfaces/srv/Plan.idl
[0.150s] -- Up-to-date: /home/home/sdl_cutamp_ws/install/tamp_interfaces/share/tamp_interfaces/srv/Execute.idl
[0.150s] -- Up-to-date: /home/home/sdl_cutamp_ws/install/tamp_interfaces/share/tamp_interfaces/srv/SetTampEnv.idl
[0.150s] -- Up-to-date: /home/home/sdl_cutamp_ws/install/tamp_interfaces/share/tamp_interfaces/msg/PlanStep.msg
[0.150s] -- Up-to-date: /home/home/sdl_cutamp_ws/install/tamp_interfaces/share/tamp_interfaces/srv/Plan.srv
[0.150s] -- Up-to-date: /home/home/sdl_cutamp_ws/install/tamp_interfaces/share/tamp_interfaces/srv/Plan_Request.msg
[0.150s] -- Up-to-date: /home/home/sdl_cutamp_ws/install/tamp_interfaces/share/tamp_interfaces/srv/Plan_Response.msg
[0.150s] -- Up-to-date: /home/home/sdl_cutamp_ws/install/tamp_interfaces/share/tamp_interfaces/srv/Execute.srv
[0.150s] -- Up-to-date: /home/home/sdl_cutamp_ws/install/tamp_interfaces/share/tamp_interfaces/srv/Execute_Request.msg
[0.150s] -- Up-to-date: /home/home/sdl_cutamp_ws/install/tamp_interfaces/share/tamp_interfaces/srv/Execute_Response.msg
[0.150s] -- Up-to-date: /home/home/sdl_cutamp_ws/install/tamp_interfaces/share/tamp_interfaces/srv/SetTampEnv.srv
[0.150s] -- Up-to-date: /home/home/sdl_cutamp_ws/install/tamp_interfaces/share/tamp_interfaces/srv/SetTampEnv_Request.msg
[0.150s] -- Up-to-date: /home/home/sdl_cutamp_ws/install/tamp_interfaces/share/tamp_interfaces/srv/SetTampEnv_Response.msg
[0.150s] -- Up-to-date: /home/home/sdl_cutamp_ws/install/tamp_interfaces/share/ament_index/resource_index/package_run_dependencies/tamp_interfaces
[0.150s] -- Up-to-date: /home/home/sdl_cutamp_ws/install/tamp_interfaces/share/ament_index/resource_index/parent_prefix_path/tamp_interfaces
[0.150s] -- Up-to-date: /home/home/sdl_cutamp_ws/install/tamp_interfaces/share/tamp_interfaces/environment/ament_prefix_path.sh
[0.150s] -- Up-to-date: /home/home/sdl_cutamp_ws/install/tamp_interfaces/share/tamp_interfaces/environment/ament_prefix_path.dsv
[0.150s] -- Up-to-date: /home/home/sdl_cutamp_ws/install/tamp_interfaces/share/tamp_interfaces/environment/path.sh
[0.150s] -- Up-to-date: /home/home/sdl_cutamp_ws/install/tamp_interfaces/share/tamp_interfaces/environment/path.dsv
[0.150s] -- Up-to-date: /home/home/sdl_cutamp_ws/install/tamp_interfaces/share/tamp_interfaces/local_setup.bash
[0.150s] -- Up-to-date: /home/home/sdl_cutamp_ws/install/tamp_interfaces/share/tamp_interfaces/local_setup.sh
[0.150s] -- Up-to-date: /home/home/sdl_cutamp_ws/install/tamp_interfaces/share/tamp_interfaces/local_setup.zsh
[0.150s] -- Up-to-date: /home/home/sdl_cutamp_ws/install/tamp_interfaces/share/tamp_interfaces/local_setup.dsv
[0.150s] -- Installing: /home/home/sdl_cutamp_ws/install/tamp_interfaces/share/tamp_interfaces/package.dsv
[0.150s] -- Up-to-date: /home/home/sdl_cutamp_ws/install/tamp_interfaces/share/ament_index/resource_index/packages/tamp_interfaces
[0.150s] -- Up-to-date: /home/home/sdl_cutamp_ws/install/tamp_interfaces/share/tamp_interfaces/cmake/export_tamp_interfaces__rosidl_generator_cExport.cmake
[0.150s] -- Up-to-date: /home/home/sdl_cutamp_ws/install/tamp_interfaces/share/tamp_interfaces/cmake/export_tamp_interfaces__rosidl_generator_cExport-noconfig.cmake
[0.150s] -- Up-to-date: /home/home/sdl_cutamp_ws/install/tamp_interfaces/share/tamp_interfaces/cmake/export_tamp_interfaces__rosidl_typesupport_fastrtps_cExport.cmake
[0.150s] -- Up-to-date: /home/home/sdl_cutamp_ws/install/tamp_interfaces/share/tamp_interfaces/cmake/export_tamp_interfaces__rosidl_typesupport_fastrtps_cExport-noconfig.cmake
[0.150s] -- Up-to-date: /home/home/sdl_cutamp_ws/install/tamp_interfaces/share/tamp_interfaces/cmake/export_tamp_interfaces__rosidl_generator_cppExport.cmake
[0.150s] -- Up-to-date: /home/home/sdl_cutamp_ws/install/tamp_interfaces/share/tamp_interfaces/cmake/export_tamp_interfaces__rosidl_typesupport_fastrtps_cppExport.cmake
[0.150s] -- Up-to-date: /home/home/sdl_cutamp_ws/install/tamp_interfaces/share/tamp_interfaces/cmake/export_tamp_interfaces__rosidl_typesupport_fastrtps_cppExport-noconfig.cmake
[0.150s] -- Up-to-date: /home/home/sdl_cutamp_ws/install/tamp_interfaces/share/tamp_interfaces/cmake/tamp_interfaces__rosidl_typesupport_introspection_cExport.cmake
[0.150s] -- Up-to-date: /home/home/sdl_cutamp_ws/install/tamp_interfaces/share/tamp_interfaces/cmake/tamp_interfaces__rosidl_typesupport_introspection_cExport-noconfig.cmake
[0.150s] -- Up-to-date: /home/home/sdl_cutamp_ws/install/tamp_interfaces/share/tamp_interfaces/cmake/tamp_interfaces__rosidl_typesupport_cExport.cmake
[0.150s] -- Up-to-date: /home/home/sdl_cutamp_ws/install/tamp_interfaces/share/tamp_interfaces/cmake/tamp_interfaces__rosidl_typesupport_cExport-noconfig.cmake
[0.150s] -- Up-to-date: /home/home/sdl_cutamp_ws/install/tamp_interfaces/share/tamp_interfaces/cmake/tamp_interfaces__rosidl_typesupport_introspection_cppExport.cmake
[0.150s] -- Up-to-date: /home/home/sdl_cutamp_ws/install/tamp_interfaces/share/tamp_interfaces/cmake/tamp_interfaces__rosidl_typesupport_introspection_cppExport-noconfig.cmake
[0.150s] -- Up-to-date: /home/home/sdl_cutamp_ws/install/tamp_interfaces/share/tamp_interfaces/cmake/tamp_interfaces__rosidl_typesupport_cppExport.cmake
[0.150s] -- Up-to-date: /home/home/sdl_cutamp_ws/install/tamp_interfaces/share/tamp_interfaces/cmake/tamp_interfaces__rosidl_typesupport_cppExport-noconfig.cmake
[0.150s] -- Up-to-date: /home/home/sdl_cutamp_ws/install/tamp_interfaces/share/tamp_interfaces/cmake/export_tamp_interfaces__rosidl_generator_pyExport.cmake
[0.151s] -- Up-to-date: /home/home/sdl_cutamp_ws/install/tamp_interfaces/share/tamp_interfaces/cmake/export_tamp_interfaces__rosidl_generator_pyExport-noconfig.cmake
[0.151s] -- Up-to-date: /home/home/sdl_cutamp_ws/install/tamp_interfaces/share/tamp_interfaces/cmake/rosidl_cmake-extras.cmake
[0.151s] -- Up-to-date: /home/home/sdl_cutamp_ws/install/tamp_interfaces/share/tamp_interfaces/cmake/ament_cmake_export_dependencies-extras.cmake
[0.151s] -- Up-to-date: /home/home/sdl_cutamp_ws/install/tamp_interfaces/share/tamp_interfaces/cmake/ament_cmake_export_include_directories-extras.cmake
[0.151s] -- Up-to-date: /home/home/sdl_cutamp_ws/install/tamp_interfaces/share/tamp_interfaces/cmake/ament_cmake_export_libraries-extras.cmake
[0.151s] -- Up-to-date: /home/home/sdl_cutamp_ws/install/tamp_interfaces/share/tamp_interfaces/cmake/ament_cmake_export_targets-extras.cmake
[0.151s] -- Up-to-date: /home/home/sdl_cutamp_ws/install/tamp_interfaces/share/tamp_interfaces/cmake/rosidl_cmake_export_typesupport_targets-extras.cmake
[0.151s] -- Up-to-date: /home/home/sdl_cutamp_ws/install/tamp_interfaces/share/tamp_interfaces/cmake/rosidl_cmake_export_typesupport_libraries-extras.cmake
[0.151s] -- Up-to-date: /home/home/sdl_cutamp_ws/install/tamp_interfaces/share/tamp_interfaces/cmake/tamp_interfacesConfig.cmake
[0.151s] -- Up-to-date: /home/home/sdl_cutamp_ws/install/tamp_interfaces/share/tamp_interfaces/cmake/tamp_interfacesConfig-version.cmake
[0.151s] -- Up-to-date: /home/home/sdl_cutamp_ws/install/tamp_interfaces/share/tamp_interfaces/package.xml
[0.151s] Invoked command in '/home/home/sdl_cutamp_ws/build/tamp_interfaces' returned '0': CMAKE_PREFIX_PATH=${CMAKE_PREFIX_PATH}:/opt/ros/humble /usr/bin/cmake --install /home/home/sdl_cutamp_ws/build/tamp_interfaces
