[0.068s] DEBUG:colcon:Command line arguments: ['/usr/bin/colcon', 'build']
[0.068s] DEBUG:colcon:Parsed command line arguments: Namespace(log_base=None, log_level=None, verb_name='build', build_base='build', install_base='install', merge_install=False, symlink_install=False, test_result_base=None, continue_on_error=False, executor='parallel', parallel_workers=16, event_handlers=None, ignore_user_meta=False, metas=['./colcon.meta'], base_paths=['.'], packages_ignore=None, packages_ignore_regex=None, paths=None, packages_up_to=None, packages_up_to_regex=None, packages_above=None, packages_above_and_dependencies=None, packages_above_depth=None, packages_select_by_dep=None, packages_skip_by_dep=None, packages_skip_up_to=None, packages_select_build_failed=False, packages_skip_build_finished=False, packages_select_test_failures=False, packages_skip_test_passed=False, packages_select=None, packages_skip=None, packages_select_regex=None, packages_skip_regex=None, packages_start=None, packages_end=None, allow_overriding=[], cmake_args=None, cmake_target=None, cmake_target_skip_unavailable=False, cmake_clean_cache=False, cmake_clean_first=False, cmake_force_configure=False, ament_cmake_args=None, catkin_cmake_args=None, catkin_skip_building_tests=False, mixin_files=None, mixin=None, verb_parser=<colcon_mixin.mixin.mixin_argument.MixinArgumentDecorator object at 0x7f91eb155d80>, verb_extension=<colcon_core.verb.build.BuildVerb object at 0x7f91eb2ca3b0>, main=<bound method BuildVerb.main of <colcon_core.verb.build.BuildVerb object at 0x7f91eb2ca3b0>>, mixin_verb=('build',))
[0.174s] Level 1:colcon.colcon_core.package_discovery:discover_packages(colcon_meta) check parameters
[0.174s] Level 1:colcon.colcon_core.package_discovery:discover_packages(recursive) check parameters
[0.175s] Level 1:colcon.colcon_core.package_discovery:discover_packages(ignore) check parameters
[0.175s] Level 1:colcon.colcon_core.package_discovery:discover_packages(path) check parameters
[0.175s] Level 1:colcon.colcon_core.package_discovery:discover_packages(colcon_meta) discover
[0.175s] Level 1:colcon.colcon_core.package_discovery:discover_packages(recursive) discover
[0.175s] INFO:colcon.colcon_core.package_discovery:Crawling recursively for packages in '/home/home/sdl_cutamp_ws'
[0.175s] Level 1:colcon.colcon_core.package_identification:_identify(.) by extensions ['ignore', 'ignore_ament_install']
[0.175s] Level 1:colcon.colcon_core.package_identification:_identify(.) by extension 'ignore'
[0.175s] Level 1:colcon.colcon_core.package_identification:_identify(.) by extension 'ignore_ament_install'
[0.175s] Level 1:colcon.colcon_core.package_identification:_identify(.) by extensions ['colcon_pkg']
[0.175s] Level 1:colcon.colcon_core.package_identification:_identify(.) by extension 'colcon_pkg'
[0.175s] Level 1:colcon.colcon_core.package_identification:_identify(.) by extensions ['colcon_meta']
[0.175s] Level 1:colcon.colcon_core.package_identification:_identify(.) by extension 'colcon_meta'
[0.175s] Level 1:colcon.colcon_core.package_identification:_identify(.) by extensions ['ros']
[0.175s] Level 1:colcon.colcon_core.package_identification:_identify(.) by extension 'ros'
[0.180s] Level 1:colcon.colcon_core.package_identification:_identify(.) by extensions ['cmake', 'python']
[0.180s] Level 1:colcon.colcon_core.package_identification:_identify(.) by extension 'cmake'
[0.180s] Level 1:colcon.colcon_core.package_identification:_identify(.) by extension 'python'
[0.180s] Level 1:colcon.colcon_core.package_identification:_identify(.) by extensions ['python_setup_py']
[0.180s] Level 1:colcon.colcon_core.package_identification:_identify(.) by extension 'python_setup_py'
[0.181s] Level 1:colcon.colcon_core.package_identification:_identify(build) by extensions ['ignore', 'ignore_ament_install']
[0.181s] Level 1:colcon.colcon_core.package_identification:_identify(build) by extension 'ignore'
[0.181s] Level 1:colcon.colcon_core.package_identification:_identify(build) ignored
[0.181s] Level 1:colcon.colcon_core.package_identification:_identify(install) by extensions ['ignore', 'ignore_ament_install']
[0.181s] Level 1:colcon.colcon_core.package_identification:_identify(install) by extension 'ignore'
[0.181s] Level 1:colcon.colcon_core.package_identification:_identify(install) ignored
[0.181s] Level 1:colcon.colcon_core.package_identification:_identify(log) by extensions ['ignore', 'ignore_ament_install']
[0.181s] Level 1:colcon.colcon_core.package_identification:_identify(log) by extension 'ignore'
[0.181s] Level 1:colcon.colcon_core.package_identification:_identify(log) ignored
[0.181s] Level 1:colcon.colcon_core.package_identification:_identify(scripts) by extensions ['ignore', 'ignore_ament_install']
[0.181s] Level 1:colcon.colcon_core.package_identification:_identify(scripts) by extension 'ignore'
[0.181s] Level 1:colcon.colcon_core.package_identification:_identify(scripts) by extension 'ignore_ament_install'
[0.181s] Level 1:colcon.colcon_core.package_identification:_identify(scripts) by extensions ['colcon_pkg']
[0.181s] Level 1:colcon.colcon_core.package_identification:_identify(scripts) by extension 'colcon_pkg'
[0.181s] Level 1:colcon.colcon_core.package_identification:_identify(scripts) by extensions ['colcon_meta']
[0.181s] Level 1:colcon.colcon_core.package_identification:_identify(scripts) by extension 'colcon_meta'
[0.181s] Level 1:colcon.colcon_core.package_identification:_identify(scripts) by extensions ['ros']
[0.181s] Level 1:colcon.colcon_core.package_identification:_identify(scripts) by extension 'ros'
[0.181s] Level 1:colcon.colcon_core.package_identification:_identify(scripts) by extensions ['cmake', 'python']
[0.181s] Level 1:colcon.colcon_core.package_identification:_identify(scripts) by extension 'cmake'
[0.181s] Level 1:colcon.colcon_core.package_identification:_identify(scripts) by extension 'python'
[0.181s] Level 1:colcon.colcon_core.package_identification:_identify(scripts) by extensions ['python_setup_py']
[0.181s] Level 1:colcon.colcon_core.package_identification:_identify(scripts) by extension 'python_setup_py'
[0.181s] Level 1:colcon.colcon_core.package_identification:_identify(scripts/standalone) by extensions ['ignore', 'ignore_ament_install']
[0.181s] Level 1:colcon.colcon_core.package_identification:_identify(scripts/standalone) by extension 'ignore'
[0.181s] Level 1:colcon.colcon_core.package_identification:_identify(scripts/standalone) by extension 'ignore_ament_install'
[0.181s] Level 1:colcon.colcon_core.package_identification:_identify(scripts/standalone) by extensions ['colcon_pkg']
[0.181s] Level 1:colcon.colcon_core.package_identification:_identify(scripts/standalone) by extension 'colcon_pkg'
[0.181s] Level 1:colcon.colcon_core.package_identification:_identify(scripts/standalone) by extensions ['colcon_meta']
[0.181s] Level 1:colcon.colcon_core.package_identification:_identify(scripts/standalone) by extension 'colcon_meta'
[0.181s] Level 1:colcon.colcon_core.package_identification:_identify(scripts/standalone) by extensions ['ros']
[0.181s] Level 1:colcon.colcon_core.package_identification:_identify(scripts/standalone) by extension 'ros'
[0.181s] Level 1:colcon.colcon_core.package_identification:_identify(scripts/standalone) by extensions ['cmake', 'python']
[0.181s] Level 1:colcon.colcon_core.package_identification:_identify(scripts/standalone) by extension 'cmake'
[0.181s] Level 1:colcon.colcon_core.package_identification:_identify(scripts/standalone) by extension 'python'
[0.181s] Level 1:colcon.colcon_core.package_identification:_identify(scripts/standalone) by extensions ['python_setup_py']
[0.181s] Level 1:colcon.colcon_core.package_identification:_identify(scripts/standalone) by extension 'python_setup_py'
[0.181s] Level 1:colcon.colcon_core.package_identification:_identify(scripts/standalone/__pycache__) by extensions ['ignore', 'ignore_ament_install']
[0.181s] Level 1:colcon.colcon_core.package_identification:_identify(scripts/standalone/__pycache__) by extension 'ignore'
[0.181s] Level 1:colcon.colcon_core.package_identification:_identify(scripts/standalone/__pycache__) by extension 'ignore_ament_install'
[0.181s] Level 1:colcon.colcon_core.package_identification:_identify(scripts/standalone/__pycache__) by extensions ['colcon_pkg']
[0.181s] Level 1:colcon.colcon_core.package_identification:_identify(scripts/standalone/__pycache__) by extension 'colcon_pkg'
[0.181s] Level 1:colcon.colcon_core.package_identification:_identify(scripts/standalone/__pycache__) by extensions ['colcon_meta']
[0.181s] Level 1:colcon.colcon_core.package_identification:_identify(scripts/standalone/__pycache__) by extension 'colcon_meta'
[0.181s] Level 1:colcon.colcon_core.package_identification:_identify(scripts/standalone/__pycache__) by extensions ['ros']
[0.181s] Level 1:colcon.colcon_core.package_identification:_identify(scripts/standalone/__pycache__) by extension 'ros'
[0.181s] Level 1:colcon.colcon_core.package_identification:_identify(scripts/standalone/__pycache__) by extensions ['cmake', 'python']
[0.181s] Level 1:colcon.colcon_core.package_identification:_identify(scripts/standalone/__pycache__) by extension 'cmake'
[0.181s] Level 1:colcon.colcon_core.package_identification:_identify(scripts/standalone/__pycache__) by extension 'python'
[0.181s] Level 1:colcon.colcon_core.package_identification:_identify(scripts/standalone/__pycache__) by extensions ['python_setup_py']
[0.181s] Level 1:colcon.colcon_core.package_identification:_identify(scripts/standalone/__pycache__) by extension 'python_setup_py'
[0.181s] Level 1:colcon.colcon_core.package_identification:_identify(src) by extensions ['ignore', 'ignore_ament_install']
[0.181s] Level 1:colcon.colcon_core.package_identification:_identify(src) by extension 'ignore'
[0.181s] Level 1:colcon.colcon_core.package_identification:_identify(src) by extension 'ignore_ament_install'
[0.182s] Level 1:colcon.colcon_core.package_identification:_identify(src) by extensions ['colcon_pkg']
[0.182s] Level 1:colcon.colcon_core.package_identification:_identify(src) by extension 'colcon_pkg'
[0.182s] Level 1:colcon.colcon_core.package_identification:_identify(src) by extensions ['colcon_meta']
[0.182s] Level 1:colcon.colcon_core.package_identification:_identify(src) by extension 'colcon_meta'
[0.182s] Level 1:colcon.colcon_core.package_identification:_identify(src) by extensions ['ros']
[0.182s] Level 1:colcon.colcon_core.package_identification:_identify(src) by extension 'ros'
[0.182s] Level 1:colcon.colcon_core.package_identification:_identify(src) by extensions ['cmake', 'python']
[0.182s] Level 1:colcon.colcon_core.package_identification:_identify(src) by extension 'cmake'
[0.182s] Level 1:colcon.colcon_core.package_identification:_identify(src) by extension 'python'
[0.182s] Level 1:colcon.colcon_core.package_identification:_identify(src) by extensions ['python_setup_py']
[0.182s] Level 1:colcon.colcon_core.package_identification:_identify(src) by extension 'python_setup_py'
[0.182s] Level 1:colcon.colcon_core.package_identification:_identify(src/cuTAMP) by extensions ['ignore', 'ignore_ament_install']
[0.182s] Level 1:colcon.colcon_core.package_identification:_identify(src/cuTAMP) by extension 'ignore'
[0.182s] Level 1:colcon.colcon_core.package_identification:_identify(src/cuTAMP) by extension 'ignore_ament_install'
[0.182s] Level 1:colcon.colcon_core.package_identification:_identify(src/cuTAMP) by extensions ['colcon_pkg']
[0.182s] Level 1:colcon.colcon_core.package_identification:_identify(src/cuTAMP) by extension 'colcon_pkg'
[0.182s] Level 1:colcon.colcon_core.package_identification:_identify(src/cuTAMP) by extensions ['colcon_meta']
[0.182s] Level 1:colcon.colcon_core.package_identification:_identify(src/cuTAMP) by extension 'colcon_meta'
[0.182s] Level 1:colcon.colcon_core.package_identification:_identify(src/cuTAMP) by extensions ['ros']
[0.182s] Level 1:colcon.colcon_core.package_identification:_identify(src/cuTAMP) by extension 'ros'
[0.182s] Level 1:colcon.colcon_core.package_identification:_identify(src/cuTAMP) ignored
[0.182s] Level 1:colcon.colcon_core.package_identification:_identify(src/isaacsim) by extensions ['ignore', 'ignore_ament_install']
[0.182s] Level 1:colcon.colcon_core.package_identification:_identify(src/isaacsim) by extension 'ignore'
[0.182s] Level 1:colcon.colcon_core.package_identification:_identify(src/isaacsim) by extension 'ignore_ament_install'
[0.182s] Level 1:colcon.colcon_core.package_identification:_identify(src/isaacsim) by extensions ['colcon_pkg']
[0.182s] Level 1:colcon.colcon_core.package_identification:_identify(src/isaacsim) by extension 'colcon_pkg'
[0.182s] Level 1:colcon.colcon_core.package_identification:_identify(src/isaacsim) by extensions ['colcon_meta']
[0.182s] Level 1:colcon.colcon_core.package_identification:_identify(src/isaacsim) by extension 'colcon_meta'
[0.182s] Level 1:colcon.colcon_core.package_identification:_identify(src/isaacsim) by extensions ['ros']
[0.182s] Level 1:colcon.colcon_core.package_identification:_identify(src/isaacsim) by extension 'ros'
[0.183s] DEBUG:colcon.colcon_core.package_identification:Package 'src/isaacsim' with type 'ros.ament_cmake' and name 'isaacsim'
[0.183s] Level 1:colcon.colcon_core.package_identification:_identify(src/tamp) by extensions ['ignore', 'ignore_ament_install']
[0.183s] Level 1:colcon.colcon_core.package_identification:_identify(src/tamp) by extension 'ignore'
[0.183s] Level 1:colcon.colcon_core.package_identification:_identify(src/tamp) by extension 'ignore_ament_install'
[0.183s] Level 1:colcon.colcon_core.package_identification:_identify(src/tamp) by extensions ['colcon_pkg']
[0.183s] Level 1:colcon.colcon_core.package_identification:_identify(src/tamp) by extension 'colcon_pkg'
[0.183s] Level 1:colcon.colcon_core.package_identification:_identify(src/tamp) by extensions ['colcon_meta']
[0.183s] Level 1:colcon.colcon_core.package_identification:_identify(src/tamp) by extension 'colcon_meta'
[0.184s] Level 1:colcon.colcon_core.package_identification:_identify(src/tamp) by extensions ['ros']
[0.184s] Level 1:colcon.colcon_core.package_identification:_identify(src/tamp) by extension 'ros'
[0.184s] DEBUG:colcon.colcon_core.package_identification:Package 'src/tamp' with type 'ros.ament_cmake' and name 'tamp'
[0.184s] Level 1:colcon.colcon_core.package_identification:_identify(src/tamp_interfaces) by extensions ['ignore', 'ignore_ament_install']
[0.184s] Level 1:colcon.colcon_core.package_identification:_identify(src/tamp_interfaces) by extension 'ignore'
[0.184s] Level 1:colcon.colcon_core.package_identification:_identify(src/tamp_interfaces) by extension 'ignore_ament_install'
[0.184s] Level 1:colcon.colcon_core.package_identification:_identify(src/tamp_interfaces) by extensions ['colcon_pkg']
[0.184s] Level 1:colcon.colcon_core.package_identification:_identify(src/tamp_interfaces) by extension 'colcon_pkg'
[0.184s] Level 1:colcon.colcon_core.package_identification:_identify(src/tamp_interfaces) by extensions ['colcon_meta']
[0.184s] Level 1:colcon.colcon_core.package_identification:_identify(src/tamp_interfaces) by extension 'colcon_meta'
[0.184s] Level 1:colcon.colcon_core.package_identification:_identify(src/tamp_interfaces) by extensions ['ros']
[0.184s] Level 1:colcon.colcon_core.package_identification:_identify(src/tamp_interfaces) by extension 'ros'
[0.184s] DEBUG:colcon.colcon_core.package_identification:Package 'src/tamp_interfaces' with type 'ros.ament_cmake' and name 'tamp_interfaces'
[0.184s] Level 1:colcon.colcon_core.package_discovery:discover_packages(recursive) using defaults
[0.184s] Level 1:colcon.colcon_core.package_discovery:discover_packages(ignore) discover
[0.184s] Level 1:colcon.colcon_core.package_discovery:discover_packages(ignore) using defaults
[0.184s] Level 1:colcon.colcon_core.package_discovery:discover_packages(path) discover
[0.184s] Level 1:colcon.colcon_core.package_discovery:discover_packages(path) using defaults
[0.200s] Level 1:colcon.colcon_core.package_discovery:discover_packages(prefix_path) check parameters
[0.200s] Level 1:colcon.colcon_core.package_discovery:discover_packages(prefix_path) discover
[0.202s] DEBUG:colcon.colcon_installed_package_information.package_discovery:Found 3 installed packages in /home/home/sdl_cutamp_ws/install
[0.202s] DEBUG:colcon.colcon_installed_package_information.package_discovery:Found 362 installed packages in /opt/ros/humble
[0.203s] Level 1:colcon.colcon_core.package_discovery:discover_packages(prefix_path) using defaults
[0.220s] Level 5:colcon.colcon_core.verb:set package 'isaacsim' build argument 'cmake_args' from command line to 'None'
[0.220s] Level 5:colcon.colcon_core.verb:set package 'isaacsim' build argument 'cmake_target' from command line to 'None'
[0.220s] Level 5:colcon.colcon_core.verb:set package 'isaacsim' build argument 'cmake_target_skip_unavailable' from command line to 'False'
[0.220s] Level 5:colcon.colcon_core.verb:set package 'isaacsim' build argument 'cmake_clean_cache' from command line to 'False'
[0.220s] Level 5:colcon.colcon_core.verb:set package 'isaacsim' build argument 'cmake_clean_first' from command line to 'False'
[0.220s] Level 5:colcon.colcon_core.verb:set package 'isaacsim' build argument 'cmake_force_configure' from command line to 'False'
[0.220s] Level 5:colcon.colcon_core.verb:set package 'isaacsim' build argument 'ament_cmake_args' from command line to 'None'
[0.220s] Level 5:colcon.colcon_core.verb:set package 'isaacsim' build argument 'catkin_cmake_args' from command line to 'None'
[0.220s] Level 5:colcon.colcon_core.verb:set package 'isaacsim' build argument 'catkin_skip_building_tests' from command line to 'False'
[0.220s] DEBUG:colcon.colcon_core.verb:Building package 'isaacsim' with the following arguments: {'ament_cmake_args': None, 'build_base': '/home/home/sdl_cutamp_ws/build/isaacsim', 'catkin_cmake_args': None, 'catkin_skip_building_tests': False, 'cmake_args': None, 'cmake_clean_cache': False, 'cmake_clean_first': False, 'cmake_force_configure': False, 'cmake_target': None, 'cmake_target_skip_unavailable': False, 'install_base': '/home/home/sdl_cutamp_ws/install/isaacsim', 'merge_install': False, 'path': '/home/home/sdl_cutamp_ws/src/isaacsim', 'symlink_install': False, 'test_result_base': None}
[0.220s] Level 5:colcon.colcon_core.verb:set package 'tamp' build argument 'cmake_args' from command line to 'None'
[0.220s] Level 5:colcon.colcon_core.verb:set package 'tamp' build argument 'cmake_target' from command line to 'None'
[0.220s] Level 5:colcon.colcon_core.verb:set package 'tamp' build argument 'cmake_target_skip_unavailable' from command line to 'False'
[0.220s] Level 5:colcon.colcon_core.verb:set package 'tamp' build argument 'cmake_clean_cache' from command line to 'False'
[0.220s] Level 5:colcon.colcon_core.verb:set package 'tamp' build argument 'cmake_clean_first' from command line to 'False'
[0.220s] Level 5:colcon.colcon_core.verb:set package 'tamp' build argument 'cmake_force_configure' from command line to 'False'
[0.220s] Level 5:colcon.colcon_core.verb:set package 'tamp' build argument 'ament_cmake_args' from command line to 'None'
[0.220s] Level 5:colcon.colcon_core.verb:set package 'tamp' build argument 'catkin_cmake_args' from command line to 'None'
[0.220s] Level 5:colcon.colcon_core.verb:set package 'tamp' build argument 'catkin_skip_building_tests' from command line to 'False'
[0.220s] DEBUG:colcon.colcon_core.verb:Building package 'tamp' with the following arguments: {'ament_cmake_args': None, 'build_base': '/home/home/sdl_cutamp_ws/build/tamp', 'catkin_cmake_args': None, 'catkin_skip_building_tests': False, 'cmake_args': None, 'cmake_clean_cache': False, 'cmake_clean_first': False, 'cmake_force_configure': False, 'cmake_target': None, 'cmake_target_skip_unavailable': False, 'install_base': '/home/home/sdl_cutamp_ws/install/tamp', 'merge_install': False, 'path': '/home/home/sdl_cutamp_ws/src/tamp', 'symlink_install': False, 'test_result_base': None}
[0.220s] Level 5:colcon.colcon_core.verb:set package 'tamp_interfaces' build argument 'cmake_args' from command line to 'None'
[0.220s] Level 5:colcon.colcon_core.verb:set package 'tamp_interfaces' build argument 'cmake_target' from command line to 'None'
[0.220s] Level 5:colcon.colcon_core.verb:set package 'tamp_interfaces' build argument 'cmake_target_skip_unavailable' from command line to 'False'
[0.220s] Level 5:colcon.colcon_core.verb:set package 'tamp_interfaces' build argument 'cmake_clean_cache' from command line to 'False'
[0.220s] Level 5:colcon.colcon_core.verb:set package 'tamp_interfaces' build argument 'cmake_clean_first' from command line to 'False'
[0.220s] Level 5:colcon.colcon_core.verb:set package 'tamp_interfaces' build argument 'cmake_force_configure' from command line to 'False'
[0.220s] Level 5:colcon.colcon_core.verb:set package 'tamp_interfaces' build argument 'ament_cmake_args' from command line to 'None'
[0.220s] Level 5:colcon.colcon_core.verb:set package 'tamp_interfaces' build argument 'catkin_cmake_args' from command line to 'None'
[0.220s] Level 5:colcon.colcon_core.verb:set package 'tamp_interfaces' build argument 'catkin_skip_building_tests' from command line to 'False'
[0.220s] DEBUG:colcon.colcon_core.verb:Building package 'tamp_interfaces' with the following arguments: {'ament_cmake_args': None, 'build_base': '/home/home/sdl_cutamp_ws/build/tamp_interfaces', 'catkin_cmake_args': None, 'catkin_skip_building_tests': False, 'cmake_args': None, 'cmake_clean_cache': False, 'cmake_clean_first': False, 'cmake_force_configure': False, 'cmake_target': None, 'cmake_target_skip_unavailable': False, 'install_base': '/home/home/sdl_cutamp_ws/install/tamp_interfaces', 'merge_install': False, 'path': '/home/home/sdl_cutamp_ws/src/tamp_interfaces', 'symlink_install': False, 'test_result_base': None}
[0.220s] INFO:colcon.colcon_core.executor:Executing jobs using 'parallel' executor
[0.221s] DEBUG:colcon.colcon_parallel_executor.executor.parallel:run_until_complete
[0.221s] INFO:colcon.colcon_ros.task.ament_cmake.build:Building ROS package in '/home/home/sdl_cutamp_ws/src/isaacsim' with build type 'ament_cmake'
[0.221s] INFO:colcon.colcon_cmake.task.cmake.build:Building CMake package in '/home/home/sdl_cutamp_ws/src/isaacsim'
[0.223s] INFO:colcon.colcon_core.plugin_system:Skipping extension 'colcon_core.shell.bat': Not used on non-Windows systems
[0.223s] INFO:colcon.colcon_core.shell:Skip shell extension 'powershell' for command environment: Not usable outside of PowerShell
[0.223s] DEBUG:colcon.colcon_core.shell:Skip shell extension 'dsv' for command environment
[0.225s] INFO:colcon.colcon_ros.task.ament_cmake.build:Building ROS package in '/home/home/sdl_cutamp_ws/src/tamp' with build type 'ament_cmake'
[0.225s] INFO:colcon.colcon_cmake.task.cmake.build:Building CMake package in '/home/home/sdl_cutamp_ws/src/tamp'
[0.225s] INFO:colcon.colcon_core.shell:Skip shell extension 'powershell' for command environment: Not usable outside of PowerShell
[0.225s] DEBUG:colcon.colcon_core.shell:Skip shell extension 'dsv' for command environment
[0.226s] INFO:colcon.colcon_ros.task.ament_cmake.build:Building ROS package in '/home/home/sdl_cutamp_ws/src/tamp_interfaces' with build type 'ament_cmake'
[0.226s] INFO:colcon.colcon_cmake.task.cmake.build:Building CMake package in '/home/home/sdl_cutamp_ws/src/tamp_interfaces'
[0.226s] INFO:colcon.colcon_core.shell:Skip shell extension 'powershell' for command environment: Not usable outside of PowerShell
[0.226s] DEBUG:colcon.colcon_core.shell:Skip shell extension 'dsv' for command environment
[0.229s] DEBUG:colcon.colcon_core.event_handler.log_command:Invoking command in '/home/home/sdl_cutamp_ws/build/isaacsim': CMAKE_PREFIX_PATH=${CMAKE_PREFIX_PATH}:/opt/ros/humble /usr/bin/cmake --build /home/home/sdl_cutamp_ws/build/isaacsim -- -j16 -l16
[0.231s] DEBUG:colcon.colcon_core.event_handler.log_command:Invoking command in '/home/home/sdl_cutamp_ws/build/tamp': CMAKE_PREFIX_PATH=${CMAKE_PREFIX_PATH}:/opt/ros/humble /usr/bin/cmake --build /home/home/sdl_cutamp_ws/build/tamp -- -j16 -l16
[0.232s] DEBUG:colcon.colcon_core.event_handler.log_command:Invoking command in '/home/home/sdl_cutamp_ws/build/tamp_interfaces': CMAKE_PREFIX_PATH=${CMAKE_PREFIX_PATH}:/opt/ros/humble /usr/bin/cmake --build /home/home/sdl_cutamp_ws/build/tamp_interfaces -- -j16 -l16
[0.249s] DEBUG:colcon.colcon_core.event_handler.log_command:Invoked command in '/home/home/sdl_cutamp_ws/build/tamp' returned '0': CMAKE_PREFIX_PATH=${CMAKE_PREFIX_PATH}:/opt/ros/humble /usr/bin/cmake --build /home/home/sdl_cutamp_ws/build/tamp -- -j16 -l16
[0.252s] DEBUG:colcon.colcon_core.event_handler.log_command:Invoking command in '/home/home/sdl_cutamp_ws/build/tamp': CMAKE_PREFIX_PATH=${CMAKE_PREFIX_PATH}:/opt/ros/humble /usr/bin/cmake --install /home/home/sdl_cutamp_ws/build/tamp
[0.252s] DEBUG:colcon.colcon_core.event_handler.log_command:Invoked command in '/home/home/sdl_cutamp_ws/build/isaacsim' returned '0': CMAKE_PREFIX_PATH=${CMAKE_PREFIX_PATH}:/opt/ros/humble /usr/bin/cmake --build /home/home/sdl_cutamp_ws/build/isaacsim -- -j16 -l16
[0.253s] DEBUG:colcon.colcon_core.event_handler.log_command:Invoking command in '/home/home/sdl_cutamp_ws/build/isaacsim': CMAKE_PREFIX_PATH=${CMAKE_PREFIX_PATH}:/opt/ros/humble /usr/bin/cmake --install /home/home/sdl_cutamp_ws/build/isaacsim
[0.256s] Level 1:colcon.colcon_core.environment:create_environment_scripts_only(tamp)
[0.256s] DEBUG:colcon.colcon_core.event_handler.log_command:Invoked command in '/home/home/sdl_cutamp_ws/build/tamp' returned '0': CMAKE_PREFIX_PATH=${CMAKE_PREFIX_PATH}:/opt/ros/humble /usr/bin/cmake --install /home/home/sdl_cutamp_ws/build/tamp
[0.259s] Level 1:colcon.colcon_core.environment:checking '/home/home/sdl_cutamp_ws/install/tamp' for CMake module files
[0.260s] Level 1:colcon.colcon_core.environment:checking '/home/home/sdl_cutamp_ws/install/tamp' for CMake config files
[0.260s] Level 1:colcon.colcon_core.shell:create_environment_hook('tamp', 'cmake_prefix_path')
[0.260s] INFO:colcon.colcon_core.shell:Creating environment hook '/home/home/sdl_cutamp_ws/install/tamp/share/tamp/hook/cmake_prefix_path.ps1'
[0.260s] INFO:colcon.colcon_core.shell:Creating environment descriptor '/home/home/sdl_cutamp_ws/install/tamp/share/tamp/hook/cmake_prefix_path.dsv'
[0.261s] INFO:colcon.colcon_core.shell:Creating environment hook '/home/home/sdl_cutamp_ws/install/tamp/share/tamp/hook/cmake_prefix_path.sh'
[0.261s] Level 1:colcon.colcon_core.environment:checking '/home/home/sdl_cutamp_ws/install/tamp/lib'
[0.262s] Level 1:colcon.colcon_core.environment:checking '/home/home/sdl_cutamp_ws/install/tamp/bin'
[0.262s] Level 1:colcon.colcon_core.environment:checking '/home/home/sdl_cutamp_ws/install/tamp/lib/pkgconfig/tamp.pc'
[0.262s] Level 1:colcon.colcon_core.environment:checking '/home/home/sdl_cutamp_ws/install/tamp/lib/python3.10/site-packages'
[0.262s] Level 1:colcon.colcon_core.environment:checking '/home/home/sdl_cutamp_ws/install/tamp/bin'
[0.262s] INFO:colcon.colcon_core.shell:Creating package script '/home/home/sdl_cutamp_ws/install/tamp/share/tamp/package.ps1'
[0.262s] INFO:colcon.colcon_core.shell:Creating package descriptor '/home/home/sdl_cutamp_ws/install/tamp/share/tamp/package.dsv'
[0.263s] INFO:colcon.colcon_core.shell:Creating package script '/home/home/sdl_cutamp_ws/install/tamp/share/tamp/package.sh'
[0.263s] INFO:colcon.colcon_core.shell:Creating package script '/home/home/sdl_cutamp_ws/install/tamp/share/tamp/package.bash'
[0.263s] INFO:colcon.colcon_core.shell:Creating package script '/home/home/sdl_cutamp_ws/install/tamp/share/tamp/package.zsh'
[0.264s] Level 1:colcon.colcon_core.environment:create_file_with_runtime_dependencies(/home/home/sdl_cutamp_ws/install/tamp/share/colcon-core/packages/tamp)
[0.264s] Level 1:colcon.colcon_core.environment:create_environment_scripts_only(tamp)
[0.264s] Level 1:colcon.colcon_core.environment:checking '/home/home/sdl_cutamp_ws/install/tamp' for CMake module files
[0.264s] Level 1:colcon.colcon_core.environment:checking '/home/home/sdl_cutamp_ws/install/tamp' for CMake config files
[0.264s] Level 1:colcon.colcon_core.shell:create_environment_hook('tamp', 'cmake_prefix_path')
[0.264s] INFO:colcon.colcon_core.shell:Creating environment hook '/home/home/sdl_cutamp_ws/install/tamp/share/tamp/hook/cmake_prefix_path.ps1'
[0.264s] INFO:colcon.colcon_core.shell:Creating environment descriptor '/home/home/sdl_cutamp_ws/install/tamp/share/tamp/hook/cmake_prefix_path.dsv'
[0.265s] INFO:colcon.colcon_core.shell:Creating environment hook '/home/home/sdl_cutamp_ws/install/tamp/share/tamp/hook/cmake_prefix_path.sh'
[0.265s] Level 1:colcon.colcon_core.environment:checking '/home/home/sdl_cutamp_ws/install/tamp/lib'
[0.265s] Level 1:colcon.colcon_core.environment:checking '/home/home/sdl_cutamp_ws/install/tamp/bin'
[0.265s] Level 1:colcon.colcon_core.environment:checking '/home/home/sdl_cutamp_ws/install/tamp/lib/pkgconfig/tamp.pc'
[0.265s] Level 1:colcon.colcon_core.environment:checking '/home/home/sdl_cutamp_ws/install/tamp/lib/python3.10/site-packages'
[0.265s] Level 1:colcon.colcon_core.environment:checking '/home/home/sdl_cutamp_ws/install/tamp/bin'
[0.265s] INFO:colcon.colcon_core.shell:Creating package script '/home/home/sdl_cutamp_ws/install/tamp/share/tamp/package.ps1'
[0.265s] INFO:colcon.colcon_core.shell:Creating package descriptor '/home/home/sdl_cutamp_ws/install/tamp/share/tamp/package.dsv'
[0.265s] INFO:colcon.colcon_core.shell:Creating package script '/home/home/sdl_cutamp_ws/install/tamp/share/tamp/package.sh'
[0.266s] INFO:colcon.colcon_core.shell:Creating package script '/home/home/sdl_cutamp_ws/install/tamp/share/tamp/package.bash'
[0.266s] INFO:colcon.colcon_core.shell:Creating package script '/home/home/sdl_cutamp_ws/install/tamp/share/tamp/package.zsh'
[0.266s] Level 1:colcon.colcon_core.environment:create_file_with_runtime_dependencies(/home/home/sdl_cutamp_ws/install/tamp/share/colcon-core/packages/tamp)
[0.266s] Level 1:colcon.colcon_core.environment:create_environment_scripts_only(isaacsim)
[0.267s] Level 1:colcon.colcon_core.environment:checking '/home/home/sdl_cutamp_ws/install/isaacsim' for CMake module files
[0.267s] DEBUG:colcon.colcon_core.event_handler.log_command:Invoked command in '/home/home/sdl_cutamp_ws/build/isaacsim' returned '0': CMAKE_PREFIX_PATH=${CMAKE_PREFIX_PATH}:/opt/ros/humble /usr/bin/cmake --install /home/home/sdl_cutamp_ws/build/isaacsim
[0.267s] Level 1:colcon.colcon_core.environment:checking '/home/home/sdl_cutamp_ws/install/isaacsim' for CMake config files
[0.267s] Level 1:colcon.colcon_core.shell:create_environment_hook('isaacsim', 'cmake_prefix_path')
[0.267s] INFO:colcon.colcon_core.shell:Creating environment hook '/home/home/sdl_cutamp_ws/install/isaacsim/share/isaacsim/hook/cmake_prefix_path.ps1'
[0.268s] INFO:colcon.colcon_core.shell:Creating environment descriptor '/home/home/sdl_cutamp_ws/install/isaacsim/share/isaacsim/hook/cmake_prefix_path.dsv'
[0.268s] INFO:colcon.colcon_core.shell:Creating environment hook '/home/home/sdl_cutamp_ws/install/isaacsim/share/isaacsim/hook/cmake_prefix_path.sh'
[0.268s] Level 1:colcon.colcon_core.environment:checking '/home/home/sdl_cutamp_ws/install/isaacsim/lib'
[0.268s] Level 1:colcon.colcon_core.environment:checking '/home/home/sdl_cutamp_ws/install/isaacsim/bin'
[0.268s] Level 1:colcon.colcon_core.environment:checking '/home/home/sdl_cutamp_ws/install/isaacsim/lib/pkgconfig/isaacsim.pc'
[0.268s] Level 1:colcon.colcon_core.environment:checking '/home/home/sdl_cutamp_ws/install/isaacsim/lib/python3.10/site-packages'
[0.268s] Level 1:colcon.colcon_core.environment:checking '/home/home/sdl_cutamp_ws/install/isaacsim/bin'
[0.268s] INFO:colcon.colcon_core.shell:Creating package script '/home/home/sdl_cutamp_ws/install/isaacsim/share/isaacsim/package.ps1'
[0.269s] INFO:colcon.colcon_core.shell:Creating package descriptor '/home/home/sdl_cutamp_ws/install/isaacsim/share/isaacsim/package.dsv'
[0.269s] INFO:colcon.colcon_core.shell:Creating package script '/home/home/sdl_cutamp_ws/install/isaacsim/share/isaacsim/package.sh'
[0.269s] INFO:colcon.colcon_core.shell:Creating package script '/home/home/sdl_cutamp_ws/install/isaacsim/share/isaacsim/package.bash'
[0.269s] INFO:colcon.colcon_core.shell:Creating package script '/home/home/sdl_cutamp_ws/install/isaacsim/share/isaacsim/package.zsh'
[0.269s] Level 1:colcon.colcon_core.environment:create_file_with_runtime_dependencies(/home/home/sdl_cutamp_ws/install/isaacsim/share/colcon-core/packages/isaacsim)
[0.270s] Level 1:colcon.colcon_core.environment:create_environment_scripts_only(isaacsim)
[0.270s] Level 1:colcon.colcon_core.environment:checking '/home/home/sdl_cutamp_ws/install/isaacsim' for CMake module files
[0.270s] Level 1:colcon.colcon_core.environment:checking '/home/home/sdl_cutamp_ws/install/isaacsim' for CMake config files
[0.270s] Level 1:colcon.colcon_core.shell:create_environment_hook('isaacsim', 'cmake_prefix_path')
[0.270s] INFO:colcon.colcon_core.shell:Creating environment hook '/home/home/sdl_cutamp_ws/install/isaacsim/share/isaacsim/hook/cmake_prefix_path.ps1'
[0.270s] INFO:colcon.colcon_core.shell:Creating environment descriptor '/home/home/sdl_cutamp_ws/install/isaacsim/share/isaacsim/hook/cmake_prefix_path.dsv'
[0.270s] INFO:colcon.colcon_core.shell:Creating environment hook '/home/home/sdl_cutamp_ws/install/isaacsim/share/isaacsim/hook/cmake_prefix_path.sh'
[0.270s] Level 1:colcon.colcon_core.environment:checking '/home/home/sdl_cutamp_ws/install/isaacsim/lib'
[0.270s] Level 1:colcon.colcon_core.environment:checking '/home/home/sdl_cutamp_ws/install/isaacsim/bin'
[0.270s] Level 1:colcon.colcon_core.environment:checking '/home/home/sdl_cutamp_ws/install/isaacsim/lib/pkgconfig/isaacsim.pc'
[0.271s] Level 1:colcon.colcon_core.environment:checking '/home/home/sdl_cutamp_ws/install/isaacsim/lib/python3.10/site-packages'
[0.271s] Level 1:colcon.colcon_core.environment:checking '/home/home/sdl_cutamp_ws/install/isaacsim/bin'
[0.271s] INFO:colcon.colcon_core.shell:Creating package script '/home/home/sdl_cutamp_ws/install/isaacsim/share/isaacsim/package.ps1'
[0.271s] INFO:colcon.colcon_core.shell:Creating package descriptor '/home/home/sdl_cutamp_ws/install/isaacsim/share/isaacsim/package.dsv'
[0.271s] INFO:colcon.colcon_core.shell:Creating package script '/home/home/sdl_cutamp_ws/install/isaacsim/share/isaacsim/package.sh'
[0.271s] INFO:colcon.colcon_core.shell:Creating package script '/home/home/sdl_cutamp_ws/install/isaacsim/share/isaacsim/package.bash'
[0.271s] INFO:colcon.colcon_core.shell:Creating package script '/home/home/sdl_cutamp_ws/install/isaacsim/share/isaacsim/package.zsh'
[0.272s] Level 1:colcon.colcon_core.environment:create_file_with_runtime_dependencies(/home/home/sdl_cutamp_ws/install/isaacsim/share/colcon-core/packages/isaacsim)
[0.367s] DEBUG:colcon.colcon_core.event_handler.log_command:Invoked command in '/home/home/sdl_cutamp_ws/build/tamp_interfaces' returned '0': CMAKE_PREFIX_PATH=${CMAKE_PREFIX_PATH}:/opt/ros/humble /usr/bin/cmake --build /home/home/sdl_cutamp_ws/build/tamp_interfaces -- -j16 -l16
[0.368s] DEBUG:colcon.colcon_core.event_handler.log_command:Invoking command in '/home/home/sdl_cutamp_ws/build/tamp_interfaces': CMAKE_PREFIX_PATH=${CMAKE_PREFIX_PATH}:/opt/ros/humble /usr/bin/cmake --install /home/home/sdl_cutamp_ws/build/tamp_interfaces
[0.392s] Level 1:colcon.colcon_core.environment:create_environment_scripts_only(tamp_interfaces)
[0.392s] Level 1:colcon.colcon_core.environment:checking '/home/home/sdl_cutamp_ws/install/tamp_interfaces' for CMake module files
[0.393s] DEBUG:colcon.colcon_core.event_handler.log_command:Invoked command in '/home/home/sdl_cutamp_ws/build/tamp_interfaces' returned '0': CMAKE_PREFIX_PATH=${CMAKE_PREFIX_PATH}:/opt/ros/humble /usr/bin/cmake --install /home/home/sdl_cutamp_ws/build/tamp_interfaces
[0.393s] Level 1:colcon.colcon_core.environment:checking '/home/home/sdl_cutamp_ws/install/tamp_interfaces' for CMake config files
[0.393s] Level 1:colcon.colcon_core.shell:create_environment_hook('tamp_interfaces', 'cmake_prefix_path')
[0.393s] INFO:colcon.colcon_core.shell:Creating environment hook '/home/home/sdl_cutamp_ws/install/tamp_interfaces/share/tamp_interfaces/hook/cmake_prefix_path.ps1'
[0.393s] INFO:colcon.colcon_core.shell:Creating environment descriptor '/home/home/sdl_cutamp_ws/install/tamp_interfaces/share/tamp_interfaces/hook/cmake_prefix_path.dsv'
[0.393s] INFO:colcon.colcon_core.shell:Creating environment hook '/home/home/sdl_cutamp_ws/install/tamp_interfaces/share/tamp_interfaces/hook/cmake_prefix_path.sh'
[0.393s] Level 1:colcon.colcon_core.environment:checking '/home/home/sdl_cutamp_ws/install/tamp_interfaces/lib'
[0.394s] Level 1:colcon.colcon_core.shell:create_environment_hook('tamp_interfaces', 'ld_library_path_lib')
[0.394s] INFO:colcon.colcon_core.shell:Creating environment hook '/home/home/sdl_cutamp_ws/install/tamp_interfaces/share/tamp_interfaces/hook/ld_library_path_lib.ps1'
[0.394s] INFO:colcon.colcon_core.shell:Creating environment descriptor '/home/home/sdl_cutamp_ws/install/tamp_interfaces/share/tamp_interfaces/hook/ld_library_path_lib.dsv'
[0.394s] INFO:colcon.colcon_core.shell:Creating environment hook '/home/home/sdl_cutamp_ws/install/tamp_interfaces/share/tamp_interfaces/hook/ld_library_path_lib.sh'
[0.394s] Level 1:colcon.colcon_core.environment:checking '/home/home/sdl_cutamp_ws/install/tamp_interfaces/bin'
[0.394s] Level 1:colcon.colcon_core.environment:checking '/home/home/sdl_cutamp_ws/install/tamp_interfaces/lib/pkgconfig/tamp_interfaces.pc'
[0.394s] Level 1:colcon.colcon_core.environment:checking '/home/home/sdl_cutamp_ws/install/tamp_interfaces/lib/python3.10/site-packages'
[0.394s] Level 1:colcon.colcon_core.environment:checking '/home/home/sdl_cutamp_ws/install/tamp_interfaces/bin'
[0.394s] INFO:colcon.colcon_core.shell:Creating package script '/home/home/sdl_cutamp_ws/install/tamp_interfaces/share/tamp_interfaces/package.ps1'
[0.395s] INFO:colcon.colcon_core.shell:Creating package descriptor '/home/home/sdl_cutamp_ws/install/tamp_interfaces/share/tamp_interfaces/package.dsv'
[0.395s] INFO:colcon.colcon_core.shell:Creating package script '/home/home/sdl_cutamp_ws/install/tamp_interfaces/share/tamp_interfaces/package.sh'
[0.395s] INFO:colcon.colcon_core.shell:Creating package script '/home/home/sdl_cutamp_ws/install/tamp_interfaces/share/tamp_interfaces/package.bash'
[0.395s] INFO:colcon.colcon_core.shell:Creating package script '/home/home/sdl_cutamp_ws/install/tamp_interfaces/share/tamp_interfaces/package.zsh'
[0.395s] Level 1:colcon.colcon_core.environment:create_file_with_runtime_dependencies(/home/home/sdl_cutamp_ws/install/tamp_interfaces/share/colcon-core/packages/tamp_interfaces)
[0.395s] Level 1:colcon.colcon_core.environment:create_environment_scripts_only(tamp_interfaces)
[0.395s] Level 1:colcon.colcon_core.environment:checking '/home/home/sdl_cutamp_ws/install/tamp_interfaces' for CMake module files
[0.395s] Level 1:colcon.colcon_core.environment:checking '/home/home/sdl_cutamp_ws/install/tamp_interfaces' for CMake config files
[0.396s] Level 1:colcon.colcon_core.shell:create_environment_hook('tamp_interfaces', 'cmake_prefix_path')
[0.396s] INFO:colcon.colcon_core.shell:Creating environment hook '/home/home/sdl_cutamp_ws/install/tamp_interfaces/share/tamp_interfaces/hook/cmake_prefix_path.ps1'
[0.396s] INFO:colcon.colcon_core.shell:Creating environment descriptor '/home/home/sdl_cutamp_ws/install/tamp_interfaces/share/tamp_interfaces/hook/cmake_prefix_path.dsv'
[0.396s] INFO:colcon.colcon_core.shell:Creating environment hook '/home/home/sdl_cutamp_ws/install/tamp_interfaces/share/tamp_interfaces/hook/cmake_prefix_path.sh'
[0.396s] Level 1:colcon.colcon_core.environment:checking '/home/home/sdl_cutamp_ws/install/tamp_interfaces/lib'
[0.396s] Level 1:colcon.colcon_core.shell:create_environment_hook('tamp_interfaces', 'ld_library_path_lib')
[0.396s] INFO:colcon.colcon_core.shell:Creating environment hook '/home/home/sdl_cutamp_ws/install/tamp_interfaces/share/tamp_interfaces/hook/ld_library_path_lib.ps1'
[0.396s] INFO:colcon.colcon_core.shell:Creating environment descriptor '/home/home/sdl_cutamp_ws/install/tamp_interfaces/share/tamp_interfaces/hook/ld_library_path_lib.dsv'
[0.397s] INFO:colcon.colcon_core.shell:Creating environment hook '/home/home/sdl_cutamp_ws/install/tamp_interfaces/share/tamp_interfaces/hook/ld_library_path_lib.sh'
[0.397s] Level 1:colcon.colcon_core.environment:checking '/home/home/sdl_cutamp_ws/install/tamp_interfaces/bin'
[0.397s] Level 1:colcon.colcon_core.environment:checking '/home/home/sdl_cutamp_ws/install/tamp_interfaces/lib/pkgconfig/tamp_interfaces.pc'
[0.397s] Level 1:colcon.colcon_core.environment:checking '/home/home/sdl_cutamp_ws/install/tamp_interfaces/lib/python3.10/site-packages'
[0.397s] Level 1:colcon.colcon_core.environment:checking '/home/home/sdl_cutamp_ws/install/tamp_interfaces/bin'
[0.397s] INFO:colcon.colcon_core.shell:Creating package script '/home/home/sdl_cutamp_ws/install/tamp_interfaces/share/tamp_interfaces/package.ps1'
[0.397s] INFO:colcon.colcon_core.shell:Creating package descriptor '/home/home/sdl_cutamp_ws/install/tamp_interfaces/share/tamp_interfaces/package.dsv'
[0.397s] INFO:colcon.colcon_core.shell:Creating package script '/home/home/sdl_cutamp_ws/install/tamp_interfaces/share/tamp_interfaces/package.sh'
[0.397s] INFO:colcon.colcon_core.shell:Creating package script '/home/home/sdl_cutamp_ws/install/tamp_interfaces/share/tamp_interfaces/package.bash'
[0.398s] INFO:colcon.colcon_core.shell:Creating package script '/home/home/sdl_cutamp_ws/install/tamp_interfaces/share/tamp_interfaces/package.zsh'
[0.398s] Level 1:colcon.colcon_core.environment:create_file_with_runtime_dependencies(/home/home/sdl_cutamp_ws/install/tamp_interfaces/share/colcon-core/packages/tamp_interfaces)
[0.398s] DEBUG:colcon.colcon_parallel_executor.executor.parallel:closing loop
[0.398s] DEBUG:colcon.colcon_parallel_executor.executor.parallel:loop closed
[0.398s] DEBUG:colcon.colcon_parallel_executor.executor.parallel:run_until_complete finished with '0'
[0.398s] DEBUG:colcon.colcon_core.event_reactor:joining thread
[0.401s] INFO:colcon.colcon_core.plugin_system:Skipping extension 'colcon_notification.desktop_notification.terminal_notifier': Not used on non-Darwin systems
[0.401s] INFO:colcon.colcon_core.plugin_system:Skipping extension 'colcon_notification.desktop_notification.win32': Not used on non-Windows systems
[0.401s] INFO:colcon.colcon_notification.desktop_notification:Sending desktop notification using 'notify2'
[0.410s] DEBUG:colcon.colcon_core.event_reactor:joined thread
[0.410s] INFO:colcon.colcon_core.shell:Creating prefix script '/home/home/sdl_cutamp_ws/install/local_setup.ps1'
[0.411s] INFO:colcon.colcon_core.shell:Creating prefix util module '/home/home/sdl_cutamp_ws/install/_local_setup_util_ps1.py'
[0.412s] INFO:colcon.colcon_core.shell:Creating prefix chain script '/home/home/sdl_cutamp_ws/install/setup.ps1'
[0.413s] INFO:colcon.colcon_core.shell:Creating prefix script '/home/home/sdl_cutamp_ws/install/local_setup.sh'
[0.413s] INFO:colcon.colcon_core.shell:Creating prefix util module '/home/home/sdl_cutamp_ws/install/_local_setup_util_sh.py'
[0.413s] INFO:colcon.colcon_core.shell:Creating prefix chain script '/home/home/sdl_cutamp_ws/install/setup.sh'
[0.414s] INFO:colcon.colcon_core.shell:Creating prefix script '/home/home/sdl_cutamp_ws/install/local_setup.bash'
[0.414s] INFO:colcon.colcon_core.shell:Creating prefix chain script '/home/home/sdl_cutamp_ws/install/setup.bash'
[0.414s] INFO:colcon.colcon_core.shell:Creating prefix script '/home/home/sdl_cutamp_ws/install/local_setup.zsh'
[0.415s] INFO:colcon.colcon_core.shell:Creating prefix chain script '/home/home/sdl_cutamp_ws/install/setup.zsh'
