-- Install configuration: ""
-- Up-to-date: /home/home/sdl_cutamp_ws/install/isaacsim/share/isaacsim/scripts
-- Up-to-date: /home/home/sdl_cutamp_ws/install/isaacsim/share/isaacsim/scripts/open_isaacsim_stage.py
-- Up-to-date: /home/home/sdl_cutamp_ws/install/isaacsim/share/isaacsim/scripts/run_isaacsim.py
-- Up-to-date: /home/home/sdl_cutamp_ws/install/isaacsim/share/isaacsim/scripts/standalone
-- Up-to-date: /home/home/sdl_cutamp_ws/install/isaacsim/share/isaacsim/scripts/standalone/simulation_franka.py
-- Up-to-date: /home/home/sdl_cutamp_ws/install/isaacsim/share/isaacsim/scripts/standalone/fr5.py
-- Up-to-date: /home/home/sdl_cutamp_ws/install/isaacsim/share/isaacsim/scripts/standalone/__pycache__
-- Installing: /home/home/sdl_cutamp_ws/install/isaacsim/share/isaacsim/scripts/standalone/__pycache__/task.cpython-311.pyc
-- Up-to-date: /home/home/sdl_cutamp_ws/install/isaacsim/share/isaacsim/scripts/standalone/__pycache__/fr5.cpython-311.pyc
-- Installing: /home/home/sdl_cutamp_ws/install/isaacsim/share/isaacsim/scripts/standalone/task.py
-- Up-to-date: /home/home/sdl_cutamp_ws/install/isaacsim/share/isaacsim/scripts/standalone/simulation_fr5.py
-- Up-to-date: /home/home/sdl_cutamp_ws/install/isaacsim/share/isaacsim/launch
-- Up-to-date: /home/home/sdl_cutamp_ws/install/isaacsim/share/isaacsim/launch/run_isaacsim.launch.py
-- Up-to-date: /home/home/sdl_cutamp_ws/install/isaacsim/lib/isaacsim/run_isaacsim.py
-- Up-to-date: /home/home/sdl_cutamp_ws/install/isaacsim/lib/isaacsim/open_isaacsim_stage.py
-- Up-to-date: /home/home/sdl_cutamp_ws/install/isaacsim/share/ament_index/resource_index/package_run_dependencies/isaacsim
-- Up-to-date: /home/home/sdl_cutamp_ws/install/isaacsim/share/ament_index/resource_index/parent_prefix_path/isaacsim
-- Up-to-date: /home/home/sdl_cutamp_ws/install/isaacsim/share/isaacsim/environment/ament_prefix_path.sh
-- Up-to-date: /home/home/sdl_cutamp_ws/install/isaacsim/share/isaacsim/environment/ament_prefix_path.dsv
-- Up-to-date: /home/home/sdl_cutamp_ws/install/isaacsim/share/isaacsim/environment/path.sh
-- Up-to-date: /home/home/sdl_cutamp_ws/install/isaacsim/share/isaacsim/environment/path.dsv
-- Up-to-date: /home/home/sdl_cutamp_ws/install/isaacsim/share/isaacsim/local_setup.bash
-- Up-to-date: /home/home/sdl_cutamp_ws/install/isaacsim/share/isaacsim/local_setup.sh
-- Up-to-date: /home/home/sdl_cutamp_ws/install/isaacsim/share/isaacsim/local_setup.zsh
-- Up-to-date: /home/home/sdl_cutamp_ws/install/isaacsim/share/isaacsim/local_setup.dsv
-- Installing: /home/home/sdl_cutamp_ws/install/isaacsim/share/isaacsim/package.dsv
-- Up-to-date: /home/home/sdl_cutamp_ws/install/isaacsim/share/ament_index/resource_index/packages/isaacsim
-- Up-to-date: /home/home/sdl_cutamp_ws/install/isaacsim/share/isaacsim/cmake/isaacsimConfig.cmake
-- Up-to-date: /home/home/sdl_cutamp_ws/install/isaacsim/share/isaacsim/cmake/isaacsimConfig-version.cmake
-- Up-to-date: /home/home/sdl_cutamp_ws/install/isaacsim/share/isaacsim/package.xml
