[0.006s] Invoking command in '/home/home/sdl_cutamp_ws/build/isaacsim': CMAKE_PREFIX_PATH=${CMAKE_PREFIX_PATH}:/opt/ros/humble /usr/bin/cmake /home/home/sdl_cutamp_ws/src/isaacsim -DCMAKE_INSTALL_PREFIX=/home/home/sdl_cutamp_ws/install/isaacsim
[0.028s] -- The C compiler identification is GNU 11.4.0
[0.049s] -- The CXX compiler identification is GNU 11.4.0
[0.052s] -- Detecting C compiler ABI info
[0.076s] -- Detecting C compiler ABI info - done
[0.079s] -- Check for working C compiler: /usr/bin/cc - skipped
[0.080s] -- Detecting C compile features
[0.080s] -- Detecting C compile features - done
[0.081s] -- Detecting CXX compiler ABI info
[0.109s] -- Detecting CXX compiler ABI info - done
[0.112s] -- Check for working CXX compiler: /usr/bin/c++ - skipped
[0.113s] -- Detecting CXX compile features
[0.113s] -- Detecting CXX compile features - done
[0.114s] -- Found ament_cmake: 1.3.12 (/opt/ros/humble/share/ament_cmake/cmake)
[0.175s] -- Found Python3: /usr/bin/python3 (found version "3.10.12") found components: Interpreter 
[0.210s] -- Found rclpy: 3.3.17 (/opt/ros/humble/share/rclpy/cmake)
[0.235s] -- Configuring done
[0.236s] -- Generating done
[0.237s] -- Build files have been written to: /home/home/sdl_cutamp_ws/build/isaacsim
[0.240s] Invoked command in '/home/home/sdl_cutamp_ws/build/isaacsim' returned '0': CMAKE_PREFIX_PATH=${CMAKE_PREFIX_PATH}:/opt/ros/humble /usr/bin/cmake /home/home/sdl_cutamp_ws/src/isaacsim -DCMAKE_INSTALL_PREFIX=/home/home/sdl_cutamp_ws/install/isaacsim
[0.240s] Invoking command in '/home/home/sdl_cutamp_ws/build/isaacsim': CMAKE_PREFIX_PATH=${CMAKE_PREFIX_PATH}:/opt/ros/humble /usr/bin/cmake --build /home/home/sdl_cutamp_ws/build/isaacsim -- -j16 -l16
[0.253s] Invoked command in '/home/home/sdl_cutamp_ws/build/isaacsim' returned '0': CMAKE_PREFIX_PATH=${CMAKE_PREFIX_PATH}:/opt/ros/humble /usr/bin/cmake --build /home/home/sdl_cutamp_ws/build/isaacsim -- -j16 -l16
[0.257s] Invoking command in '/home/home/sdl_cutamp_ws/build/isaacsim': CMAKE_PREFIX_PATH=${CMAKE_PREFIX_PATH}:/opt/ros/humble /usr/bin/cmake --install /home/home/sdl_cutamp_ws/build/isaacsim
[0.259s] -- Install configuration: ""
[0.259s] -- Installing: /home/home/sdl_cutamp_ws/install/isaacsim/share/isaacsim/scripts
[0.259s] -- Installing: /home/home/sdl_cutamp_ws/install/isaacsim/share/isaacsim/scripts/open_isaacsim_stage.py
[0.259s] -- Installing: /home/home/sdl_cutamp_ws/install/isaacsim/share/isaacsim/scripts/run_isaacsim.py
[0.259s] -- Installing: /home/home/sdl_cutamp_ws/install/isaacsim/share/isaacsim/launch
[0.259s] -- Installing: /home/home/sdl_cutamp_ws/install/isaacsim/share/isaacsim/launch/run_isaacsim.launch.py
[0.259s] -- Installing: /home/home/sdl_cutamp_ws/install/isaacsim/lib/isaacsim/run_isaacsim.py
[0.260s] -- Installing: /home/home/sdl_cutamp_ws/install/isaacsim/lib/isaacsim/open_isaacsim_stage.py
[0.260s] -- Installing: /home/home/sdl_cutamp_ws/install/isaacsim/share/ament_index/resource_index/package_run_dependencies/isaacsim
[0.260s] -- Installing: /home/home/sdl_cutamp_ws/install/isaacsim/share/ament_index/resource_index/parent_prefix_path/isaacsim
[0.260s] -- Installing: /home/home/sdl_cutamp_ws/install/isaacsim/share/isaacsim/environment/ament_prefix_path.sh
[0.260s] -- Installing: /home/home/sdl_cutamp_ws/install/isaacsim/share/isaacsim/environment/ament_prefix_path.dsv
[0.260s] -- Installing: /home/home/sdl_cutamp_ws/install/isaacsim/share/isaacsim/environment/path.sh
[0.260s] -- Installing: /home/home/sdl_cutamp_ws/install/isaacsim/share/isaacsim/environment/path.dsv
[0.260s] -- Installing: /home/home/sdl_cutamp_ws/install/isaacsim/share/isaacsim/local_setup.bash
[0.260s] -- Installing: /home/home/sdl_cutamp_ws/install/isaacsim/share/isaacsim/local_setup.sh
[0.260s] -- Installing: /home/home/sdl_cutamp_ws/install/isaacsim/share/isaacsim/local_setup.zsh
[0.260s] -- Installing: /home/home/sdl_cutamp_ws/install/isaacsim/share/isaacsim/local_setup.dsv
[0.260s] -- Installing: /home/home/sdl_cutamp_ws/install/isaacsim/share/isaacsim/package.dsv
[0.260s] -- Installing: /home/home/sdl_cutamp_ws/install/isaacsim/share/ament_index/resource_index/packages/isaacsim
[0.260s] -- Installing: /home/home/sdl_cutamp_ws/install/isaacsim/share/isaacsim/cmake/isaacsimConfig.cmake
[0.260s] -- Installing: /home/home/sdl_cutamp_ws/install/isaacsim/share/isaacsim/cmake/isaacsimConfig-version.cmake
[0.260s] -- Installing: /home/home/sdl_cutamp_ws/install/isaacsim/share/isaacsim/package.xml
[0.261s] Invoked command in '/home/home/sdl_cutamp_ws/build/isaacsim' returned '0': CMAKE_PREFIX_PATH=${CMAKE_PREFIX_PATH}:/opt/ros/humble /usr/bin/cmake --install /home/home/sdl_cutamp_ws/build/isaacsim
