[  1%] Built target tamp_interfaces__cpp
[ 12%] Built target tamp_interfaces__rosidl_generator_c
[ 12%] Built target ament_cmake_python_copy_tamp_interfaces
[ 23%] Built target tamp_interfaces__rosidl_typesupport_cpp
[ 34%] Built target tamp_interfaces__rosidl_typesupport_introspection_c
[ 45%] Built target tamp_interfaces__rosidl_typesupport_introspection_cpp
[ 56%] Built target tamp_interfaces__rosidl_typesupport_c
[ 67%] Built target tamp_interfaces__rosidl_typesupport_fastrtps_cpp
[ 78%] Built target tamp_interfaces__rosidl_typesupport_fastrtps_c
[ 78%] Built target tamp_interfaces
[ 80%] Built target tamp_interfaces__py
[ 89%] Built target tamp_interfaces__rosidl_generator_py
[ 92%] Built target tamp_interfaces__rosidl_typesupport_fastrtps_c__pyext
[ 96%] Built target tamp_interfaces__rosidl_typesupport_introspection_c__pyext
[100%] Built target tamp_interfaces__rosidl_typesupport_c__pyext
running egg_info
writing tamp_interfaces.egg-info/PKG-INFO
writing dependency_links to tamp_interfaces.egg-info/dependency_links.txt
writing top-level names to tamp_interfaces.egg-info/top_level.txt
reading manifest file 'tamp_interfaces.egg-info/SOURCES.txt'
writing manifest file 'tamp_interfaces.egg-info/SOURCES.txt'
[100%] Built target ament_cmake_python_build_tamp_interfaces_egg
-- Install configuration: ""
-- Up-to-date: /home/home/sdl_cutamp_ws/install/tamp_interfaces/share/ament_index/resource_index/rosidl_interfaces/tamp_interfaces
-- Up-to-date: /home/home/sdl_cutamp_ws/install/tamp_interfaces/include/tamp_interfaces/tamp_interfaces
-- Up-to-date: /home/home/sdl_cutamp_ws/install/tamp_interfaces/include/tamp_interfaces/tamp_interfaces/srv
-- Up-to-date: /home/home/sdl_cutamp_ws/install/tamp_interfaces/include/tamp_interfaces/tamp_interfaces/srv/execute.h
-- Up-to-date: /home/home/sdl_cutamp_ws/install/tamp_interfaces/include/tamp_interfaces/tamp_interfaces/srv/set_tamp_env.h
-- Up-to-date: /home/home/sdl_cutamp_ws/install/tamp_interfaces/include/tamp_interfaces/tamp_interfaces/srv/plan.h
-- Up-to-date: /home/home/sdl_cutamp_ws/install/tamp_interfaces/include/tamp_interfaces/tamp_interfaces/srv/detail
-- Up-to-date: /home/home/sdl_cutamp_ws/install/tamp_interfaces/include/tamp_interfaces/tamp_interfaces/srv/detail/set_tamp_env__struct.h
-- Up-to-date: /home/home/sdl_cutamp_ws/install/tamp_interfaces/include/tamp_interfaces/tamp_interfaces/srv/detail/execute__functions.c
-- Up-to-date: /home/home/sdl_cutamp_ws/install/tamp_interfaces/include/tamp_interfaces/tamp_interfaces/srv/detail/execute__type_support.h
-- Up-to-date: /home/home/sdl_cutamp_ws/install/tamp_interfaces/include/tamp_interfaces/tamp_interfaces/srv/detail/set_tamp_env__functions.h
-- Up-to-date: /home/home/sdl_cutamp_ws/install/tamp_interfaces/include/tamp_interfaces/tamp_interfaces/srv/detail/plan__functions.c
-- Up-to-date: /home/home/sdl_cutamp_ws/install/tamp_interfaces/include/tamp_interfaces/tamp_interfaces/srv/detail/set_tamp_env__functions.c
-- Up-to-date: /home/home/sdl_cutamp_ws/install/tamp_interfaces/include/tamp_interfaces/tamp_interfaces/srv/detail/execute__functions.h
-- Up-to-date: /home/home/sdl_cutamp_ws/install/tamp_interfaces/include/tamp_interfaces/tamp_interfaces/srv/detail/plan__type_support.h
-- Up-to-date: /home/home/sdl_cutamp_ws/install/tamp_interfaces/include/tamp_interfaces/tamp_interfaces/srv/detail/execute__struct.h
-- Up-to-date: /home/home/sdl_cutamp_ws/install/tamp_interfaces/include/tamp_interfaces/tamp_interfaces/srv/detail/plan__struct.h
-- Up-to-date: /home/home/sdl_cutamp_ws/install/tamp_interfaces/include/tamp_interfaces/tamp_interfaces/srv/detail/plan__functions.h
-- Up-to-date: /home/home/sdl_cutamp_ws/install/tamp_interfaces/include/tamp_interfaces/tamp_interfaces/srv/detail/set_tamp_env__type_support.h
-- Up-to-date: /home/home/sdl_cutamp_ws/install/tamp_interfaces/include/tamp_interfaces/tamp_interfaces/msg
-- Up-to-date: /home/home/sdl_cutamp_ws/install/tamp_interfaces/include/tamp_interfaces/tamp_interfaces/msg/rosidl_generator_c__visibility_control.h
-- Up-to-date: /home/home/sdl_cutamp_ws/install/tamp_interfaces/include/tamp_interfaces/tamp_interfaces/msg/plan_step.h
-- Up-to-date: /home/home/sdl_cutamp_ws/install/tamp_interfaces/include/tamp_interfaces/tamp_interfaces/msg/detail
-- Up-to-date: /home/home/sdl_cutamp_ws/install/tamp_interfaces/include/tamp_interfaces/tamp_interfaces/msg/detail/plan_step__functions.h
-- Up-to-date: /home/home/sdl_cutamp_ws/install/tamp_interfaces/include/tamp_interfaces/tamp_interfaces/msg/detail/plan_step__functions.c
-- Up-to-date: /home/home/sdl_cutamp_ws/install/tamp_interfaces/include/tamp_interfaces/tamp_interfaces/msg/detail/plan_step__struct.h
-- Up-to-date: /home/home/sdl_cutamp_ws/install/tamp_interfaces/include/tamp_interfaces/tamp_interfaces/msg/detail/plan_step__type_support.h
-- Up-to-date: /home/home/sdl_cutamp_ws/install/tamp_interfaces/share/tamp_interfaces/environment/library_path.sh
-- Up-to-date: /home/home/sdl_cutamp_ws/install/tamp_interfaces/share/tamp_interfaces/environment/library_path.dsv
-- Up-to-date: /home/home/sdl_cutamp_ws/install/tamp_interfaces/lib/libtamp_interfaces__rosidl_generator_c.so
-- Up-to-date: /home/home/sdl_cutamp_ws/install/tamp_interfaces/include/tamp_interfaces/tamp_interfaces
-- Up-to-date: /home/home/sdl_cutamp_ws/install/tamp_interfaces/include/tamp_interfaces/tamp_interfaces/srv
-- Up-to-date: /home/home/sdl_cutamp_ws/install/tamp_interfaces/include/tamp_interfaces/tamp_interfaces/srv/detail
-- Up-to-date: /home/home/sdl_cutamp_ws/install/tamp_interfaces/include/tamp_interfaces/tamp_interfaces/srv/detail/set_tamp_env__rosidl_typesupport_fastrtps_c.h
-- Up-to-date: /home/home/sdl_cutamp_ws/install/tamp_interfaces/include/tamp_interfaces/tamp_interfaces/srv/detail/execute__rosidl_typesupport_fastrtps_c.h
-- Up-to-date: /home/home/sdl_cutamp_ws/install/tamp_interfaces/include/tamp_interfaces/tamp_interfaces/srv/detail/plan__rosidl_typesupport_fastrtps_c.h
-- Up-to-date: /home/home/sdl_cutamp_ws/install/tamp_interfaces/include/tamp_interfaces/tamp_interfaces/msg
-- Up-to-date: /home/home/sdl_cutamp_ws/install/tamp_interfaces/include/tamp_interfaces/tamp_interfaces/msg/rosidl_typesupport_fastrtps_c__visibility_control.h
-- Up-to-date: /home/home/sdl_cutamp_ws/install/tamp_interfaces/include/tamp_interfaces/tamp_interfaces/msg/detail
-- Up-to-date: /home/home/sdl_cutamp_ws/install/tamp_interfaces/include/tamp_interfaces/tamp_interfaces/msg/detail/plan_step__rosidl_typesupport_fastrtps_c.h
-- Up-to-date: /home/home/sdl_cutamp_ws/install/tamp_interfaces/lib/libtamp_interfaces__rosidl_typesupport_fastrtps_c.so
-- Up-to-date: /home/home/sdl_cutamp_ws/install/tamp_interfaces/include/tamp_interfaces/tamp_interfaces
-- Up-to-date: /home/home/sdl_cutamp_ws/install/tamp_interfaces/include/tamp_interfaces/tamp_interfaces/srv
-- Up-to-date: /home/home/sdl_cutamp_ws/install/tamp_interfaces/include/tamp_interfaces/tamp_interfaces/srv/set_tamp_env.hpp
-- Up-to-date: /home/home/sdl_cutamp_ws/install/tamp_interfaces/include/tamp_interfaces/tamp_interfaces/srv/execute.hpp
-- Up-to-date: /home/home/sdl_cutamp_ws/install/tamp_interfaces/include/tamp_interfaces/tamp_interfaces/srv/plan.hpp
-- Up-to-date: /home/home/sdl_cutamp_ws/install/tamp_interfaces/include/tamp_interfaces/tamp_interfaces/srv/detail
-- Up-to-date: /home/home/sdl_cutamp_ws/install/tamp_interfaces/include/tamp_interfaces/tamp_interfaces/srv/detail/set_tamp_env__struct.hpp
-- Up-to-date: /home/home/sdl_cutamp_ws/install/tamp_interfaces/include/tamp_interfaces/tamp_interfaces/srv/detail/plan__builder.hpp
-- Up-to-date: /home/home/sdl_cutamp_ws/install/tamp_interfaces/include/tamp_interfaces/tamp_interfaces/srv/detail/execute__type_support.hpp
-- Up-to-date: /home/home/sdl_cutamp_ws/install/tamp_interfaces/include/tamp_interfaces/tamp_interfaces/srv/detail/execute__builder.hpp
-- Up-to-date: /home/home/sdl_cutamp_ws/install/tamp_interfaces/include/tamp_interfaces/tamp_interfaces/srv/detail/execute__traits.hpp
-- Up-to-date: /home/home/sdl_cutamp_ws/install/tamp_interfaces/include/tamp_interfaces/tamp_interfaces/srv/detail/plan__struct.hpp
-- Up-to-date: /home/home/sdl_cutamp_ws/install/tamp_interfaces/include/tamp_interfaces/tamp_interfaces/srv/detail/set_tamp_env__builder.hpp
-- Up-to-date: /home/home/sdl_cutamp_ws/install/tamp_interfaces/include/tamp_interfaces/tamp_interfaces/srv/detail/plan__type_support.hpp
-- Up-to-date: /home/home/sdl_cutamp_ws/install/tamp_interfaces/include/tamp_interfaces/tamp_interfaces/srv/detail/set_tamp_env__type_support.hpp
-- Up-to-date: /home/home/sdl_cutamp_ws/install/tamp_interfaces/include/tamp_interfaces/tamp_interfaces/srv/detail/set_tamp_env__traits.hpp
-- Up-to-date: /home/home/sdl_cutamp_ws/install/tamp_interfaces/include/tamp_interfaces/tamp_interfaces/srv/detail/execute__struct.hpp
-- Up-to-date: /home/home/sdl_cutamp_ws/install/tamp_interfaces/include/tamp_interfaces/tamp_interfaces/srv/detail/plan__traits.hpp
-- Up-to-date: /home/home/sdl_cutamp_ws/install/tamp_interfaces/include/tamp_interfaces/tamp_interfaces/msg
-- Up-to-date: /home/home/sdl_cutamp_ws/install/tamp_interfaces/include/tamp_interfaces/tamp_interfaces/msg/rosidl_generator_cpp__visibility_control.hpp
-- Up-to-date: /home/home/sdl_cutamp_ws/install/tamp_interfaces/include/tamp_interfaces/tamp_interfaces/msg/detail
-- Up-to-date: /home/home/sdl_cutamp_ws/install/tamp_interfaces/include/tamp_interfaces/tamp_interfaces/msg/detail/plan_step__traits.hpp
-- Up-to-date: /home/home/sdl_cutamp_ws/install/tamp_interfaces/include/tamp_interfaces/tamp_interfaces/msg/detail/plan_step__builder.hpp
-- Up-to-date: /home/home/sdl_cutamp_ws/install/tamp_interfaces/include/tamp_interfaces/tamp_interfaces/msg/detail/plan_step__type_support.hpp
-- Up-to-date: /home/home/sdl_cutamp_ws/install/tamp_interfaces/include/tamp_interfaces/tamp_interfaces/msg/detail/plan_step__struct.hpp
-- Up-to-date: /home/home/sdl_cutamp_ws/install/tamp_interfaces/include/tamp_interfaces/tamp_interfaces/msg/plan_step.hpp
-- Up-to-date: /home/home/sdl_cutamp_ws/install/tamp_interfaces/include/tamp_interfaces/tamp_interfaces
-- Up-to-date: /home/home/sdl_cutamp_ws/install/tamp_interfaces/include/tamp_interfaces/tamp_interfaces/srv
-- Up-to-date: /home/home/sdl_cutamp_ws/install/tamp_interfaces/include/tamp_interfaces/tamp_interfaces/srv/detail
-- Up-to-date: /home/home/sdl_cutamp_ws/install/tamp_interfaces/include/tamp_interfaces/tamp_interfaces/srv/detail/plan__rosidl_typesupport_fastrtps_cpp.hpp
-- Up-to-date: /home/home/sdl_cutamp_ws/install/tamp_interfaces/include/tamp_interfaces/tamp_interfaces/srv/detail/execute__rosidl_typesupport_fastrtps_cpp.hpp
-- Up-to-date: /home/home/sdl_cutamp_ws/install/tamp_interfaces/include/tamp_interfaces/tamp_interfaces/srv/detail/dds_fastrtps
-- Up-to-date: /home/home/sdl_cutamp_ws/install/tamp_interfaces/include/tamp_interfaces/tamp_interfaces/srv/detail/set_tamp_env__rosidl_typesupport_fastrtps_cpp.hpp
-- Up-to-date: /home/home/sdl_cutamp_ws/install/tamp_interfaces/include/tamp_interfaces/tamp_interfaces/msg
-- Up-to-date: /home/home/sdl_cutamp_ws/install/tamp_interfaces/include/tamp_interfaces/tamp_interfaces/msg/detail
-- Up-to-date: /home/home/sdl_cutamp_ws/install/tamp_interfaces/include/tamp_interfaces/tamp_interfaces/msg/detail/plan_step__rosidl_typesupport_fastrtps_cpp.hpp
-- Up-to-date: /home/home/sdl_cutamp_ws/install/tamp_interfaces/include/tamp_interfaces/tamp_interfaces/msg/detail/dds_fastrtps
-- Up-to-date: /home/home/sdl_cutamp_ws/install/tamp_interfaces/include/tamp_interfaces/tamp_interfaces/msg/rosidl_typesupport_fastrtps_cpp__visibility_control.h
-- Up-to-date: /home/home/sdl_cutamp_ws/install/tamp_interfaces/lib/libtamp_interfaces__rosidl_typesupport_fastrtps_cpp.so
-- Up-to-date: /home/home/sdl_cutamp_ws/install/tamp_interfaces/include/tamp_interfaces/tamp_interfaces
-- Up-to-date: /home/home/sdl_cutamp_ws/install/tamp_interfaces/include/tamp_interfaces/tamp_interfaces/srv
-- Up-to-date: /home/home/sdl_cutamp_ws/install/tamp_interfaces/include/tamp_interfaces/tamp_interfaces/srv/detail
-- Up-to-date: /home/home/sdl_cutamp_ws/install/tamp_interfaces/include/tamp_interfaces/tamp_interfaces/srv/detail/set_tamp_env__rosidl_typesupport_introspection_c.h
-- Up-to-date: /home/home/sdl_cutamp_ws/install/tamp_interfaces/include/tamp_interfaces/tamp_interfaces/srv/detail/plan__rosidl_typesupport_introspection_c.h
-- Up-to-date: /home/home/sdl_cutamp_ws/install/tamp_interfaces/include/tamp_interfaces/tamp_interfaces/srv/detail/plan__type_support.c
-- Up-to-date: /home/home/sdl_cutamp_ws/install/tamp_interfaces/include/tamp_interfaces/tamp_interfaces/srv/detail/set_tamp_env__type_support.c
-- Up-to-date: /home/home/sdl_cutamp_ws/install/tamp_interfaces/include/tamp_interfaces/tamp_interfaces/srv/detail/execute__type_support.c
-- Up-to-date: /home/home/sdl_cutamp_ws/install/tamp_interfaces/include/tamp_interfaces/tamp_interfaces/srv/detail/execute__rosidl_typesupport_introspection_c.h
-- Up-to-date: /home/home/sdl_cutamp_ws/install/tamp_interfaces/include/tamp_interfaces/tamp_interfaces/msg
-- Up-to-date: /home/home/sdl_cutamp_ws/install/tamp_interfaces/include/tamp_interfaces/tamp_interfaces/msg/rosidl_typesupport_introspection_c__visibility_control.h
-- Up-to-date: /home/home/sdl_cutamp_ws/install/tamp_interfaces/include/tamp_interfaces/tamp_interfaces/msg/detail
-- Up-to-date: /home/home/sdl_cutamp_ws/install/tamp_interfaces/include/tamp_interfaces/tamp_interfaces/msg/detail/plan_step__type_support.c
-- Up-to-date: /home/home/sdl_cutamp_ws/install/tamp_interfaces/include/tamp_interfaces/tamp_interfaces/msg/detail/plan_step__rosidl_typesupport_introspection_c.h
-- Up-to-date: /home/home/sdl_cutamp_ws/install/tamp_interfaces/lib/libtamp_interfaces__rosidl_typesupport_introspection_c.so
-- Up-to-date: /home/home/sdl_cutamp_ws/install/tamp_interfaces/lib/libtamp_interfaces__rosidl_typesupport_c.so
-- Up-to-date: /home/home/sdl_cutamp_ws/install/tamp_interfaces/include/tamp_interfaces/tamp_interfaces
-- Up-to-date: /home/home/sdl_cutamp_ws/install/tamp_interfaces/include/tamp_interfaces/tamp_interfaces/srv
-- Up-to-date: /home/home/sdl_cutamp_ws/install/tamp_interfaces/include/tamp_interfaces/tamp_interfaces/srv/detail
-- Up-to-date: /home/home/sdl_cutamp_ws/install/tamp_interfaces/include/tamp_interfaces/tamp_interfaces/srv/detail/execute__rosidl_typesupport_introspection_cpp.hpp
-- Up-to-date: /home/home/sdl_cutamp_ws/install/tamp_interfaces/include/tamp_interfaces/tamp_interfaces/srv/detail/plan__type_support.cpp
-- Up-to-date: /home/home/sdl_cutamp_ws/install/tamp_interfaces/include/tamp_interfaces/tamp_interfaces/srv/detail/plan__rosidl_typesupport_introspection_cpp.hpp
-- Up-to-date: /home/home/sdl_cutamp_ws/install/tamp_interfaces/include/tamp_interfaces/tamp_interfaces/srv/detail/execute__type_support.cpp
-- Up-to-date: /home/home/sdl_cutamp_ws/install/tamp_interfaces/include/tamp_interfaces/tamp_interfaces/srv/detail/set_tamp_env__type_support.cpp
-- Up-to-date: /home/home/sdl_cutamp_ws/install/tamp_interfaces/include/tamp_interfaces/tamp_interfaces/srv/detail/set_tamp_env__rosidl_typesupport_introspection_cpp.hpp
-- Up-to-date: /home/home/sdl_cutamp_ws/install/tamp_interfaces/include/tamp_interfaces/tamp_interfaces/msg
-- Up-to-date: /home/home/sdl_cutamp_ws/install/tamp_interfaces/include/tamp_interfaces/tamp_interfaces/msg/detail
-- Up-to-date: /home/home/sdl_cutamp_ws/install/tamp_interfaces/include/tamp_interfaces/tamp_interfaces/msg/detail/plan_step__type_support.cpp
-- Up-to-date: /home/home/sdl_cutamp_ws/install/tamp_interfaces/include/tamp_interfaces/tamp_interfaces/msg/detail/plan_step__rosidl_typesupport_introspection_cpp.hpp
-- Up-to-date: /home/home/sdl_cutamp_ws/install/tamp_interfaces/lib/libtamp_interfaces__rosidl_typesupport_introspection_cpp.so
-- Up-to-date: /home/home/sdl_cutamp_ws/install/tamp_interfaces/lib/libtamp_interfaces__rosidl_typesupport_cpp.so
-- Up-to-date: /home/home/sdl_cutamp_ws/install/tamp_interfaces/share/tamp_interfaces/environment/pythonpath.sh
-- Up-to-date: /home/home/sdl_cutamp_ws/install/tamp_interfaces/share/tamp_interfaces/environment/pythonpath.dsv
-- Up-to-date: /home/home/sdl_cutamp_ws/install/tamp_interfaces/local/lib/python3.10/dist-packages/tamp_interfaces-0.0.0-py3.10.egg-info
-- Installing: /home/home/sdl_cutamp_ws/install/tamp_interfaces/local/lib/python3.10/dist-packages/tamp_interfaces-0.0.0-py3.10.egg-info/top_level.txt
-- Installing: /home/home/sdl_cutamp_ws/install/tamp_interfaces/local/lib/python3.10/dist-packages/tamp_interfaces-0.0.0-py3.10.egg-info/SOURCES.txt
-- Installing: /home/home/sdl_cutamp_ws/install/tamp_interfaces/local/lib/python3.10/dist-packages/tamp_interfaces-0.0.0-py3.10.egg-info/PKG-INFO
-- Installing: /home/home/sdl_cutamp_ws/install/tamp_interfaces/local/lib/python3.10/dist-packages/tamp_interfaces-0.0.0-py3.10.egg-info/dependency_links.txt
-- Up-to-date: /home/home/sdl_cutamp_ws/install/tamp_interfaces/local/lib/python3.10/dist-packages/tamp_interfaces
-- Up-to-date: /home/home/sdl_cutamp_ws/install/tamp_interfaces/local/lib/python3.10/dist-packages/tamp_interfaces/tamp_interfaces_s__rosidl_typesupport_fastrtps_c.cpython-310-x86_64-linux-gnu.so
-- Up-to-date: /home/home/sdl_cutamp_ws/install/tamp_interfaces/local/lib/python3.10/dist-packages/tamp_interfaces/tamp_interfaces_s__rosidl_typesupport_introspection_c.cpython-310-x86_64-linux-gnu.so
-- Up-to-date: /home/home/sdl_cutamp_ws/install/tamp_interfaces/local/lib/python3.10/dist-packages/tamp_interfaces/_tamp_interfaces_s.ep.rosidl_typesupport_c.c
-- Up-to-date: /home/home/sdl_cutamp_ws/install/tamp_interfaces/local/lib/python3.10/dist-packages/tamp_interfaces/_tamp_interfaces_s.ep.rosidl_typesupport_introspection_c.c
-- Up-to-date: /home/home/sdl_cutamp_ws/install/tamp_interfaces/local/lib/python3.10/dist-packages/tamp_interfaces/__init__.py
-- Up-to-date: /home/home/sdl_cutamp_ws/install/tamp_interfaces/local/lib/python3.10/dist-packages/tamp_interfaces/_tamp_interfaces_s.ep.rosidl_typesupport_fastrtps_c.c
-- Up-to-date: /home/home/sdl_cutamp_ws/install/tamp_interfaces/local/lib/python3.10/dist-packages/tamp_interfaces/libtamp_interfaces__rosidl_generator_py.so
-- Up-to-date: /home/home/sdl_cutamp_ws/install/tamp_interfaces/local/lib/python3.10/dist-packages/tamp_interfaces/srv
-- Up-to-date: /home/home/sdl_cutamp_ws/install/tamp_interfaces/local/lib/python3.10/dist-packages/tamp_interfaces/srv/_plan.py
-- Up-to-date: /home/home/sdl_cutamp_ws/install/tamp_interfaces/local/lib/python3.10/dist-packages/tamp_interfaces/srv/_execute.py
-- Up-to-date: /home/home/sdl_cutamp_ws/install/tamp_interfaces/local/lib/python3.10/dist-packages/tamp_interfaces/srv/_set_tamp_env_s.c
-- Up-to-date: /home/home/sdl_cutamp_ws/install/tamp_interfaces/local/lib/python3.10/dist-packages/tamp_interfaces/srv/__init__.py
-- Up-to-date: /home/home/sdl_cutamp_ws/install/tamp_interfaces/local/lib/python3.10/dist-packages/tamp_interfaces/srv/_plan_s.c
-- Up-to-date: /home/home/sdl_cutamp_ws/install/tamp_interfaces/local/lib/python3.10/dist-packages/tamp_interfaces/srv/_execute_s.c
-- Up-to-date: /home/home/sdl_cutamp_ws/install/tamp_interfaces/local/lib/python3.10/dist-packages/tamp_interfaces/srv/_set_tamp_env.py
-- Up-to-date: /home/home/sdl_cutamp_ws/install/tamp_interfaces/local/lib/python3.10/dist-packages/tamp_interfaces/msg
-- Up-to-date: /home/home/sdl_cutamp_ws/install/tamp_interfaces/local/lib/python3.10/dist-packages/tamp_interfaces/msg/_plan_step_s.c
-- Up-to-date: /home/home/sdl_cutamp_ws/install/tamp_interfaces/local/lib/python3.10/dist-packages/tamp_interfaces/msg/__init__.py
-- Up-to-date: /home/home/sdl_cutamp_ws/install/tamp_interfaces/local/lib/python3.10/dist-packages/tamp_interfaces/msg/_plan_step.py
-- Up-to-date: /home/home/sdl_cutamp_ws/install/tamp_interfaces/local/lib/python3.10/dist-packages/tamp_interfaces/tamp_interfaces_s__rosidl_typesupport_c.cpython-310-x86_64-linux-gnu.so
Listing '/home/home/sdl_cutamp_ws/install/tamp_interfaces/local/lib/python3.10/dist-packages/tamp_interfaces'...
Listing '/home/home/sdl_cutamp_ws/install/tamp_interfaces/local/lib/python3.10/dist-packages/tamp_interfaces/msg'...
Listing '/home/home/sdl_cutamp_ws/install/tamp_interfaces/local/lib/python3.10/dist-packages/tamp_interfaces/srv'...
-- Up-to-date: /home/home/sdl_cutamp_ws/install/tamp_interfaces/local/lib/python3.10/dist-packages/tamp_interfaces/tamp_interfaces_s__rosidl_typesupport_fastrtps_c.cpython-310-x86_64-linux-gnu.so
-- Up-to-date: /home/home/sdl_cutamp_ws/install/tamp_interfaces/local/lib/python3.10/dist-packages/tamp_interfaces/tamp_interfaces_s__rosidl_typesupport_introspection_c.cpython-310-x86_64-linux-gnu.so
-- Up-to-date: /home/home/sdl_cutamp_ws/install/tamp_interfaces/local/lib/python3.10/dist-packages/tamp_interfaces/tamp_interfaces_s__rosidl_typesupport_c.cpython-310-x86_64-linux-gnu.so
-- Up-to-date: /home/home/sdl_cutamp_ws/install/tamp_interfaces/lib/libtamp_interfaces__rosidl_generator_py.so
-- Up-to-date: /home/home/sdl_cutamp_ws/install/tamp_interfaces/share/tamp_interfaces/msg/PlanStep.idl
-- Up-to-date: /home/home/sdl_cutamp_ws/install/tamp_interfaces/share/tamp_interfaces/srv/Plan.idl
-- Up-to-date: /home/home/sdl_cutamp_ws/install/tamp_interfaces/share/tamp_interfaces/srv/Execute.idl
-- Up-to-date: /home/home/sdl_cutamp_ws/install/tamp_interfaces/share/tamp_interfaces/srv/SetTampEnv.idl
-- Up-to-date: /home/home/sdl_cutamp_ws/install/tamp_interfaces/share/tamp_interfaces/msg/PlanStep.msg
-- Up-to-date: /home/home/sdl_cutamp_ws/install/tamp_interfaces/share/tamp_interfaces/srv/Plan.srv
-- Up-to-date: /home/home/sdl_cutamp_ws/install/tamp_interfaces/share/tamp_interfaces/srv/Plan_Request.msg
-- Up-to-date: /home/home/sdl_cutamp_ws/install/tamp_interfaces/share/tamp_interfaces/srv/Plan_Response.msg
-- Up-to-date: /home/home/sdl_cutamp_ws/install/tamp_interfaces/share/tamp_interfaces/srv/Execute.srv
-- Up-to-date: /home/home/sdl_cutamp_ws/install/tamp_interfaces/share/tamp_interfaces/srv/Execute_Request.msg
-- Up-to-date: /home/home/sdl_cutamp_ws/install/tamp_interfaces/share/tamp_interfaces/srv/Execute_Response.msg
-- Up-to-date: /home/home/sdl_cutamp_ws/install/tamp_interfaces/share/tamp_interfaces/srv/SetTampEnv.srv
-- Up-to-date: /home/home/sdl_cutamp_ws/install/tamp_interfaces/share/tamp_interfaces/srv/SetTampEnv_Request.msg
-- Up-to-date: /home/home/sdl_cutamp_ws/install/tamp_interfaces/share/tamp_interfaces/srv/SetTampEnv_Response.msg
-- Up-to-date: /home/home/sdl_cutamp_ws/install/tamp_interfaces/share/ament_index/resource_index/package_run_dependencies/tamp_interfaces
-- Up-to-date: /home/home/sdl_cutamp_ws/install/tamp_interfaces/share/ament_index/resource_index/parent_prefix_path/tamp_interfaces
-- Up-to-date: /home/home/sdl_cutamp_ws/install/tamp_interfaces/share/tamp_interfaces/environment/ament_prefix_path.sh
-- Up-to-date: /home/home/sdl_cutamp_ws/install/tamp_interfaces/share/tamp_interfaces/environment/ament_prefix_path.dsv
-- Up-to-date: /home/home/sdl_cutamp_ws/install/tamp_interfaces/share/tamp_interfaces/environment/path.sh
-- Up-to-date: /home/home/sdl_cutamp_ws/install/tamp_interfaces/share/tamp_interfaces/environment/path.dsv
-- Up-to-date: /home/home/sdl_cutamp_ws/install/tamp_interfaces/share/tamp_interfaces/local_setup.bash
-- Up-to-date: /home/home/sdl_cutamp_ws/install/tamp_interfaces/share/tamp_interfaces/local_setup.sh
-- Up-to-date: /home/home/sdl_cutamp_ws/install/tamp_interfaces/share/tamp_interfaces/local_setup.zsh
-- Up-to-date: /home/home/sdl_cutamp_ws/install/tamp_interfaces/share/tamp_interfaces/local_setup.dsv
-- Installing: /home/home/sdl_cutamp_ws/install/tamp_interfaces/share/tamp_interfaces/package.dsv
-- Up-to-date: /home/home/sdl_cutamp_ws/install/tamp_interfaces/share/ament_index/resource_index/packages/tamp_interfaces
-- Up-to-date: /home/home/sdl_cutamp_ws/install/tamp_interfaces/share/tamp_interfaces/cmake/export_tamp_interfaces__rosidl_generator_cExport.cmake
-- Up-to-date: /home/home/sdl_cutamp_ws/install/tamp_interfaces/share/tamp_interfaces/cmake/export_tamp_interfaces__rosidl_generator_cExport-noconfig.cmake
-- Up-to-date: /home/home/sdl_cutamp_ws/install/tamp_interfaces/share/tamp_interfaces/cmake/export_tamp_interfaces__rosidl_typesupport_fastrtps_cExport.cmake
-- Up-to-date: /home/home/sdl_cutamp_ws/install/tamp_interfaces/share/tamp_interfaces/cmake/export_tamp_interfaces__rosidl_typesupport_fastrtps_cExport-noconfig.cmake
-- Up-to-date: /home/home/sdl_cutamp_ws/install/tamp_interfaces/share/tamp_interfaces/cmake/export_tamp_interfaces__rosidl_generator_cppExport.cmake
-- Up-to-date: /home/home/sdl_cutamp_ws/install/tamp_interfaces/share/tamp_interfaces/cmake/export_tamp_interfaces__rosidl_typesupport_fastrtps_cppExport.cmake
-- Up-to-date: /home/home/sdl_cutamp_ws/install/tamp_interfaces/share/tamp_interfaces/cmake/export_tamp_interfaces__rosidl_typesupport_fastrtps_cppExport-noconfig.cmake
-- Up-to-date: /home/home/sdl_cutamp_ws/install/tamp_interfaces/share/tamp_interfaces/cmake/tamp_interfaces__rosidl_typesupport_introspection_cExport.cmake
-- Up-to-date: /home/home/sdl_cutamp_ws/install/tamp_interfaces/share/tamp_interfaces/cmake/tamp_interfaces__rosidl_typesupport_introspection_cExport-noconfig.cmake
-- Up-to-date: /home/home/sdl_cutamp_ws/install/tamp_interfaces/share/tamp_interfaces/cmake/tamp_interfaces__rosidl_typesupport_cExport.cmake
-- Up-to-date: /home/home/sdl_cutamp_ws/install/tamp_interfaces/share/tamp_interfaces/cmake/tamp_interfaces__rosidl_typesupport_cExport-noconfig.cmake
-- Up-to-date: /home/home/sdl_cutamp_ws/install/tamp_interfaces/share/tamp_interfaces/cmake/tamp_interfaces__rosidl_typesupport_introspection_cppExport.cmake
-- Up-to-date: /home/home/sdl_cutamp_ws/install/tamp_interfaces/share/tamp_interfaces/cmake/tamp_interfaces__rosidl_typesupport_introspection_cppExport-noconfig.cmake
-- Up-to-date: /home/home/sdl_cutamp_ws/install/tamp_interfaces/share/tamp_interfaces/cmake/tamp_interfaces__rosidl_typesupport_cppExport.cmake
-- Up-to-date: /home/home/sdl_cutamp_ws/install/tamp_interfaces/share/tamp_interfaces/cmake/tamp_interfaces__rosidl_typesupport_cppExport-noconfig.cmake
-- Up-to-date: /home/home/sdl_cutamp_ws/install/tamp_interfaces/share/tamp_interfaces/cmake/export_tamp_interfaces__rosidl_generator_pyExport.cmake
-- Up-to-date: /home/home/sdl_cutamp_ws/install/tamp_interfaces/share/tamp_interfaces/cmake/export_tamp_interfaces__rosidl_generator_pyExport-noconfig.cmake
-- Up-to-date: /home/home/sdl_cutamp_ws/install/tamp_interfaces/share/tamp_interfaces/cmake/rosidl_cmake-extras.cmake
-- Up-to-date: /home/home/sdl_cutamp_ws/install/tamp_interfaces/share/tamp_interfaces/cmake/ament_cmake_export_dependencies-extras.cmake
-- Up-to-date: /home/home/sdl_cutamp_ws/install/tamp_interfaces/share/tamp_interfaces/cmake/ament_cmake_export_include_directories-extras.cmake
-- Up-to-date: /home/home/sdl_cutamp_ws/install/tamp_interfaces/share/tamp_interfaces/cmake/ament_cmake_export_libraries-extras.cmake
-- Up-to-date: /home/home/sdl_cutamp_ws/install/tamp_interfaces/share/tamp_interfaces/cmake/ament_cmake_export_targets-extras.cmake
-- Up-to-date: /home/home/sdl_cutamp_ws/install/tamp_interfaces/share/tamp_interfaces/cmake/rosidl_cmake_export_typesupport_targets-extras.cmake
-- Up-to-date: /home/home/sdl_cutamp_ws/install/tamp_interfaces/share/tamp_interfaces/cmake/rosidl_cmake_export_typesupport_libraries-extras.cmake
-- Up-to-date: /home/home/sdl_cutamp_ws/install/tamp_interfaces/share/tamp_interfaces/cmake/tamp_interfacesConfig.cmake
-- Up-to-date: /home/home/sdl_cutamp_ws/install/tamp_interfaces/share/tamp_interfaces/cmake/tamp_interfacesConfig-version.cmake
-- Up-to-date: /home/home/sdl_cutamp_ws/install/tamp_interfaces/share/tamp_interfaces/package.xml
